hello from Python 3.7.11 in /home/nitai/miniconda3/envs/SimQA-code/bin/python
running train_mle.py experiments
2021-10-13 18:02:10,305 INFO Running on device=`cuda` (device_id=0)
2021-10-13 18:02:14,133 INFO Start training loop and validate every 1000 steps...
2021-10-13 18:02:14,133 INFO Loading dataset from data/v3/processed/SimQA.train.0.pt
2021-10-13 18:02:14,562 INFO number of examples: 3029
2021-10-13 18:02:43,989 INFO Step 100/10000; acc:  36.59; ppl:  7.10; xent: 1.96; lr: 0.00100; 16651/11144 tok/s;     30 sec
2021-10-13 18:02:51,612 INFO Loading dataset from data/v3/processed/SimQA.train.0.pt
2021-10-13 18:02:52,132 INFO number of examples: 3029
2021-10-13 18:03:13,460 INFO Step 200/10000; acc:  51.36; ppl:  3.91; xent: 1.36; lr: 0.00100; 16886/11288 tok/s;     59 sec
2021-10-13 18:03:28,755 INFO Loading dataset from data/v3/processed/SimQA.train.0.pt
2021-10-13 18:03:29,179 INFO number of examples: 3029
2021-10-13 18:03:42,707 INFO Step 300/10000; acc:  53.40; ppl:  3.63; xent: 1.29; lr: 0.00100; 17032/11291 tok/s;     89 sec
2021-10-13 18:04:05,828 INFO Loading dataset from data/v3/processed/SimQA.train.0.pt
2021-10-13 18:04:06,262 INFO number of examples: 3029
2021-10-13 18:04:11,999 INFO Step 400/10000; acc:  53.92; ppl:  3.54; xent: 1.26; lr: 0.00100; 17090/11445 tok/s;    118 sec
2021-10-13 18:04:40,710 INFO Step 500/10000; acc:  54.40; ppl:  3.48; xent: 1.25; lr: 0.00100; 17249/11532 tok/s;    147 sec
2021-10-13 18:04:42,961 INFO Loading dataset from data/v3/processed/SimQA.train.0.pt
2021-10-13 18:04:43,388 INFO number of examples: 3029
2021-10-13 18:05:10,252 INFO Step 600/10000; acc:  54.84; ppl:  3.44; xent: 1.23; lr: 0.00100; 16862/11305 tok/s;    176 sec
2021-10-13 18:05:20,130 INFO Loading dataset from data/v3/processed/SimQA.train.0.pt
2021-10-13 18:05:20,648 INFO number of examples: 3029
2021-10-13 18:05:39,768 INFO Step 700/10000; acc:  54.90; ppl:  3.42; xent: 1.23; lr: 0.00100; 16867/11255 tok/s;    206 sec
2021-10-13 18:05:57,314 INFO Loading dataset from data/v3/processed/SimQA.train.0.pt
2021-10-13 18:05:57,741 INFO number of examples: 3029
2021-10-13 18:06:09,212 INFO Step 800/10000; acc:  55.19; ppl:  3.39; xent: 1.22; lr: 0.00100; 17035/11292 tok/s;    235 sec
2021-10-13 18:06:34,416 INFO Loading dataset from data/v3/processed/SimQA.train.0.pt
2021-10-13 18:06:34,845 INFO number of examples: 3029
2021-10-13 18:06:38,115 INFO Step 900/10000; acc:  55.18; ppl:  3.38; xent: 1.22; lr: 0.00100; 17157/11508 tok/s;    264 sec
2021-10-13 18:07:07,041 INFO Step 1000/10000; acc:  55.51; ppl:  3.35; xent: 1.21; lr: 0.00100; 17154/11499 tok/s;    293 sec
2021-10-13 18:07:07,043 INFO MLE pre-trained model validation:
2021-10-13 18:07:07,044 INFO Loading dataset from data/v3/processed/SimQA.valid.0.pt
2021-10-13 18:07:07,122 INFO number of examples: 534
/home/nitai/miniconda3/envs/SimQA-code/lib/python3.7/site-packages/onmt/translate/beam_search.py:209: UserWarning: An output with one or more elements was resized since it had shape [480], which does not match the required output shape [16, 30].This behavior is deprecated, and in a future PyTorch release outputs will not be resized unless they have zero elements. You can explicitly reuse an out tensor t by resizing it, inplace, to zero elements with t.resize_(0). (Triggered internally at  /pytorch/aten/src/ATen/native/Resize.cpp:23.)
  torch.mul(self.topk_scores, length_penalty, out=self.topk_log_probs)
/home/nitai/miniconda3/envs/SimQA-code/lib/python3.7/site-packages/torch/_tensor.py:575: UserWarning: floor_divide is deprecated, and will be removed in a future version of pytorch. It currently rounds toward 0 (like the 'trunc' function NOT 'floor'). This results in incorrect rounding for negative values.
To keep the current behavior, use torch.div(a, b, rounding_mode='trunc'), or for actual floor division, use torch.div(a, b, rounding_mode='floor'). (Triggered internally at  /pytorch/aten/src/ATen/native/BinaryOps.cpp:467.)
  return torch.floor_divide(self, other)
/home/nitai/miniconda3/envs/SimQA-code/lib/python3.7/site-packages/onmt/translate/beam_search.py:209: UserWarning: An output with one or more elements was resized since it had shape [180], which does not match the required output shape [6, 30].This behavior is deprecated, and in a future PyTorch release outputs will not be resized unless they have zero elements. You can explicitly reuse an out tensor t by resizing it, inplace, to zero elements with t.resize_(0). (Triggered internally at  /pytorch/aten/src/ATen/native/Resize.cpp:23.)
  torch.mul(self.topk_scores, length_penalty, out=self.topk_log_probs)
2021-10-13 18:09:00,597 INFO Validation metrics: Bleu: 0.1779,Correct answers 0.0074, State transitions score: 0.0000
2021-10-13 18:09:00,599 INFO Validation perplexity: 3.39551
2021-10-13 18:09:00,599 INFO Validation accuracy: 54.7544
2021-10-13 18:09:00,621 INFO Saving checkpoint /home/nitai/SimQA/checkpoints/MLE/v3/baseline_step_1000.pt
2021-10-13 18:09:05,648 INFO Loading dataset from data/v3/processed/SimQA.train.0.pt
2021-10-13 18:09:06,073 INFO number of examples: 3029
2021-10-13 18:09:30,631 INFO Step 1100/10000; acc:  55.62; ppl:  3.34; xent: 1.21; lr: 0.00100; 3469/2320 tok/s;    436 sec
2021-10-13 18:09:42,718 INFO Loading dataset from data/v3/processed/SimQA.train.0.pt
2021-10-13 18:09:43,245 INFO number of examples: 3029
2021-10-13 18:10:00,028 INFO Step 1200/10000; acc:  55.73; ppl:  3.33; xent: 1.20; lr: 0.00100; 16954/11289 tok/s;    466 sec
2021-10-13 18:10:19,861 INFO Loading dataset from data/v3/processed/SimQA.train.0.pt
2021-10-13 18:10:20,273 INFO number of examples: 3029
2021-10-13 18:10:29,419 INFO Step 1300/10000; acc:  55.97; ppl:  3.31; xent: 1.20; lr: 0.00100; 17067/11326 tok/s;    495 sec
2021-10-13 18:10:56,927 INFO Loading dataset from data/v3/processed/SimQA.train.0.pt
2021-10-13 18:10:57,352 INFO number of examples: 3029
2021-10-13 18:10:58,273 INFO Step 1400/10000; acc:  56.02; ppl:  3.30; xent: 1.20; lr: 0.00100; 17163/11521 tok/s;    524 sec
2021-10-13 18:11:27,289 INFO Step 1500/10000; acc:  56.38; ppl:  3.27; xent: 1.19; lr: 0.00100; 17143/11476 tok/s;    553 sec
2021-10-13 18:11:33,997 INFO Loading dataset from data/v3/processed/SimQA.train.0.pt
2021-10-13 18:11:34,431 INFO number of examples: 3029
2021-10-13 18:11:56,610 INFO Step 1600/10000; acc:  56.49; ppl:  3.27; xent: 1.18; lr: 0.00100; 16953/11310 tok/s;    582 sec
2021-10-13 18:12:11,077 INFO Loading dataset from data/v3/processed/SimQA.train.0.pt
2021-10-13 18:12:11,504 INFO number of examples: 3029
2021-10-13 18:12:25,975 INFO Step 1700/10000; acc:  56.53; ppl:  3.26; xent: 1.18; lr: 0.00100; 16984/11296 tok/s;    612 sec
2021-10-13 18:12:48,143 INFO Loading dataset from data/v3/processed/SimQA.train.0.pt
2021-10-13 18:12:48,641 INFO number of examples: 3029
2021-10-13 18:12:55,400 INFO Step 1800/10000; acc:  56.63; ppl:  3.25; xent: 1.18; lr: 0.00100; 17009/11353 tok/s;    641 sec
2021-10-13 18:13:23,842 INFO Step 1900/10000; acc:  56.98; ppl:  3.22; xent: 1.17; lr: 0.00100; 17405/11653 tok/s;    670 sec
2021-10-13 18:13:25,279 INFO Loading dataset from data/v3/processed/SimQA.train.0.pt
2021-10-13 18:13:25,704 INFO number of examples: 3029
2021-10-13 18:13:53,332 INFO Step 2000/10000; acc:  57.29; ppl:  3.20; xent: 1.16; lr: 0.00100; 16872/11305 tok/s;    699 sec
2021-10-13 18:13:53,333 INFO MLE pre-trained model validation:
2021-10-13 18:13:53,335 INFO Loading dataset from data/v3/processed/SimQA.valid.0.pt
2021-10-13 18:13:53,413 INFO number of examples: 534
2021-10-13 18:15:35,683 INFO Validation metrics: Bleu: 0.1995,Correct answers 0.0055, State transitions score: 0.0000
2021-10-13 18:15:35,685 INFO Validation perplexity: 3.37551
2021-10-13 18:15:35,685 INFO Validation accuracy: 54.9558
2021-10-13 18:15:35,708 INFO Saving checkpoint /home/nitai/SimQA/checkpoints/MLE/v3/baseline_step_2000.pt
2021-10-13 18:15:45,272 INFO Loading dataset from data/v3/processed/SimQA.train.0.pt
2021-10-13 18:15:45,808 INFO number of examples: 3029
2021-10-13 18:16:05,762 INFO Step 2100/10000; acc:  57.34; ppl:  3.19; xent: 1.16; lr: 0.00100; 3764/2508 tok/s;    832 sec
2021-10-13 18:16:22,454 INFO Loading dataset from data/v3/processed/SimQA.train.0.pt
2021-10-13 18:16:22,872 INFO number of examples: 3029
2021-10-13 18:16:35,000 INFO Step 2200/10000; acc:  57.57; ppl:  3.18; xent: 1.16; lr: 0.00100; 17026/11288 tok/s;    861 sec
2021-10-13 18:16:59,513 INFO Loading dataset from data/v3/processed/SimQA.train.0.pt
2021-10-13 18:16:59,936 INFO number of examples: 3029
2021-10-13 18:17:04,161 INFO Step 2300/10000; acc:  57.69; ppl:  3.17; xent: 1.15; lr: 0.00100; 17145/11490 tok/s;    890 sec
2021-10-13 18:17:32,950 INFO Step 2400/10000; acc:  58.06; ppl:  3.14; xent: 1.14; lr: 0.00100; 17224/11534 tok/s;    919 sec
2021-10-13 18:17:36,589 INFO Loading dataset from data/v3/processed/SimQA.train.0.pt
2021-10-13 18:17:37,008 INFO number of examples: 3029
2021-10-13 18:18:02,346 INFO Step 2500/10000; acc:  58.35; ppl:  3.12; xent: 1.14; lr: 0.00100; 16928/11356 tok/s;    948 sec
2021-10-13 18:18:13,640 INFO Loading dataset from data/v3/processed/SimQA.train.0.pt
2021-10-13 18:18:14,050 INFO number of examples: 3029
2021-10-13 18:18:31,726 INFO Step 2600/10000; acc:  58.49; ppl:  3.10; xent: 1.13; lr: 0.00100; 16962/11291 tok/s;    978 sec
2021-10-13 18:18:50,695 INFO Loading dataset from data/v3/processed/SimQA.train.0.pt
2021-10-13 18:18:51,212 INFO number of examples: 3029
2021-10-13 18:19:01,220 INFO Step 2700/10000; acc:  58.76; ppl:  3.09; xent: 1.13; lr: 0.00100; 16998/11279 tok/s;   1007 sec
2021-10-13 18:19:27,840 INFO Loading dataset from data/v3/processed/SimQA.train.0.pt
2021-10-13 18:19:28,251 INFO number of examples: 3029
2021-10-13 18:19:30,074 INFO Step 2800/10000; acc:  58.91; ppl:  3.08; xent: 1.12; lr: 0.00100; 17196/11545 tok/s;   1036 sec
2021-10-13 18:19:59,036 INFO Step 2900/10000; acc:  59.32; ppl:  3.05; xent: 1.11; lr: 0.00100; 17147/11488 tok/s;   1065 sec
2021-10-13 18:20:04,907 INFO Loading dataset from data/v3/processed/SimQA.train.0.pt
2021-10-13 18:20:05,343 INFO number of examples: 3029
2021-10-13 18:20:28,378 INFO Step 3000/10000; acc:  59.62; ppl:  3.02; xent: 1.11; lr: 0.00100; 16941/11322 tok/s;   1094 sec
2021-10-13 18:20:28,379 INFO MLE pre-trained model validation:
2021-10-13 18:20:28,381 INFO Loading dataset from data/v3/processed/SimQA.valid.0.pt
2021-10-13 18:20:28,453 INFO number of examples: 534
2021-10-13 18:22:11,137 INFO Validation metrics: Bleu: 0.2180,Correct answers 0.0055, State transitions score: 0.0003
2021-10-13 18:22:11,138 INFO Validation perplexity: 3.41286
2021-10-13 18:22:11,138 INFO Validation accuracy: 55.304
2021-10-13 18:22:11,162 INFO Saving checkpoint /home/nitai/SimQA/checkpoints/MLE/v3/baseline_step_3000.pt
2021-10-13 18:22:25,313 INFO Loading dataset from data/v3/processed/SimQA.train.0.pt
2021-10-13 18:22:25,846 INFO number of examples: 3029
2021-10-13 18:22:41,230 INFO Step 3100/10000; acc:  59.80; ppl:  3.01; xent: 1.10; lr: 0.00100; 3757/2496 tok/s;   1227 sec
2021-10-13 18:23:02,497 INFO Loading dataset from data/v3/processed/SimQA.train.0.pt
2021-10-13 18:23:02,927 INFO number of examples: 3029
2021-10-13 18:23:10,671 INFO Step 3200/10000; acc:  60.01; ppl:  3.00; xent: 1.10; lr: 0.00100; 17008/11337 tok/s;   1257 sec
2021-10-13 18:23:38,977 INFO Step 3300/10000; acc:  60.32; ppl:  2.98; xent: 1.09; lr: 0.00100; 17484/11707 tok/s;   1285 sec
2021-10-13 18:23:39,560 INFO Loading dataset from data/v3/processed/SimQA.train.0.pt
2021-10-13 18:23:39,977 INFO number of examples: 3029
2021-10-13 18:24:08,443 INFO Step 3400/10000; acc:  60.81; ppl:  2.94; xent: 1.08; lr: 0.00100; 16869/11314 tok/s;   1314 sec
2021-10-13 18:24:16,617 INFO Loading dataset from data/v3/processed/SimQA.train.0.pt
2021-10-13 18:24:17,052 INFO number of examples: 3029
2021-10-13 18:24:37,814 INFO Step 3500/10000; acc:  61.01; ppl:  2.93; xent: 1.07; lr: 0.00100; 16964/11298 tok/s;   1344 sec
2021-10-13 18:24:53,693 INFO Loading dataset from data/v3/processed/SimQA.train.0.pt
2021-10-13 18:24:54,211 INFO number of examples: 3029
2021-10-13 18:25:07,187 INFO Step 3600/10000; acc:  61.28; ppl:  2.91; xent: 1.07; lr: 0.00100; 16957/11260 tok/s;   1373 sec
2021-10-13 18:25:30,843 INFO Loading dataset from data/v3/processed/SimQA.train.0.pt
2021-10-13 18:25:31,271 INFO number of examples: 3029
2021-10-13 18:25:36,378 INFO Step 3700/10000; acc:  61.50; ppl:  2.90; xent: 1.06; lr: 0.00100; 17140/11460 tok/s;   1402 sec
2021-10-13 18:26:05,102 INFO Step 3800/10000; acc:  62.06; ppl:  2.86; xent: 1.05; lr: 0.00100; 17259/11554 tok/s;   1431 sec
2021-10-13 18:26:07,916 INFO Loading dataset from data/v3/processed/SimQA.train.0.pt
2021-10-13 18:26:08,343 INFO number of examples: 3029
2021-10-13 18:26:34,592 INFO Step 3900/10000; acc:  62.29; ppl:  2.84; xent: 1.04; lr: 0.00100; 16884/11313 tok/s;   1460 sec
2021-10-13 18:26:44,985 INFO Loading dataset from data/v3/processed/SimQA.train.0.pt
2021-10-13 18:26:45,401 INFO number of examples: 3029
2021-10-13 18:27:03,946 INFO Step 4000/10000; acc:  62.51; ppl:  2.82; xent: 1.04; lr: 0.00100; 16971/11299 tok/s;   1490 sec
2021-10-13 18:27:03,947 INFO MLE pre-trained model validation:
2021-10-13 18:27:03,948 INFO Loading dataset from data/v3/processed/SimQA.valid.0.pt
2021-10-13 18:27:04,025 INFO number of examples: 534
2021-10-13 18:28:20,327 INFO Validation metrics: Bleu: 0.1301,Correct answers 0.0074, State transitions score: 0.0017
2021-10-13 18:28:20,328 INFO Validation perplexity: 3.50818
2021-10-13 18:28:20,329 INFO Validation accuracy: 55.7656
2021-10-13 18:28:20,352 INFO Saving checkpoint /home/nitai/SimQA/checkpoints/MLE/v3/baseline_step_4000.pt
2021-10-13 18:28:38,982 INFO Loading dataset from data/v3/processed/SimQA.train.0.pt
2021-10-13 18:28:39,516 INFO number of examples: 3029
2021-10-13 18:28:50,367 INFO Step 4100/10000; acc:  62.79; ppl:  2.80; xent: 1.03; lr: 0.00100; 4715/3129 tok/s;   1596 sec
2021-10-13 18:29:16,063 INFO Loading dataset from data/v3/processed/SimQA.train.0.pt
2021-10-13 18:29:33,400 INFO number of examples: 3029
2021-10-13 18:29:36,078 INFO Step 4200/10000; acc:  63.03; ppl:  2.79; xent: 1.02; lr: 0.00100; 10841/7283 tok/s;   1642 sec
2021-10-13 18:30:05,003 INFO Step 4300/10000; acc:  63.55; ppl:  2.75; xent: 1.01; lr: 0.00100; 17170/11504 tok/s;   1671 sec
2021-10-13 18:30:09,973 INFO Loading dataset from data/v3/processed/SimQA.train.0.pt
2021-10-13 18:30:10,383 INFO number of examples: 3029
2021-10-13 18:30:34,287 INFO Step 4400/10000; acc:  63.91; ppl:  2.73; xent: 1.00; lr: 0.00100; 16985/11367 tok/s;   1700 sec
2021-10-13 18:30:46,996 INFO Loading dataset from data/v3/processed/SimQA.train.0.pt
2021-10-13 18:30:47,426 INFO number of examples: 3029
2021-10-13 18:31:03,675 INFO Step 4500/10000; acc:  63.94; ppl:  2.72; xent: 1.00; lr: 0.00100; 16962/11269 tok/s;   1730 sec
2021-10-13 18:31:24,062 INFO Loading dataset from data/v3/processed/SimQA.train.0.pt
2021-10-13 18:31:24,484 INFO number of examples: 3029
2021-10-13 18:31:33,058 INFO Step 4600/10000; acc:  64.51; ppl:  2.69; xent: 0.99; lr: 0.00100; 17058/11365 tok/s;   1759 sec
2021-10-13 18:32:01,144 INFO Loading dataset from data/v3/processed/SimQA.train.0.pt
2021-10-13 18:32:01,650 INFO number of examples: 3029
2021-10-13 18:32:01,968 INFO Step 4700/10000; acc:  64.81; ppl:  2.67; xent: 0.98; lr: 0.00100; 17124/11459 tok/s;   1788 sec
2021-10-13 18:32:31,060 INFO Step 4800/10000; acc:  65.16; ppl:  2.64; xent: 0.97; lr: 0.00100; 17100/11447 tok/s;   1817 sec
2021-10-13 18:32:38,379 INFO Loading dataset from data/v3/processed/SimQA.train.0.pt
2021-10-13 18:32:38,807 INFO number of examples: 3029
2021-10-13 18:33:00,488 INFO Step 4900/10000; acc:  65.44; ppl:  2.62; xent: 0.96; lr: 0.00100; 16911/11302 tok/s;   1846 sec
2021-10-13 18:33:15,496 INFO Loading dataset from data/v3/processed/SimQA.train.0.pt
2021-10-13 18:33:15,947 INFO number of examples: 3029
2021-10-13 18:33:29,776 INFO Step 5000/10000; acc:  65.83; ppl:  2.60; xent: 0.95; lr: 0.00100; 17020/11296 tok/s;   1876 sec
2021-10-13 18:33:29,777 INFO MLE pre-trained model validation:
2021-10-13 18:33:29,778 INFO Loading dataset from data/v3/processed/SimQA.valid.0.pt
2021-10-13 18:33:29,850 INFO number of examples: 534
2021-10-13 18:34:54,710 INFO Validation metrics: Bleu: 0.2072,Correct answers 0.0055, State transitions score: 0.0029
2021-10-13 18:34:54,712 INFO Validation perplexity: 3.764
2021-10-13 18:34:54,712 INFO Validation accuracy: 55.4854
2021-10-13 18:34:54,735 INFO Saving checkpoint /home/nitai/SimQA/checkpoints/MLE/v3/baseline_step_5000.pt
2021-10-13 18:35:18,101 INFO Loading dataset from data/v3/processed/SimQA.train.0.pt
2021-10-13 18:35:18,630 INFO number of examples: 3029
2021-10-13 18:35:24,656 INFO Step 5100/10000; acc:  65.92; ppl:  2.59; xent: 0.95; lr: 0.00100; 4356/2913 tok/s;   1991 sec
2021-10-13 18:35:53,300 INFO Step 5200/10000; acc:  66.43; ppl:  2.56; xent: 0.94; lr: 0.00100; 17291/11551 tok/s;   2019 sec
2021-10-13 18:35:55,286 INFO Loading dataset from data/v3/processed/SimQA.train.0.pt
2021-10-13 18:35:55,718 INFO number of examples: 3029
2021-10-13 18:36:22,787 INFO Step 5300/10000; acc:  66.62; ppl:  2.54; xent: 0.93; lr: 0.00100; 16890/11322 tok/s;   2049 sec
2021-10-13 18:36:32,361 INFO Loading dataset from data/v3/processed/SimQA.train.0.pt
2021-10-13 18:36:32,773 INFO number of examples: 3029
2021-10-13 18:36:52,183 INFO Step 5400/10000; acc:  66.87; ppl:  2.52; xent: 0.93; lr: 0.00100; 16942/11296 tok/s;   2078 sec
2021-10-13 18:37:09,432 INFO Loading dataset from data/v3/processed/SimQA.train.0.pt
2021-10-13 18:37:09,862 INFO number of examples: 3029
2021-10-13 18:37:21,600 INFO Step 5500/10000; acc:  67.30; ppl:  2.50; xent: 0.91; lr: 0.00100; 17050/11324 tok/s;   2107 sec
2021-10-13 18:37:46,507 INFO Loading dataset from data/v3/processed/SimQA.train.0.pt
2021-10-13 18:37:46,928 INFO number of examples: 3029
2021-10-13 18:37:50,472 INFO Step 5600/10000; acc:  67.46; ppl:  2.49; xent: 0.91; lr: 0.00100; 17173/11512 tok/s;   2136 sec
2021-10-13 18:38:19,354 INFO Step 5700/10000; acc:  68.05; ppl:  2.45; xent: 0.90; lr: 0.00100; 17180/11503 tok/s;   2165 sec
2021-10-13 18:38:23,572 INFO Loading dataset from data/v3/processed/SimQA.train.0.pt
2021-10-13 18:38:24,074 INFO number of examples: 3029
2021-10-13 18:38:48,904 INFO Step 5800/10000; acc:  68.12; ppl:  2.44; xent: 0.89; lr: 0.00100; 16852/11283 tok/s;   2195 sec
2021-10-13 18:39:00,721 INFO Loading dataset from data/v3/processed/SimQA.train.0.pt
2021-10-13 18:39:01,156 INFO number of examples: 3029
2021-10-13 18:39:18,245 INFO Step 5900/10000; acc:  68.45; ppl:  2.42; xent: 0.88; lr: 0.00100; 16987/11295 tok/s;   2224 sec
2021-10-13 18:39:37,795 INFO Loading dataset from data/v3/processed/SimQA.train.0.pt
2021-10-13 18:39:38,211 INFO number of examples: 3029
2021-10-13 18:39:47,600 INFO Step 6000/10000; acc:  68.89; ppl:  2.40; xent: 0.87; lr: 0.00100; 17077/11349 tok/s;   2253 sec
2021-10-13 18:39:47,602 INFO MLE pre-trained model validation:
2021-10-13 18:39:47,603 INFO Loading dataset from data/v3/processed/SimQA.valid.0.pt
2021-10-13 18:39:47,675 INFO number of examples: 534
2021-10-13 18:41:22,484 INFO Validation metrics: Bleu: 0.2874,Correct answers 0.0074, State transitions score: 0.0002
2021-10-13 18:41:22,486 INFO Validation perplexity: 4.02747
2021-10-13 18:41:22,486 INFO Validation accuracy: 55.4361
2021-10-13 18:41:22,509 INFO Saving checkpoint /home/nitai/SimQA/checkpoints/MLE/v3/baseline_step_6000.pt
2021-10-13 18:41:50,318 INFO Loading dataset from data/v3/processed/SimQA.train.0.pt
2021-10-13 18:41:50,856 INFO number of examples: 3029
2021-10-13 18:41:52,074 INFO Step 6100/10000; acc:  68.92; ppl:  2.39; xent: 0.87; lr: 0.00100; 3979/2673 tok/s;   2378 sec
2021-10-13 18:42:21,122 INFO Step 6200/10000; acc:  69.48; ppl:  2.36; xent: 0.86; lr: 0.00100; 17127/11470 tok/s;   2407 sec
2021-10-13 18:42:27,511 INFO Loading dataset from data/v3/processed/SimQA.train.0.pt
2021-10-13 18:42:27,936 INFO number of examples: 3029
2021-10-13 18:42:50,385 INFO Step 6300/10000; acc:  69.63; ppl:  2.34; xent: 0.85; lr: 0.00100; 16984/11326 tok/s;   2436 sec
2021-10-13 18:43:04,570 INFO Loading dataset from data/v3/processed/SimQA.train.0.pt
2021-10-13 18:43:04,984 INFO number of examples: 3029
2021-10-13 18:43:19,744 INFO Step 6400/10000; acc:  69.89; ppl:  2.33; xent: 0.85; lr: 0.00100; 16981/11302 tok/s;   2466 sec
2021-10-13 18:43:41,633 INFO Loading dataset from data/v3/processed/SimQA.train.0.pt
2021-10-13 18:43:42,075 INFO number of examples: 3029
2021-10-13 18:43:49,152 INFO Step 6500/10000; acc:  70.25; ppl:  2.31; xent: 0.84; lr: 0.00100; 17022/11360 tok/s;   2495 sec
2021-10-13 18:44:17,576 INFO Step 6600/10000; acc:  70.45; ppl:  2.29; xent: 0.83; lr: 0.00100; 17425/11660 tok/s;   2523 sec
2021-10-13 18:44:18,721 INFO Loading dataset from data/v3/processed/SimQA.train.0.pt
2021-10-13 18:44:19,136 INFO number of examples: 3029
2021-10-13 18:44:47,080 INFO Step 6700/10000; acc:  70.67; ppl:  2.28; xent: 0.82; lr: 0.00100; 16859/11296 tok/s;   2553 sec
2021-10-13 18:44:55,797 INFO Loading dataset from data/v3/processed/SimQA.train.0.pt
2021-10-13 18:44:56,323 INFO number of examples: 3029
2021-10-13 18:45:16,525 INFO Step 6800/10000; acc:  70.90; ppl:  2.27; xent: 0.82; lr: 0.00100; 16919/11284 tok/s;   2582 sec
2021-10-13 18:45:32,975 INFO Loading dataset from data/v3/processed/SimQA.train.0.pt
2021-10-13 18:45:33,395 INFO number of examples: 3029
2021-10-13 18:45:45,825 INFO Step 6900/10000; acc:  71.27; ppl:  2.24; xent: 0.81; lr: 0.00100; 16992/11253 tok/s;   2612 sec
2021-10-13 18:46:10,058 INFO Loading dataset from data/v3/processed/SimQA.train.0.pt
2021-10-13 18:46:10,475 INFO number of examples: 3029
2021-10-13 18:46:14,946 INFO Step 7000/10000; acc:  71.18; ppl:  2.24; xent: 0.81; lr: 0.00100; 17168/11510 tok/s;   2641 sec
2021-10-13 18:46:14,947 INFO MLE pre-trained model validation:
2021-10-13 18:46:14,948 INFO Loading dataset from data/v3/processed/SimQA.valid.0.pt
2021-10-13 18:46:15,021 INFO number of examples: 534
2021-10-13 18:47:46,465 INFO Validation metrics: Bleu: 0.2707,Correct answers 0.0129, State transitions score: 0.0012
2021-10-13 18:47:46,466 INFO Validation perplexity: 4.35561
2021-10-13 18:47:46,466 INFO Validation accuracy: 55.7362
2021-10-13 18:47:46,491 INFO Saving checkpoint /home/nitai/SimQA/checkpoints/MLE/v3/baseline_step_7000.pt
2021-10-13 18:48:15,863 INFO Step 7100/10000; acc:  71.67; ppl:  2.22; xent: 0.80; lr: 0.00100; 4106/2747 tok/s;   2762 sec
2021-10-13 18:48:19,227 INFO Loading dataset from data/v3/processed/SimQA.train.0.pt
2021-10-13 18:48:19,765 INFO number of examples: 3029
2021-10-13 18:48:45,403 INFO Step 7200/10000; acc:  72.02; ppl:  2.20; xent: 0.79; lr: 0.00100; 16835/11290 tok/s;   2791 sec
2021-10-13 18:48:56,431 INFO Loading dataset from data/v3/processed/SimQA.train.0.pt
2021-10-13 18:48:56,843 INFO number of examples: 3029
2021-10-13 18:49:14,863 INFO Step 7300/10000; acc:  72.32; ppl:  2.19; xent: 0.78; lr: 0.00100; 16921/11262 tok/s;   2821 sec
2021-10-13 18:49:33,526 INFO Loading dataset from data/v3/processed/SimQA.train.0.pt
2021-10-13 18:50:05,528 INFO number of examples: 3029
2021-10-13 18:50:15,639 INFO Step 7400/10000; acc:  72.44; ppl:  2.17; xent: 0.77; lr: 0.00100; 8250/5476 tok/s;   2882 sec
2021-10-13 18:50:41,378 INFO Loading dataset from data/v3/processed/SimQA.train.0.pt
2021-10-13 18:50:41,790 INFO number of examples: 3029
2021-10-13 18:50:43,846 INFO Step 7500/10000; acc:  72.69; ppl:  2.16; xent: 0.77; lr: 0.00100; 17586/11800 tok/s;   2910 sec
2021-10-13 18:51:12,218 INFO Step 7600/10000; acc:  72.98; ppl:  2.14; xent: 0.76; lr: 0.00100; 17492/11731 tok/s;   2938 sec
2021-10-13 18:51:17,696 INFO Loading dataset from data/v3/processed/SimQA.train.0.pt
2021-10-13 18:51:18,124 INFO number of examples: 3029
2021-10-13 18:51:41,001 INFO Step 7700/10000; acc:  73.18; ppl:  2.13; xent: 0.75; lr: 0.00100; 17277/11555 tok/s;   2967 sec
2021-10-13 18:51:54,069 INFO Loading dataset from data/v3/processed/SimQA.train.0.pt
2021-10-13 18:51:54,569 INFO number of examples: 3029
2021-10-13 18:52:09,957 INFO Step 7800/10000; acc:  73.62; ppl:  2.10; xent: 0.74; lr: 0.00100; 17239/11434 tok/s;   2996 sec
2021-10-13 18:52:30,581 INFO Loading dataset from data/v3/processed/SimQA.train.0.pt
2021-10-13 18:52:30,993 INFO number of examples: 3029
2021-10-13 18:52:38,844 INFO Step 7900/10000; acc:  73.78; ppl:  2.09; xent: 0.74; lr: 0.00100; 17331/11561 tok/s;   3025 sec
2021-10-13 18:53:06,665 INFO Step 8000/10000; acc:  74.10; ppl:  2.08; xent: 0.73; lr: 0.00100; 17806/11909 tok/s;   3053 sec
2021-10-13 18:53:06,667 INFO MLE pre-trained model validation:
2021-10-13 18:53:06,668 INFO Loading dataset from data/v3/processed/SimQA.valid.0.pt
2021-10-13 18:53:06,752 INFO number of examples: 534
2021-10-13 18:54:37,846 INFO Validation metrics: Bleu: 0.2812,Correct answers 0.0147, State transitions score: 0.0005
2021-10-13 18:54:37,848 INFO Validation perplexity: 4.83752
2021-10-13 18:54:37,848 INFO Validation accuracy: 55.9017
2021-10-13 18:54:37,872 INFO Saving checkpoint /home/nitai/SimQA/checkpoints/MLE/v3/baseline_step_8000.pt
2021-10-13 18:54:38,728 INFO Loading dataset from data/v3/processed/SimQA.train.0.pt
2021-10-13 18:54:39,256 INFO number of examples: 3029
2021-10-13 18:55:07,406 INFO Step 8100/10000; acc:  74.26; ppl:  2.07; xent: 0.73; lr: 0.00100; 4117/2760 tok/s;   3173 sec
2021-10-13 18:55:15,182 INFO Loading dataset from data/v3/processed/SimQA.train.0.pt
2021-10-13 18:55:15,602 INFO number of examples: 3029
2021-10-13 18:55:36,299 INFO Step 8200/10000; acc:  74.37; ppl:  2.06; xent: 0.72; lr: 0.00100; 17242/11497 tok/s;   3202 sec
2021-10-13 18:55:51,589 INFO Loading dataset from data/v3/processed/SimQA.train.0.pt
2021-10-13 18:55:52,016 INFO number of examples: 3029
2021-10-13 18:56:05,024 INFO Step 8300/10000; acc:  74.71; ppl:  2.04; xent: 0.71; lr: 0.00100; 17341/11510 tok/s;   3231 sec
2021-10-13 18:56:27,999 INFO Loading dataset from data/v3/processed/SimQA.train.0.pt
2021-10-13 18:56:28,425 INFO number of examples: 3029
2021-10-13 18:56:33,775 INFO Step 8400/10000; acc:  74.75; ppl:  2.04; xent: 0.71; lr: 0.00100; 17396/11646 tok/s;   3260 sec
2021-10-13 18:57:01,918 INFO Step 8500/10000; acc:  75.18; ppl:  2.01; xent: 0.70; lr: 0.00100; 17618/11777 tok/s;   3288 sec
2021-10-13 18:57:04,377 INFO Loading dataset from data/v3/processed/SimQA.train.0.pt
2021-10-13 18:57:04,806 INFO number of examples: 3029
2021-10-13 18:57:30,824 INFO Step 8600/10000; acc:  75.30; ppl:  2.01; xent: 0.70; lr: 0.00100; 17230/11549 tok/s;   3317 sec
2021-10-13 18:57:40,738 INFO Loading dataset from data/v3/processed/SimQA.train.0.pt
2021-10-13 18:57:41,241 INFO number of examples: 3029
2021-10-13 18:57:59,706 INFO Step 8700/10000; acc:  75.44; ppl:  2.00; xent: 0.69; lr: 0.00100; 17240/11488 tok/s;   3346 sec
2021-10-13 18:58:17,174 INFO Loading dataset from data/v3/processed/SimQA.train.0.pt
2021-10-13 18:58:17,607 INFO number of examples: 3029
2021-10-13 18:58:28,540 INFO Step 8800/10000; acc:  75.77; ppl:  1.98; xent: 0.68; lr: 0.00100; 17388/11546 tok/s;   3374 sec
2021-10-13 18:58:53,553 INFO Loading dataset from data/v3/processed/SimQA.train.0.pt
2021-10-13 18:58:53,978 INFO number of examples: 3029
2021-10-13 18:58:56,896 INFO Step 8900/10000; acc:  75.80; ppl:  1.98; xent: 0.68; lr: 0.00100; 17488/11733 tok/s;   3403 sec
2021-10-13 18:59:25,284 INFO Step 9000/10000; acc:  76.13; ppl:  1.96; xent: 0.67; lr: 0.00100; 17482/11719 tok/s;   3431 sec
2021-10-13 18:59:25,285 INFO MLE pre-trained model validation:
2021-10-13 18:59:25,286 INFO Loading dataset from data/v3/processed/SimQA.valid.0.pt
2021-10-13 18:59:25,360 INFO number of examples: 534
2021-10-13 19:00:52,861 INFO Validation metrics: Bleu: 0.2554,Correct answers 0.0110, State transitions score: 0.0003
2021-10-13 19:00:52,863 INFO Validation perplexity: 5.29471
2021-10-13 19:00:52,863 INFO Validation accuracy: 56.3072
2021-10-13 19:00:52,886 INFO Saving checkpoint /home/nitai/SimQA/checkpoints/MLE/v3/baseline_step_9000.pt
2021-10-13 19:00:58,056 INFO Loading dataset from data/v3/processed/SimQA.train.0.pt
2021-10-13 19:00:58,591 INFO number of examples: 3029
2021-10-13 19:01:22,401 INFO Step 9100/10000; acc:  76.38; ppl:  1.95; xent: 0.67; lr: 0.00100; 4252/2841 tok/s;   3548 sec
2021-10-13 19:01:34,538 INFO Loading dataset from data/v3/processed/SimQA.train.0.pt
2021-10-13 19:01:34,978 INFO number of examples: 3029
2021-10-13 19:01:51,177 INFO Step 9200/10000; acc:  76.57; ppl:  1.94; xent: 0.66; lr: 0.00100; 17315/11532 tok/s;   3577 sec
2021-10-13 19:02:10,907 INFO Loading dataset from data/v3/processed/SimQA.train.0.pt
2021-10-13 19:02:11,320 INFO number of examples: 3029
2021-10-13 19:02:19,991 INFO Step 9300/10000; acc:  76.79; ppl:  1.92; xent: 0.65; lr: 0.00100; 17407/11574 tok/s;   3606 sec
2021-10-13 19:02:47,260 INFO Loading dataset from data/v3/processed/SimQA.train.0.pt
2021-10-13 19:02:47,695 INFO number of examples: 3029
2021-10-13 19:02:48,340 INFO Step 9400/10000; acc:  76.82; ppl:  1.93; xent: 0.66; lr: 0.00100; 17467/11705 tok/s;   3634 sec
2021-10-13 19:03:16,798 INFO Step 9500/10000; acc:  77.16; ppl:  1.90; xent: 0.64; lr: 0.00100; 17471/11705 tok/s;   3663 sec
2021-10-13 19:03:23,642 INFO Loading dataset from data/v3/processed/SimQA.train.0.pt
2021-10-13 19:03:24,062 INFO number of examples: 3029
2021-10-13 19:03:45,545 INFO Step 9600/10000; acc:  77.28; ppl:  1.90; xent: 0.64; lr: 0.00100; 17308/11551 tok/s;   3691 sec
2021-10-13 19:03:59,999 INFO Loading dataset from data/v3/processed/SimQA.train.0.pt
2021-10-13 19:04:00,502 INFO number of examples: 3029
2021-10-13 19:04:14,362 INFO Step 9700/10000; acc:  77.50; ppl:  1.89; xent: 0.63; lr: 0.00100; 17299/11493 tok/s;   3720 sec
2021-10-13 19:04:36,438 INFO Loading dataset from data/v3/processed/SimQA.train.0.pt
2021-10-13 19:04:36,869 INFO number of examples: 3029
2021-10-13 19:04:43,224 INFO Step 9800/10000; acc:  77.65; ppl:  1.88; xent: 0.63; lr: 0.00100; 17347/11585 tok/s;   3749 sec
2021-10-13 19:05:11,135 INFO Step 9900/10000; acc:  77.99; ppl:  1.86; xent: 0.62; lr: 0.00100; 17741/11853 tok/s;   3777 sec
2021-10-13 19:05:12,812 INFO Loading dataset from data/v3/processed/SimQA.train.0.pt
2021-10-13 19:05:13,232 INFO number of examples: 3029
2021-10-13 19:05:40,045 INFO Step 10000/10000; acc:  78.09; ppl:  1.86; xent: 0.62; lr: 0.00100; 17200/11545 tok/s;   3806 sec
2021-10-13 19:05:40,046 INFO MLE pre-trained model validation:
2021-10-13 19:05:40,047 INFO Loading dataset from data/v3/processed/SimQA.valid.0.pt
2021-10-13 19:05:40,120 INFO number of examples: 534
2021-10-13 19:07:14,535 INFO Validation metrics: Bleu: 0.3055,Correct answers 0.0092, State transitions score: 0.0005
2021-10-13 19:07:14,536 INFO Validation perplexity: 5.56643
2021-10-13 19:07:14,536 INFO Validation accuracy: 55.9417
2021-10-13 19:07:14,559 INFO Saving checkpoint /home/nitai/SimQA/checkpoints/MLE/v3/baseline_step_10000.pt
