hello from Python 3.7.11 in /home/nitai/miniconda3/envs/SimQA-code/bin/python
running train_mle.py experiments
2021-10-13 18:02:12,626 INFO Running on device=`cuda` (device_id=0)
2021-10-13 18:02:15,953 INFO Start training loop and validate every 1000 steps...
2021-10-13 18:02:15,953 INFO Loading dataset from data/v3/processed/SimQA.train.0.pt
2021-10-13 18:02:16,252 INFO number of examples: 3029
2021-10-13 18:02:34,424 INFO Step 100/10000; acc:  36.92; ppl:  7.00; xent: 1.95; lr: 0.00100; 26876/17913 tok/s;     18 sec
2021-10-13 18:02:39,271 INFO Loading dataset from data/v3/processed/SimQA.train.0.pt
2021-10-13 18:02:39,631 INFO number of examples: 3029
2021-10-13 18:02:52,850 INFO Step 200/10000; acc:  51.15; ppl:  3.95; xent: 1.37; lr: 0.00100; 27001/18031 tok/s;     37 sec
2021-10-13 18:03:02,568 INFO Loading dataset from data/v3/processed/SimQA.train.0.pt
2021-10-13 18:03:02,853 INFO number of examples: 3029
2021-10-13 18:03:11,145 INFO Step 300/10000; acc:  53.30; ppl:  3.64; xent: 1.29; lr: 0.00100; 27171/18106 tok/s;     55 sec
2021-10-13 18:03:25,784 INFO Loading dataset from data/v3/processed/SimQA.train.0.pt
2021-10-13 18:03:26,075 INFO number of examples: 3029
2021-10-13 18:03:29,611 INFO Step 400/10000; acc:  54.00; ppl:  3.54; xent: 1.26; lr: 0.00100; 27159/18212 tok/s;     74 sec
2021-10-13 18:03:47,646 INFO Step 500/10000; acc:  54.59; ppl:  3.46; xent: 1.24; lr: 0.00100; 27549/18367 tok/s;     92 sec
2021-10-13 18:03:49,064 INFO Loading dataset from data/v3/processed/SimQA.train.0.pt
2021-10-13 18:03:49,352 INFO number of examples: 3029
2021-10-13 18:04:06,001 INFO Step 600/10000; acc:  54.74; ppl:  3.44; xent: 1.23; lr: 0.00100; 27031/18036 tok/s;    110 sec
2021-10-13 18:04:12,279 INFO Loading dataset from data/v3/processed/SimQA.train.0.pt
2021-10-13 18:04:12,634 INFO number of examples: 3029
2021-10-13 18:04:24,424 INFO Step 700/10000; acc:  55.12; ppl:  3.40; xent: 1.22; lr: 0.00100; 27074/18100 tok/s;    128 sec
2021-10-13 18:04:35,518 INFO Loading dataset from data/v3/processed/SimQA.train.0.pt
2021-10-13 18:04:35,805 INFO number of examples: 3029
2021-10-13 18:04:42,634 INFO Step 800/10000; acc:  55.06; ppl:  3.39; xent: 1.22; lr: 0.00100; 27246/18154 tok/s;    147 sec
2021-10-13 18:04:58,675 INFO Loading dataset from data/v3/processed/SimQA.train.0.pt
2021-10-13 18:04:58,972 INFO number of examples: 3029
2021-10-13 18:05:01,015 INFO Step 900/10000; acc:  55.47; ppl:  3.36; xent: 1.21; lr: 0.00100; 27279/18279 tok/s;    165 sec
2021-10-13 18:05:19,122 INFO Step 1000/10000; acc:  55.76; ppl:  3.33; xent: 1.20; lr: 0.00100; 27425/18270 tok/s;    183 sec
2021-10-13 18:05:19,130 INFO MLE pre-trained model validation:
2021-10-13 18:05:19,131 INFO Loading dataset from data/v3/processed/SimQA.valid.0.pt
2021-10-13 18:05:19,181 INFO number of examples: 534
/home/nitai/miniconda3/envs/SimQA-code/lib/python3.7/site-packages/onmt/translate/beam_search.py:209: UserWarning: An output with one or more elements was resized since it had shape [480], which does not match the required output shape [16, 30].This behavior is deprecated, and in a future PyTorch release outputs will not be resized unless they have zero elements. You can explicitly reuse an out tensor t by resizing it, inplace, to zero elements with t.resize_(0). (Triggered internally at  /pytorch/aten/src/ATen/native/Resize.cpp:23.)
  torch.mul(self.topk_scores, length_penalty, out=self.topk_log_probs)
/home/nitai/miniconda3/envs/SimQA-code/lib/python3.7/site-packages/torch/_tensor.py:575: UserWarning: floor_divide is deprecated, and will be removed in a future version of pytorch. It currently rounds toward 0 (like the 'trunc' function NOT 'floor'). This results in incorrect rounding for negative values.
To keep the current behavior, use torch.div(a, b, rounding_mode='trunc'), or for actual floor division, use torch.div(a, b, rounding_mode='floor'). (Triggered internally at  /pytorch/aten/src/ATen/native/BinaryOps.cpp:467.)
  return torch.floor_divide(self, other)
/home/nitai/miniconda3/envs/SimQA-code/lib/python3.7/site-packages/onmt/translate/beam_search.py:209: UserWarning: An output with one or more elements was resized since it had shape [180], which does not match the required output shape [6, 30].This behavior is deprecated, and in a future PyTorch release outputs will not be resized unless they have zero elements. You can explicitly reuse an out tensor t by resizing it, inplace, to zero elements with t.resize_(0). (Triggered internally at  /pytorch/aten/src/ATen/native/Resize.cpp:23.)
  torch.mul(self.topk_scores, length_penalty, out=self.topk_log_probs)
2021-10-13 18:06:10,451 INFO Validation metrics: Bleu: 0.1639,Correct answers 0.0018, State transitions score: 0.0004
2021-10-13 18:06:10,455 INFO Validation perplexity: 3.38806
2021-10-13 18:06:10,455 INFO Validation accuracy: 54.7571
2021-10-13 18:06:10,470 INFO Saving checkpoint /home/nitai/SimQA/checkpoints/MLE/v3/lookahead_ls_05_la_1.00_step_1000.pt
2021-10-13 18:06:13,666 INFO Loading dataset from data/v3/processed/SimQA.train.0.pt
2021-10-13 18:06:13,955 INFO number of examples: 3029
2021-10-13 18:06:29,277 INFO Step 1100/10000; acc:  55.87; ppl:  3.32; xent: 1.20; lr: 0.00100; 7092/4733 tok/s;    253 sec
2021-10-13 18:06:37,038 INFO Loading dataset from data/v3/processed/SimQA.train.0.pt
2021-10-13 18:06:37,321 INFO number of examples: 3029
2021-10-13 18:06:47,677 INFO Step 1200/10000; acc:  56.06; ppl:  3.30; xent: 1.19; lr: 0.00100; 27029/18075 tok/s;    272 sec
2021-10-13 18:07:00,389 INFO Loading dataset from data/v3/processed/SimQA.train.0.pt
2021-10-13 18:07:00,675 INFO number of examples: 3029
2021-10-13 18:07:06,172 INFO Step 1300/10000; acc:  56.34; ppl:  3.28; xent: 1.19; lr: 0.00100; 27086/18094 tok/s;    290 sec
2021-10-13 18:07:23,636 INFO Loading dataset from data/v3/processed/SimQA.train.0.pt
2021-10-13 18:07:23,926 INFO number of examples: 3029
2021-10-13 18:07:24,486 INFO Step 1400/10000; acc:  56.53; ppl:  3.26; xent: 1.18; lr: 0.00100; 27181/18156 tok/s;    309 sec
2021-10-13 18:07:42,562 INFO Step 1500/10000; acc:  56.76; ppl:  3.24; xent: 1.18; lr: 0.00100; 27427/18288 tok/s;    327 sec
2021-10-13 18:07:46,921 INFO Loading dataset from data/v3/processed/SimQA.train.0.pt
2021-10-13 18:07:47,282 INFO number of examples: 3029
2021-10-13 18:08:01,054 INFO Step 1600/10000; acc:  56.98; ppl:  3.23; xent: 1.17; lr: 0.00100; 26922/17967 tok/s;    345 sec
2021-10-13 18:08:10,270 INFO Loading dataset from data/v3/processed/SimQA.train.0.pt
2021-10-13 18:08:10,558 INFO number of examples: 3029
2021-10-13 18:08:19,420 INFO Step 1700/10000; acc:  57.17; ppl:  3.21; xent: 1.17; lr: 0.00100; 27027/18045 tok/s;    363 sec
2021-10-13 18:08:33,478 INFO Loading dataset from data/v3/processed/SimQA.train.0.pt
2021-10-13 18:08:33,758 INFO number of examples: 3029
2021-10-13 18:08:37,815 INFO Step 1800/10000; acc:  57.32; ppl:  3.20; xent: 1.16; lr: 0.00100; 27313/18276 tok/s;    382 sec
2021-10-13 18:08:55,765 INFO Step 1900/10000; acc:  57.69; ppl:  3.17; xent: 1.15; lr: 0.00100; 27659/18468 tok/s;    400 sec
2021-10-13 18:08:56,662 INFO Loading dataset from data/v3/processed/SimQA.train.0.pt
2021-10-13 18:08:56,956 INFO number of examples: 3029
2021-10-13 18:09:14,059 INFO Step 2000/10000; acc:  57.93; ppl:  3.15; xent: 1.15; lr: 0.00100; 27124/18095 tok/s;    418 sec
2021-10-13 18:09:14,066 INFO MLE pre-trained model validation:
2021-10-13 18:09:14,066 INFO Loading dataset from data/v3/processed/SimQA.valid.0.pt
2021-10-13 18:09:14,115 INFO number of examples: 534
2021-10-13 18:09:59,681 INFO Validation metrics: Bleu: 0.1458,Correct answers 0.0074, State transitions score: 0.0012
2021-10-13 18:09:59,684 INFO Validation perplexity: 3.38428
2021-10-13 18:09:59,684 INFO Validation accuracy: 55.0279
2021-10-13 18:09:59,701 INFO Saving checkpoint /home/nitai/SimQA/checkpoints/MLE/v3/lookahead_ls_05_la_1.00_step_2000.pt
2021-10-13 18:10:05,682 INFO Loading dataset from data/v3/processed/SimQA.train.0.pt
2021-10-13 18:10:06,084 INFO number of examples: 3029
2021-10-13 18:10:18,396 INFO Step 2100/10000; acc:  58.23; ppl:  3.13; xent: 1.14; lr: 0.00100; 7748/5178 tok/s;    482 sec
2021-10-13 18:10:28,987 INFO Loading dataset from data/v3/processed/SimQA.train.0.pt
2021-10-13 18:10:29,265 INFO number of examples: 3029
2021-10-13 18:10:36,622 INFO Step 2200/10000; acc:  58.42; ppl:  3.12; xent: 1.14; lr: 0.00100; 27244/18169 tok/s;    501 sec
2021-10-13 18:10:52,201 INFO Loading dataset from data/v3/processed/SimQA.train.0.pt
2021-10-13 18:10:52,500 INFO number of examples: 3029
2021-10-13 18:10:55,048 INFO Step 2300/10000; acc:  58.87; ppl:  3.09; xent: 1.13; lr: 0.00100; 27182/18211 tok/s;    519 sec
2021-10-13 18:11:13,053 INFO Step 2400/10000; acc:  59.36; ppl:  3.05; xent: 1.11; lr: 0.00100; 27601/18388 tok/s;    537 sec
2021-10-13 18:11:15,397 INFO Loading dataset from data/v3/processed/SimQA.train.0.pt
2021-10-13 18:11:15,675 INFO number of examples: 3029
2021-10-13 18:11:31,416 INFO Step 2500/10000; acc:  59.51; ppl:  3.04; xent: 1.11; lr: 0.00100; 27074/18105 tok/s;    555 sec
2021-10-13 18:11:38,612 INFO Loading dataset from data/v3/processed/SimQA.train.0.pt
2021-10-13 18:11:38,987 INFO number of examples: 3029
2021-10-13 18:11:49,876 INFO Step 2600/10000; acc:  60.02; ppl:  3.00; xent: 1.10; lr: 0.00100; 26970/18009 tok/s;    574 sec
2021-10-13 18:12:01,915 INFO Loading dataset from data/v3/processed/SimQA.train.0.pt
2021-10-13 18:12:02,193 INFO number of examples: 3029
2021-10-13 18:12:08,162 INFO Step 2700/10000; acc:  60.12; ppl:  2.99; xent: 1.09; lr: 0.00100; 27201/18131 tok/s;    592 sec
2021-10-13 18:12:25,106 INFO Loading dataset from data/v3/processed/SimQA.train.0.pt
2021-10-13 18:12:25,399 INFO number of examples: 3029
2021-10-13 18:12:26,530 INFO Step 2800/10000; acc:  60.54; ppl:  2.96; xent: 1.08; lr: 0.00100; 27292/18255 tok/s;    611 sec
2021-10-13 18:12:44,578 INFO Step 2900/10000; acc:  61.30; ppl:  2.91; xent: 1.07; lr: 0.00100; 27481/18320 tok/s;    629 sec
2021-10-13 18:12:48,342 INFO Loading dataset from data/v3/processed/SimQA.train.0.pt
2021-10-13 18:12:48,623 INFO number of examples: 3029
2021-10-13 18:13:02,936 INFO Step 3000/10000; acc:  61.51; ppl:  2.89; xent: 1.06; lr: 0.00100; 27103/18103 tok/s;    647 sec
2021-10-13 18:13:02,943 INFO MLE pre-trained model validation:
2021-10-13 18:13:02,944 INFO Loading dataset from data/v3/processed/SimQA.valid.0.pt
2021-10-13 18:13:03,004 INFO number of examples: 534
2021-10-13 18:13:51,964 INFO Validation metrics: Bleu: 0.2085,Correct answers 0.0092, State transitions score: 0.0007
2021-10-13 18:13:51,967 INFO Validation perplexity: 3.35103
2021-10-13 18:13:51,968 INFO Validation accuracy: 55.8883
2021-10-13 18:13:51,982 INFO Saving checkpoint /home/nitai/SimQA/checkpoints/MLE/v3/lookahead_ls_05_la_1.00_step_3000.pt
2021-10-13 18:14:00,669 INFO Loading dataset from data/v3/processed/SimQA.train.0.pt
2021-10-13 18:14:01,030 INFO number of examples: 3029
2021-10-13 18:14:10,387 INFO Step 3100/10000; acc:  61.75; ppl:  2.87; xent: 1.06; lr: 0.00100; 7364/4924 tok/s;    714 sec
2021-10-13 18:14:23,957 INFO Loading dataset from data/v3/processed/SimQA.train.0.pt
2021-10-13 18:14:24,250 INFO number of examples: 3029
2021-10-13 18:14:28,832 INFO Step 3200/10000; acc:  62.03; ppl:  2.86; xent: 1.05; lr: 0.00100; 27216/18176 tok/s;    733 sec
2021-10-13 18:14:46,836 INFO Step 3300/10000; acc:  62.41; ppl:  2.83; xent: 1.04; lr: 0.00100; 27571/18426 tok/s;    751 sec
2021-10-13 18:14:47,207 INFO Loading dataset from data/v3/processed/SimQA.train.0.pt
2021-10-13 18:14:47,492 INFO number of examples: 3029
2021-10-13 18:15:05,223 INFO Step 3400/10000; acc:  62.84; ppl:  2.80; xent: 1.03; lr: 0.00100; 26978/18016 tok/s;    769 sec
2021-10-13 18:15:10,482 INFO Loading dataset from data/v3/processed/SimQA.train.0.pt
2021-10-13 18:15:10,762 INFO number of examples: 3029
2021-10-13 18:15:23,651 INFO Step 3500/10000; acc:  63.10; ppl:  2.77; xent: 1.02; lr: 0.00100; 27033/18043 tok/s;    788 sec
2021-10-13 18:15:33,728 INFO Loading dataset from data/v3/processed/SimQA.train.0.pt
2021-10-13 18:15:34,013 INFO number of examples: 3029
2021-10-13 18:15:42,051 INFO Step 3600/10000; acc:  63.32; ppl:  2.77; xent: 1.02; lr: 0.00100; 27011/18032 tok/s;    806 sec
2021-10-13 18:15:56,980 INFO Loading dataset from data/v3/processed/SimQA.train.0.pt
2021-10-13 18:15:57,336 INFO number of examples: 3029
2021-10-13 18:16:00,397 INFO Step 3700/10000; acc:  63.61; ppl:  2.75; xent: 1.01; lr: 0.00100; 27302/18294 tok/s;    824 sec
2021-10-13 18:16:18,434 INFO Step 3800/10000; acc:  64.07; ppl:  2.71; xent: 1.00; lr: 0.00100; 27566/18370 tok/s;    842 sec
2021-10-13 18:16:20,193 INFO Loading dataset from data/v3/processed/SimQA.train.0.pt
2021-10-13 18:16:20,473 INFO number of examples: 3029
2021-10-13 18:16:36,695 INFO Step 3900/10000; acc:  64.18; ppl:  2.70; xent: 0.99; lr: 0.00100; 27208/18138 tok/s;    861 sec
2021-10-13 18:16:43,349 INFO Loading dataset from data/v3/processed/SimQA.train.0.pt
2021-10-13 18:16:43,633 INFO number of examples: 3029
2021-10-13 18:16:55,084 INFO Step 4000/10000; acc:  64.63; ppl:  2.67; xent: 0.98; lr: 0.00100; 27083/18102 tok/s;    879 sec
2021-10-13 18:16:55,091 INFO MLE pre-trained model validation:
2021-10-13 18:16:55,092 INFO Loading dataset from data/v3/processed/SimQA.valid.0.pt
2021-10-13 18:16:55,140 INFO number of examples: 534
2021-10-13 18:17:42,705 INFO Validation metrics: Bleu: 0.2190,Correct answers 0.0074, State transitions score: 0.0003
2021-10-13 18:17:42,709 INFO Validation perplexity: 3.48681
2021-10-13 18:17:42,709 INFO Validation accuracy: 56.8101
2021-10-13 18:17:42,725 INFO Saving checkpoint /home/nitai/SimQA/checkpoints/MLE/v3/lookahead_ls_05_la_1.00_step_4000.pt
2021-10-13 18:17:54,331 INFO Loading dataset from data/v3/processed/SimQA.train.0.pt
2021-10-13 18:17:54,698 INFO number of examples: 3029
2021-10-13 18:18:01,159 INFO Step 4100/10000; acc:  64.78; ppl:  2.66; xent: 0.98; lr: 0.00100; 7526/5010 tok/s;    945 sec
2021-10-13 18:18:17,508 INFO Loading dataset from data/v3/processed/SimQA.train.0.pt
2021-10-13 18:18:17,786 INFO number of examples: 3029
2021-10-13 18:18:19,461 INFO Step 4200/10000; acc:  64.93; ppl:  2.64; xent: 0.97; lr: 0.00100; 27383/18344 tok/s;    964 sec
2021-10-13 18:18:37,317 INFO Step 4300/10000; acc:  65.57; ppl:  2.61; xent: 0.96; lr: 0.00100; 27758/18517 tok/s;    981 sec
2021-10-13 18:18:40,589 INFO Loading dataset from data/v3/processed/SimQA.train.0.pt
2021-10-13 18:18:40,874 INFO number of examples: 3029
2021-10-13 18:18:55,717 INFO Step 4400/10000; acc:  65.70; ppl:  2.59; xent: 0.95; lr: 0.00100; 27061/18091 tok/s;   1000 sec
2021-10-13 18:19:03,851 INFO Loading dataset from data/v3/processed/SimQA.train.0.pt
2021-10-13 18:19:04,143 INFO number of examples: 3029
2021-10-13 18:19:14,117 INFO Step 4500/10000; acc:  66.04; ppl:  2.58; xent: 0.95; lr: 0.00100; 27034/18058 tok/s;   1018 sec
2021-10-13 18:19:27,084 INFO Loading dataset from data/v3/processed/SimQA.train.0.pt
2021-10-13 18:19:27,448 INFO number of examples: 3029
2021-10-13 18:19:32,561 INFO Step 4600/10000; acc:  66.25; ppl:  2.56; xent: 0.94; lr: 0.00100; 27163/18141 tok/s;   1037 sec
2021-10-13 18:19:50,316 INFO Loading dataset from data/v3/processed/SimQA.train.0.pt
2021-10-13 18:19:50,595 INFO number of examples: 3029
2021-10-13 18:19:50,798 INFO Step 4700/10000; acc:  66.67; ppl:  2.54; xent: 0.93; lr: 0.00100; 27266/18221 tok/s;   1055 sec
2021-10-13 18:20:08,833 INFO Step 4800/10000; acc:  66.95; ppl:  2.51; xent: 0.92; lr: 0.00100; 27526/18346 tok/s;   1073 sec
2021-10-13 18:20:13,520 INFO Loading dataset from data/v3/processed/SimQA.train.0.pt
2021-10-13 18:20:13,822 INFO number of examples: 3029
2021-10-13 18:20:27,238 INFO Step 4900/10000; acc:  67.26; ppl:  2.50; xent: 0.92; lr: 0.00100; 27026/18063 tok/s;   1091 sec
2021-10-13 18:20:36,748 INFO Loading dataset from data/v3/processed/SimQA.train.0.pt
2021-10-13 18:20:37,027 INFO number of examples: 3029
2021-10-13 18:20:45,521 INFO Step 5000/10000; acc:  67.41; ppl:  2.48; xent: 0.91; lr: 0.00100; 27184/18109 tok/s;   1110 sec
2021-10-13 18:20:45,529 INFO MLE pre-trained model validation:
2021-10-13 18:20:45,529 INFO Loading dataset from data/v3/processed/SimQA.valid.0.pt
2021-10-13 18:20:45,592 INFO number of examples: 534
2021-10-13 18:21:35,844 INFO Validation metrics: Bleu: 0.2712,Correct answers 0.0092, State transitions score: 0.0010
2021-10-13 18:22:16,589 INFO Validation perplexity: 3.78267
2021-10-13 18:22:16,589 INFO Validation accuracy: 56.5326
2021-10-13 18:22:16,618 INFO Saving checkpoint /home/nitai/SimQA/checkpoints/MLE/v3/lookahead_ls_05_la_1.00_step_5000.pt
2021-10-13 18:22:31,268 INFO Loading dataset from data/v3/processed/SimQA.train.0.pt
2021-10-13 18:22:31,638 INFO number of examples: 3029
2021-10-13 18:22:35,355 INFO Step 5100/10000; acc:  67.48; ppl:  2.48; xent: 0.91; lr: 0.00100; 4568/3063 tok/s;   1219 sec
2021-10-13 18:22:53,348 INFO Step 5200/10000; acc:  67.96; ppl:  2.44; xent: 0.89; lr: 0.00100; 27597/18401 tok/s;   1237 sec
2021-10-13 18:22:54,591 INFO Loading dataset from data/v3/processed/SimQA.train.0.pt
2021-10-13 18:22:54,873 INFO number of examples: 3029
2021-10-13 18:23:11,579 INFO Step 5300/10000; acc:  68.36; ppl:  2.43; xent: 0.89; lr: 0.00100; 27217/18151 tok/s;   1256 sec
2021-10-13 18:23:17,666 INFO Loading dataset from data/v3/processed/SimQA.train.0.pt
2021-10-13 18:23:17,961 INFO number of examples: 3029
2021-10-13 18:23:29,910 INFO Step 5400/10000; acc:  68.39; ppl:  2.42; xent: 0.88; lr: 0.00100; 27217/18205 tok/s;   1274 sec
2021-10-13 18:23:40,776 INFO Loading dataset from data/v3/processed/SimQA.train.0.pt
2021-10-13 18:23:41,055 INFO number of examples: 3029
2021-10-13 18:23:48,046 INFO Step 5500/10000; acc:  68.80; ppl:  2.39; xent: 0.87; lr: 0.00100; 27366/18220 tok/s;   1292 sec
2021-10-13 18:24:03,890 INFO Loading dataset from data/v3/processed/SimQA.train.0.pt
2021-10-13 18:24:04,262 INFO number of examples: 3029
2021-10-13 18:24:06,461 INFO Step 5600/10000; acc:  69.12; ppl:  2.37; xent: 0.86; lr: 0.00100; 27223/18259 tok/s;   1311 sec
2021-10-13 18:24:24,573 INFO Step 5700/10000; acc:  69.58; ppl:  2.35; xent: 0.85; lr: 0.00100; 27404/18255 tok/s;   1329 sec
2021-10-13 18:24:27,309 INFO Loading dataset from data/v3/processed/SimQA.train.0.pt
2021-10-13 18:24:27,605 INFO number of examples: 3029
2021-10-13 18:24:43,052 INFO Step 5800/10000; acc:  69.66; ppl:  2.34; xent: 0.85; lr: 0.00100; 26919/17975 tok/s;   1347 sec
2021-10-13 18:24:50,541 INFO Loading dataset from data/v3/processed/SimQA.train.0.pt
2021-10-13 18:24:50,825 INFO number of examples: 3029
2021-10-13 18:25:01,308 INFO Step 5900/10000; acc:  69.98; ppl:  2.32; xent: 0.84; lr: 0.00100; 27258/18197 tok/s;   1365 sec
2021-10-13 18:25:13,742 INFO Loading dataset from data/v3/processed/SimQA.train.0.pt
2021-10-13 18:25:14,022 INFO number of examples: 3029
2021-10-13 18:25:19,612 INFO Step 6000/10000; acc:  70.16; ppl:  2.31; xent: 0.84; lr: 0.00100; 27149/18164 tok/s;   1384 sec
2021-10-13 18:25:19,619 INFO MLE pre-trained model validation:
2021-10-13 18:25:19,619 INFO Loading dataset from data/v3/processed/SimQA.valid.0.pt
2021-10-13 18:25:19,674 INFO number of examples: 534
2021-10-13 18:26:08,261 INFO Validation metrics: Bleu: 0.2454,Correct answers 0.0129, State transitions score: 0.0004
2021-10-13 18:26:08,265 INFO Validation perplexity: 4.19543
2021-10-13 18:26:08,265 INFO Validation accuracy: 56.7261
2021-10-13 18:26:08,280 INFO Saving checkpoint /home/nitai/SimQA/checkpoints/MLE/v3/lookahead_ls_05_la_1.00_step_6000.pt
2021-10-13 18:26:25,870 INFO Loading dataset from data/v3/processed/SimQA.train.0.pt
2021-10-13 18:26:26,251 INFO number of examples: 3029
2021-10-13 18:26:27,001 INFO Step 6100/10000; acc:  70.42; ppl:  2.29; xent: 0.83; lr: 0.00100; 7443/4972 tok/s;   1451 sec
2021-10-13 18:26:45,049 INFO Step 6200/10000; acc:  70.78; ppl:  2.26; xent: 0.82; lr: 0.00100; 27469/18298 tok/s;   1469 sec
2021-10-13 18:26:49,190 INFO Loading dataset from data/v3/processed/SimQA.train.0.pt
2021-10-13 18:26:49,478 INFO number of examples: 3029
2021-10-13 18:27:03,377 INFO Step 6300/10000; acc:  70.86; ppl:  2.27; xent: 0.82; lr: 0.00100; 27170/18143 tok/s;   1487 sec
2021-10-13 18:27:12,318 INFO Loading dataset from data/v3/processed/SimQA.train.0.pt
2021-10-13 18:27:12,598 INFO number of examples: 3029
2021-10-13 18:27:21,599 INFO Step 6400/10000; acc:  71.28; ppl:  2.24; xent: 0.81; lr: 0.00100; 27243/18218 tok/s;   1506 sec
2021-10-13 18:27:35,500 INFO Loading dataset from data/v3/processed/SimQA.train.0.pt
2021-10-13 18:27:35,788 INFO number of examples: 3029
2021-10-13 18:27:40,031 INFO Step 6500/10000; acc:  71.27; ppl:  2.24; xent: 0.80; lr: 0.00100; 27253/18204 tok/s;   1524 sec
2021-10-13 18:27:57,948 INFO Step 6600/10000; acc:  71.73; ppl:  2.21; xent: 0.79; lr: 0.00100; 27714/18517 tok/s;   1542 sec
2021-10-13 18:27:58,662 INFO Loading dataset from data/v3/processed/SimQA.train.0.pt
2021-10-13 18:27:58,957 INFO number of examples: 3029
2021-10-13 18:28:16,502 INFO Step 6700/10000; acc:  71.97; ppl:  2.19; xent: 0.79; lr: 0.00100; 26742/17845 tok/s;   1561 sec
2021-10-13 18:28:22,125 INFO Loading dataset from data/v3/processed/SimQA.train.0.pt
2021-10-13 18:28:22,496 INFO number of examples: 3029
2021-10-13 18:28:35,106 INFO Step 6800/10000; acc:  72.18; ppl:  2.18; xent: 0.78; lr: 0.00100; 26767/17891 tok/s;   1579 sec
2021-10-13 18:28:45,588 INFO Loading dataset from data/v3/processed/SimQA.train.0.pt
2021-10-13 18:28:45,879 INFO number of examples: 3029
2021-10-13 18:28:53,574 INFO Step 6900/10000; acc:  72.42; ppl:  2.17; xent: 0.77; lr: 0.00100; 26920/17953 tok/s;   1598 sec
2021-10-13 18:29:09,342 INFO Loading dataset from data/v3/processed/SimQA.train.0.pt
2021-10-13 18:29:09,656 INFO number of examples: 3029
2021-10-13 18:29:12,505 INFO Step 7000/10000; acc:  72.57; ppl:  2.16; xent: 0.77; lr: 0.00100; 26433/17734 tok/s;   1617 sec
2021-10-13 18:29:12,514 INFO MLE pre-trained model validation:
2021-10-13 18:29:12,515 INFO Loading dataset from data/v3/processed/SimQA.valid.0.pt
2021-10-13 18:29:12,584 INFO number of examples: 534
2021-10-13 18:30:02,776 INFO Validation metrics: Bleu: 0.2604,Correct answers 0.0129, State transitions score: 0.0003
2021-10-13 18:30:02,780 INFO Validation perplexity: 4.39619
2021-10-13 18:30:02,780 INFO Validation accuracy: 56.5807
2021-10-13 18:30:02,796 INFO Saving checkpoint /home/nitai/SimQA/checkpoints/MLE/v3/lookahead_ls_05_la_1.00_step_7000.pt
2021-10-13 18:30:21,360 INFO Step 7100/10000; acc:  73.00; ppl:  2.14; xent: 0.76; lr: 0.00100; 7225/4808 tok/s;   1685 sec
2021-10-13 18:30:23,535 INFO Loading dataset from data/v3/processed/SimQA.train.0.pt
2021-10-13 18:30:23,930 INFO number of examples: 3029
2021-10-13 18:30:40,042 INFO Step 7200/10000; acc:  73.11; ppl:  2.13; xent: 0.76; lr: 0.00100; 26583/17766 tok/s;   1704 sec
2021-10-13 18:30:47,117 INFO Loading dataset from data/v3/processed/SimQA.train.0.pt
2021-10-13 18:30:47,410 INFO number of examples: 3029
2021-10-13 18:30:58,518 INFO Step 7300/10000; acc:  73.32; ppl:  2.12; xent: 0.75; lr: 0.00100; 26962/18000 tok/s;   1723 sec
2021-10-13 18:31:10,601 INFO Loading dataset from data/v3/processed/SimQA.train.0.pt
2021-10-13 18:31:10,899 INFO number of examples: 3029
2021-10-13 18:31:17,125 INFO Step 7400/10000; acc:  73.41; ppl:  2.11; xent: 0.75; lr: 0.00100; 26721/17817 tok/s;   1741 sec
2021-10-13 18:31:34,112 INFO Loading dataset from data/v3/processed/SimQA.train.0.pt
2021-10-13 18:31:34,420 INFO number of examples: 3029
2021-10-13 18:31:35,732 INFO Step 7500/10000; acc:  73.61; ppl:  2.10; xent: 0.74; lr: 0.00100; 26940/18008 tok/s;   1760 sec
2021-10-13 18:31:53,967 INFO Step 7600/10000; acc:  73.93; ppl:  2.08; xent: 0.73; lr: 0.00100; 27197/18140 tok/s;   1778 sec
2021-10-13 18:31:57,623 INFO Loading dataset from data/v3/processed/SimQA.train.0.pt
2021-10-13 18:31:58,007 INFO number of examples: 3029
2021-10-13 18:32:12,701 INFO Step 7700/10000; acc:  74.15; ppl:  2.07; xent: 0.73; lr: 0.00100; 26559/17737 tok/s;   1797 sec
2021-10-13 18:32:21,233 INFO Loading dataset from data/v3/processed/SimQA.train.0.pt
2021-10-13 18:32:21,530 INFO number of examples: 3029
2021-10-13 18:32:31,244 INFO Step 7800/10000; acc:  74.31; ppl:  2.06; xent: 0.72; lr: 0.00100; 26827/17910 tok/s;   1815 sec
2021-10-13 18:32:44,682 INFO Loading dataset from data/v3/processed/SimQA.train.0.pt
2021-10-13 18:32:44,979 INFO number of examples: 3029
2021-10-13 18:32:49,774 INFO Step 7900/10000; acc:  74.62; ppl:  2.04; xent: 0.71; lr: 0.00100; 27062/18090 tok/s;   1834 sec
2021-10-13 18:33:07,971 INFO Step 8000/10000; acc:  74.77; ppl:  2.03; xent: 0.71; lr: 0.00100; 27290/18258 tok/s;   1852 sec
2021-10-13 18:33:07,978 INFO MLE pre-trained model validation:
2021-10-13 18:33:07,979 INFO Loading dataset from data/v3/processed/SimQA.valid.0.pt
2021-10-13 18:33:08,032 INFO number of examples: 534
2021-10-13 18:33:58,760 INFO Validation metrics: Bleu: 0.2847,Correct answers 0.0110, State transitions score: 0.0006
2021-10-13 18:33:58,763 INFO Validation perplexity: 4.76262
2021-10-13 18:33:58,764 INFO Validation accuracy: 56.0858
2021-10-13 18:33:58,780 INFO Saving checkpoint /home/nitai/SimQA/checkpoints/MLE/v3/lookahead_ls_05_la_1.00_step_8000.pt
2021-10-13 18:33:59,263 INFO Loading dataset from data/v3/processed/SimQA.train.0.pt
2021-10-13 18:33:59,671 INFO number of examples: 3029
2021-10-13 18:34:17,720 INFO Step 8100/10000; acc:  75.08; ppl:  2.01; xent: 0.70; lr: 0.00100; 7116/4742 tok/s;   1922 sec
2021-10-13 18:34:22,810 INFO Loading dataset from data/v3/processed/SimQA.train.0.pt
2021-10-13 18:34:23,101 INFO number of examples: 3029
2021-10-13 18:34:36,244 INFO Step 8200/10000; acc:  75.29; ppl:  2.00; xent: 0.69; lr: 0.00100; 26887/17940 tok/s;   1940 sec
2021-10-13 18:34:46,283 INFO Loading dataset from data/v3/processed/SimQA.train.0.pt
2021-10-13 18:34:46,590 INFO number of examples: 3029
2021-10-13 18:34:54,884 INFO Step 8300/10000; acc:  75.42; ppl:  2.00; xent: 0.69; lr: 0.00100; 26658/17794 tok/s;   1959 sec
2021-10-13 18:35:09,872 INFO Loading dataset from data/v3/processed/SimQA.train.0.pt
2021-10-13 18:35:10,182 INFO number of examples: 3029
2021-10-13 18:35:13,569 INFO Step 8400/10000; acc:  75.57; ppl:  1.99; xent: 0.69; lr: 0.00100; 26822/17992 tok/s;   1978 sec
2021-10-13 18:35:31,763 INFO Step 8500/10000; acc:  76.05; ppl:  1.97; xent: 0.68; lr: 0.00100; 27327/18193 tok/s;   1996 sec
2021-10-13 18:35:33,378 INFO Loading dataset from data/v3/processed/SimQA.train.0.pt
2021-10-13 18:35:33,763 INFO number of examples: 3029
2021-10-13 18:35:50,495 INFO Step 8600/10000; acc:  76.09; ppl:  1.96; xent: 0.67; lr: 0.00100; 26486/17687 tok/s;   2015 sec
2021-10-13 18:35:57,059 INFO Loading dataset from data/v3/processed/SimQA.train.0.pt
2021-10-13 18:35:57,358 INFO number of examples: 3029
2021-10-13 18:36:09,045 INFO Step 8700/10000; acc:  76.31; ppl:  1.95; xent: 0.67; lr: 0.00100; 26894/17967 tok/s;   2033 sec
2021-10-13 18:36:20,388 INFO Loading dataset from data/v3/processed/SimQA.train.0.pt
2021-10-13 18:36:20,720 INFO number of examples: 3029
2021-10-13 18:36:27,543 INFO Step 8800/10000; acc:  76.47; ppl:  1.94; xent: 0.66; lr: 0.00100; 26832/17874 tok/s;   2052 sec
2021-10-13 18:36:44,006 INFO Loading dataset from data/v3/processed/SimQA.train.0.pt
2021-10-13 18:36:44,317 INFO number of examples: 3029
2021-10-13 18:36:46,190 INFO Step 8900/10000; acc:  76.53; ppl:  1.94; xent: 0.66; lr: 0.00100; 26883/18023 tok/s;   2070 sec
2021-10-13 18:37:04,479 INFO Step 9000/10000; acc:  76.92; ppl:  1.92; xent: 0.65; lr: 0.00100; 27132/18090 tok/s;   2089 sec
2021-10-13 18:37:04,488 INFO MLE pre-trained model validation:
2021-10-13 18:37:04,489 INFO Loading dataset from data/v3/processed/SimQA.valid.0.pt
2021-10-13 18:37:04,555 INFO number of examples: 534
2021-10-13 18:37:53,441 INFO Validation metrics: Bleu: 0.2540,Correct answers 0.0110, State transitions score: 0.0004
2021-10-13 18:37:53,444 INFO Validation perplexity: 5.1799
2021-10-13 18:37:53,445 INFO Validation accuracy: 56.1725
2021-10-13 18:37:53,460 INFO Saving checkpoint /home/nitai/SimQA/checkpoints/MLE/v3/lookahead_ls_05_la_1.00_step_9000.pt
2021-10-13 18:37:56,738 INFO Loading dataset from data/v3/processed/SimQA.train.0.pt
2021-10-13 18:37:57,117 INFO number of examples: 3029
2021-10-13 18:38:12,386 INFO Step 9100/10000; acc:  77.08; ppl:  1.91; xent: 0.65; lr: 0.00100; 7330/4895 tok/s;   2156 sec
2021-10-13 18:38:20,351 INFO Loading dataset from data/v3/processed/SimQA.train.0.pt
2021-10-13 18:38:20,661 INFO number of examples: 3029
2021-10-13 18:38:30,928 INFO Step 9200/10000; acc:  77.30; ppl:  1.90; xent: 0.64; lr: 0.00100; 26840/17925 tok/s;   2175 sec
2021-10-13 18:38:43,924 INFO Loading dataset from data/v3/processed/SimQA.train.0.pt
2021-10-13 18:38:44,223 INFO number of examples: 3029
2021-10-13 18:38:49,604 INFO Step 9300/10000; acc:  77.43; ppl:  1.89; xent: 0.64; lr: 0.00100; 26821/17905 tok/s;   2194 sec
2021-10-13 18:39:07,460 INFO Loading dataset from data/v3/processed/SimQA.train.0.pt
2021-10-13 18:39:07,758 INFO number of examples: 3029
2021-10-13 18:39:08,155 INFO Step 9400/10000; acc:  77.56; ppl:  1.88; xent: 0.63; lr: 0.00100; 26799/17939 tok/s;   2212 sec
2021-10-13 18:39:26,351 INFO Step 9500/10000; acc:  78.08; ppl:  1.86; xent: 0.62; lr: 0.00100; 27277/18150 tok/s;   2230 sec
2021-10-13 18:39:30,900 INFO Loading dataset from data/v3/processed/SimQA.train.0.pt
2021-10-13 18:39:31,190 INFO number of examples: 3029
2021-10-13 18:39:44,927 INFO Step 9600/10000; acc:  77.94; ppl:  1.86; xent: 0.62; lr: 0.00100; 26781/17919 tok/s;   2249 sec
2021-10-13 18:39:54,404 INFO Loading dataset from data/v3/processed/SimQA.train.0.pt
2021-10-13 18:39:54,794 INFO number of examples: 3029
2021-10-13 18:40:03,559 INFO Step 9700/10000; acc:  78.19; ppl:  1.85; xent: 0.62; lr: 0.00100; 26664/17755 tok/s;   2268 sec
2021-10-13 18:40:17,986 INFO Loading dataset from data/v3/processed/SimQA.train.0.pt
2021-10-13 18:40:18,282 INFO number of examples: 3029
2021-10-13 18:40:22,188 INFO Step 9800/10000; acc:  78.15; ppl:  1.85; xent: 0.62; lr: 0.00100; 26958/18069 tok/s;   2286 sec
2021-10-13 18:40:40,310 INFO Step 9900/10000; acc:  78.62; ppl:  1.83; xent: 0.60; lr: 0.00100; 27381/18278 tok/s;   2304 sec
2021-10-13 18:40:41,381 INFO Loading dataset from data/v3/processed/SimQA.train.0.pt
2021-10-13 18:40:41,678 INFO number of examples: 3029
2021-10-13 18:40:58,767 INFO Step 10000/10000; acc:  78.70; ppl:  1.82; xent: 0.60; lr: 0.00100; 26889/17926 tok/s;   2323 sec
2021-10-13 18:40:58,774 INFO MLE pre-trained model validation:
2021-10-13 18:40:58,775 INFO Loading dataset from data/v3/processed/SimQA.valid.0.pt
2021-10-13 18:40:58,830 INFO number of examples: 534
2021-10-13 18:41:47,994 INFO Validation metrics: Bleu: 0.2663,Correct answers 0.0110, State transitions score: 0.0004
2021-10-13 18:41:47,998 INFO Validation perplexity: 5.66115
2021-10-13 18:41:47,998 INFO Validation accuracy: 56.6367
2021-10-13 18:41:48,018 INFO Saving checkpoint /home/nitai/SimQA/checkpoints/MLE/v3/lookahead_ls_05_la_1.00_step_10000.pt
2021-10-13 18:41:53,083 INFO Running on device=`cuda` (device_id=0)
2021-10-13 18:41:56,579 INFO Start training loop and validate every 1000 steps...
2021-10-13 18:41:56,579 INFO Loading dataset from data/v3/processed/SimQA.train.0.pt
2021-10-13 18:41:56,888 INFO number of examples: 3029
2021-10-13 18:42:16,074 INFO Step 100/10000; acc:  36.85; ppl:  7.07; xent: 1.96; lr: 0.00100; 25514/16989 tok/s;     19 sec
2021-10-13 18:42:21,235 INFO Loading dataset from data/v3/processed/SimQA.train.0.pt
2021-10-13 18:43:16,481 INFO number of examples: 3029
2021-10-13 18:43:29,647 INFO Step 200/10000; acc:  50.98; ppl:  3.96; xent: 1.38; lr: 0.00100; 6812/4565 tok/s;     93 sec
2021-10-13 18:43:39,478 INFO Loading dataset from data/v3/processed/SimQA.train.0.pt
2021-10-13 18:43:39,775 INFO number of examples: 3029
2021-10-13 18:43:48,159 INFO Step 300/10000; acc:  53.49; ppl:  3.62; xent: 1.29; lr: 0.00100; 26848/17927 tok/s;    112 sec
2021-10-13 18:44:02,823 INFO Loading dataset from data/v3/processed/SimQA.train.0.pt
2021-10-13 18:44:03,128 INFO number of examples: 3029
2021-10-13 18:44:06,673 INFO Step 400/10000; acc:  53.97; ppl:  3.53; xent: 1.26; lr: 0.00100; 26879/17940 tok/s;    130 sec
2021-10-13 18:44:24,882 INFO Step 500/10000; acc:  54.36; ppl:  3.48; xent: 1.25; lr: 0.00100; 27226/18213 tok/s;    148 sec
2021-10-13 18:44:26,316 INFO Loading dataset from data/v3/processed/SimQA.train.0.pt
2021-10-13 18:44:26,616 INFO number of examples: 3029
2021-10-13 18:44:43,253 INFO Step 600/10000; acc:  54.70; ppl:  3.44; xent: 1.23; lr: 0.00100; 27094/18091 tok/s;    167 sec
2021-10-13 18:44:49,760 INFO Loading dataset from data/v3/processed/SimQA.train.0.pt
2021-10-13 18:44:50,143 INFO number of examples: 3029
2021-10-13 18:45:01,949 INFO Step 700/10000; acc:  54.92; ppl:  3.41; xent: 1.23; lr: 0.00100; 26833/17920 tok/s;    185 sec
2021-10-13 18:45:13,223 INFO Loading dataset from data/v3/processed/SimQA.train.0.pt
2021-10-13 18:45:13,519 INFO number of examples: 3029
2021-10-13 18:45:20,462 INFO Step 800/10000; acc:  55.30; ppl:  3.37; xent: 1.22; lr: 0.00100; 26821/17900 tok/s;    204 sec
2021-10-13 18:45:36,548 INFO Loading dataset from data/v3/processed/SimQA.train.0.pt
2021-10-13 18:45:36,858 INFO number of examples: 3029
2021-10-13 18:45:39,000 INFO Step 900/10000; acc:  55.24; ppl:  3.38; xent: 1.22; lr: 0.00100; 26821/17945 tok/s;    222 sec
2021-10-13 18:45:56,913 INFO Step 1000/10000; acc:  55.50; ppl:  3.35; xent: 1.21; lr: 0.00100; 27723/18459 tok/s;    240 sec
2021-10-13 18:45:56,921 INFO MLE pre-trained model validation:
2021-10-13 18:45:56,922 INFO Loading dataset from data/v3/processed/SimQA.valid.0.pt
2021-10-13 18:45:56,976 INFO number of examples: 534
/home/nitai/miniconda3/envs/SimQA-code/lib/python3.7/site-packages/onmt/translate/beam_search.py:209: UserWarning: An output with one or more elements was resized since it had shape [480], which does not match the required output shape [16, 30].This behavior is deprecated, and in a future PyTorch release outputs will not be resized unless they have zero elements. You can explicitly reuse an out tensor t by resizing it, inplace, to zero elements with t.resize_(0). (Triggered internally at  /pytorch/aten/src/ATen/native/Resize.cpp:23.)
  torch.mul(self.topk_scores, length_penalty, out=self.topk_log_probs)
/home/nitai/miniconda3/envs/SimQA-code/lib/python3.7/site-packages/torch/_tensor.py:575: UserWarning: floor_divide is deprecated, and will be removed in a future version of pytorch. It currently rounds toward 0 (like the 'trunc' function NOT 'floor'). This results in incorrect rounding for negative values.
To keep the current behavior, use torch.div(a, b, rounding_mode='trunc'), or for actual floor division, use torch.div(a, b, rounding_mode='floor'). (Triggered internally at  /pytorch/aten/src/ATen/native/BinaryOps.cpp:467.)
  return torch.floor_divide(self, other)
/home/nitai/miniconda3/envs/SimQA-code/lib/python3.7/site-packages/onmt/translate/beam_search.py:209: UserWarning: An output with one or more elements was resized since it had shape [180], which does not match the required output shape [6, 30].This behavior is deprecated, and in a future PyTorch release outputs will not be resized unless they have zero elements. You can explicitly reuse an out tensor t by resizing it, inplace, to zero elements with t.resize_(0). (Triggered internally at  /pytorch/aten/src/ATen/native/Resize.cpp:23.)
  torch.mul(self.topk_scores, length_penalty, out=self.topk_log_probs)
2021-10-13 18:46:53,659 INFO Validation metrics: Bleu: 0.1776,Correct answers 0.0018, State transitions score: 0.0003
2021-10-13 18:46:53,662 INFO Validation perplexity: 3.39724
2021-10-13 18:46:53,663 INFO Validation accuracy: 54.8931
2021-10-13 18:46:53,678 INFO Saving checkpoint /home/nitai/SimQA/checkpoints/MLE/v3/lookahead_ls_10_la_1.00_step_1000.pt
2021-10-13 18:46:56,963 INFO Loading dataset from data/v3/processed/SimQA.train.0.pt
2021-10-13 18:46:57,256 INFO number of examples: 3029
2021-10-13 18:47:12,389 INFO Step 1100/10000; acc:  55.64; ppl:  3.34; xent: 1.21; lr: 0.00100; 6606/4416 tok/s;    316 sec
2021-10-13 18:47:20,361 INFO Loading dataset from data/v3/processed/SimQA.train.0.pt
2021-10-13 18:47:20,658 INFO number of examples: 3029
2021-10-13 18:47:31,125 INFO Step 1200/10000; acc:  55.97; ppl:  3.31; xent: 1.20; lr: 0.00100; 26763/17824 tok/s;    335 sec
2021-10-13 18:47:43,900 INFO Loading dataset from data/v3/processed/SimQA.train.0.pt
2021-10-13 18:47:44,288 INFO number of examples: 3029
2021-10-13 18:47:49,861 INFO Step 1300/10000; acc:  55.94; ppl:  3.31; xent: 1.20; lr: 0.00100; 26461/17668 tok/s;    353 sec
2021-10-13 18:48:07,532 INFO Loading dataset from data/v3/processed/SimQA.train.0.pt
2021-10-13 18:48:07,831 INFO number of examples: 3029
2021-10-13 18:48:08,505 INFO Step 1400/10000; acc:  55.97; ppl:  3.30; xent: 1.19; lr: 0.00100; 26684/17857 tok/s;    372 sec
2021-10-13 18:48:26,401 INFO Step 1500/10000; acc:  56.32; ppl:  3.28; xent: 1.19; lr: 0.00100; 27742/18500 tok/s;    390 sec
2021-10-13 18:48:30,897 INFO Loading dataset from data/v3/processed/SimQA.train.0.pt
2021-10-13 18:48:31,190 INFO number of examples: 3029
2021-10-13 18:48:44,827 INFO Step 1600/10000; acc:  56.37; ppl:  3.27; xent: 1.19; lr: 0.00100; 27022/18091 tok/s;    408 sec
2021-10-13 18:48:54,308 INFO Loading dataset from data/v3/processed/SimQA.train.0.pt
2021-10-13 18:48:54,617 INFO number of examples: 3029
2021-10-13 18:49:03,550 INFO Step 1700/10000; acc:  56.81; ppl:  3.24; xent: 1.17; lr: 0.00100; 26760/17855 tok/s;    427 sec
2021-10-13 18:49:17,748 INFO Loading dataset from data/v3/processed/SimQA.train.0.pt
2021-10-13 18:49:18,046 INFO number of examples: 3029
2021-10-13 18:49:22,163 INFO Step 1800/10000; acc:  56.62; ppl:  3.25; xent: 1.18; lr: 0.00100; 26737/17833 tok/s;    446 sec
2021-10-13 18:49:40,293 INFO Step 1900/10000; acc:  56.87; ppl:  3.23; xent: 1.17; lr: 0.00100; 27321/18302 tok/s;    464 sec
2021-10-13 18:49:41,221 INFO Loading dataset from data/v3/processed/SimQA.train.0.pt
2021-10-13 18:49:41,601 INFO number of examples: 3029
2021-10-13 18:49:58,650 INFO Step 2000/10000; acc:  57.06; ppl:  3.21; xent: 1.17; lr: 0.00100; 27141/18071 tok/s;    482 sec
2021-10-13 18:49:58,658 INFO MLE pre-trained model validation:
2021-10-13 18:49:58,659 INFO Loading dataset from data/v3/processed/SimQA.valid.0.pt
2021-10-13 18:49:58,710 INFO number of examples: 534
2021-10-13 18:50:47,038 INFO Validation metrics: Bleu: 0.1640,Correct answers 0.0074, State transitions score: 0.0003
2021-10-13 18:50:47,042 INFO Validation perplexity: 3.36574
2021-10-13 18:50:47,042 INFO Validation accuracy: 55.184
2021-10-13 18:50:47,060 INFO Saving checkpoint /home/nitai/SimQA/checkpoints/MLE/v3/lookahead_ls_10_la_1.00_step_2000.pt
2021-10-13 18:50:53,247 INFO Loading dataset from data/v3/processed/SimQA.train.0.pt
2021-10-13 18:50:53,633 INFO number of examples: 3029
2021-10-13 18:51:06,021 INFO Step 2100/10000; acc:  57.22; ppl:  3.20; xent: 1.16; lr: 0.00100; 7439/4980 tok/s;    549 sec
2021-10-13 18:51:16,838 INFO Loading dataset from data/v3/processed/SimQA.train.0.pt
2021-10-13 18:51:17,152 INFO number of examples: 3029
2021-10-13 18:51:24,720 INFO Step 2200/10000; acc:  57.59; ppl:  3.17; xent: 1.15; lr: 0.00100; 26553/17732 tok/s;    568 sec
2021-10-13 18:51:40,260 INFO Loading dataset from data/v3/processed/SimQA.train.0.pt
2021-10-13 18:51:40,552 INFO number of examples: 3029
2021-10-13 18:51:43,220 INFO Step 2300/10000; acc:  57.45; ppl:  3.18; xent: 1.16; lr: 0.00100; 26887/17954 tok/s;    587 sec
2021-10-13 18:52:01,238 INFO Step 2400/10000; acc:  57.93; ppl:  3.15; xent: 1.15; lr: 0.00100; 27543/18385 tok/s;    605 sec
2021-10-13 18:52:03,723 INFO Loading dataset from data/v3/processed/SimQA.train.0.pt
2021-10-13 18:52:04,031 INFO number of examples: 3029
2021-10-13 18:52:19,841 INFO Step 2500/10000; acc:  58.04; ppl:  3.14; xent: 1.14; lr: 0.00100; 26793/17899 tok/s;    623 sec
2021-10-13 18:52:27,216 INFO Loading dataset from data/v3/processed/SimQA.train.0.pt
2021-10-13 18:52:27,509 INFO number of examples: 3029
2021-10-13 18:52:38,453 INFO Step 2600/10000; acc:  58.31; ppl:  3.12; xent: 1.14; lr: 0.00100; 26947/17946 tok/s;    642 sec
2021-10-13 18:52:50,715 INFO Loading dataset from data/v3/processed/SimQA.train.0.pt
2021-10-13 18:52:51,100 INFO number of examples: 3029
2021-10-13 18:52:57,176 INFO Step 2700/10000; acc:  58.55; ppl:  3.10; xent: 1.13; lr: 0.00100; 26499/17685 tok/s;    661 sec
2021-10-13 18:53:14,244 INFO Loading dataset from data/v3/processed/SimQA.train.0.pt
2021-10-13 18:53:14,546 INFO number of examples: 3029
2021-10-13 18:53:15,785 INFO Step 2800/10000; acc:  58.60; ppl:  3.10; xent: 1.13; lr: 0.00100; 26742/17892 tok/s;    679 sec
2021-10-13 18:53:33,652 INFO Step 2900/10000; acc:  58.98; ppl:  3.07; xent: 1.12; lr: 0.00100; 27794/18551 tok/s;    697 sec
2021-10-13 18:53:37,599 INFO Loading dataset from data/v3/processed/SimQA.train.0.pt
2021-10-13 18:53:37,890 INFO number of examples: 3029
2021-10-13 18:53:52,075 INFO Step 3000/10000; acc:  59.08; ppl:  3.06; xent: 1.12; lr: 0.00100; 27039/18085 tok/s;    715 sec
2021-10-13 18:53:52,082 INFO MLE pre-trained model validation:
2021-10-13 18:53:52,083 INFO Loading dataset from data/v3/processed/SimQA.valid.0.pt
2021-10-13 18:53:52,140 INFO number of examples: 534
2021-10-13 18:54:52,469 INFO Validation metrics: Bleu: 0.2374,Correct answers 0.0037, State transitions score: 0.0000
2021-10-13 18:54:52,473 INFO Validation perplexity: 3.41165
2021-10-13 18:54:52,473 INFO Validation accuracy: 55.0826
2021-10-13 18:54:52,494 INFO Saving checkpoint /home/nitai/SimQA/checkpoints/MLE/v3/lookahead_ls_10_la_1.00_step_3000.pt
2021-10-13 18:55:01,736 INFO Loading dataset from data/v3/processed/SimQA.train.0.pt
2021-10-13 18:55:02,044 INFO number of examples: 3029
2021-10-13 18:55:11,629 INFO Step 3100/10000; acc:  59.60; ppl:  3.03; xent: 1.11; lr: 0.00100; 6296/4193 tok/s;    795 sec
2021-10-13 18:55:25,283 INFO Loading dataset from data/v3/processed/SimQA.train.0.pt
2021-10-13 18:55:25,585 INFO number of examples: 3029
2021-10-13 18:55:30,247 INFO Step 3200/10000; acc:  59.54; ppl:  3.03; xent: 1.11; lr: 0.00100; 26707/17839 tok/s;    814 sec
2021-10-13 18:55:48,446 INFO Step 3300/10000; acc:  59.95; ppl:  3.00; xent: 1.10; lr: 0.00100; 27271/18253 tok/s;    832 sec
2021-10-13 18:55:48,804 INFO Loading dataset from data/v3/processed/SimQA.train.0.pt
2021-10-13 18:55:49,099 INFO number of examples: 3029
2021-10-13 18:56:06,898 INFO Step 3400/10000; acc:  60.24; ppl:  2.99; xent: 1.09; lr: 0.00100; 26964/17932 tok/s;    850 sec
2021-10-13 18:56:12,301 INFO Loading dataset from data/v3/processed/SimQA.train.0.pt
2021-10-13 18:56:12,687 INFO number of examples: 3029
2021-10-13 18:56:25,589 INFO Step 3500/10000; acc:  60.44; ppl:  2.97; xent: 1.09; lr: 0.00100; 26811/17970 tok/s;    869 sec
2021-10-13 18:56:35,858 INFO Loading dataset from data/v3/processed/SimQA.train.0.pt
2021-10-13 18:56:36,157 INFO number of examples: 3029
2021-10-13 18:56:44,238 INFO Step 3600/10000; acc:  60.81; ppl:  2.95; xent: 1.08; lr: 0.00100; 26619/17817 tok/s;    888 sec
2021-10-13 18:56:59,315 INFO Loading dataset from data/v3/processed/SimQA.train.0.pt
2021-10-13 18:56:59,616 INFO number of examples: 3029
2021-10-13 18:57:02,830 INFO Step 3700/10000; acc:  60.92; ppl:  2.94; xent: 1.08; lr: 0.00100; 26778/17813 tok/s;    906 sec
2021-10-13 18:57:20,982 INFO Step 3800/10000; acc:  61.43; ppl:  2.90; xent: 1.07; lr: 0.00100; 27323/18305 tok/s;    924 sec
2021-10-13 18:57:22,791 INFO Loading dataset from data/v3/processed/SimQA.train.0.pt
2021-10-13 18:57:23,084 INFO number of examples: 3029
2021-10-13 18:57:39,225 INFO Step 3900/10000; acc:  61.85; ppl:  2.88; xent: 1.06; lr: 0.00100; 27282/18241 tok/s;    943 sec
2021-10-13 18:57:46,029 INFO Loading dataset from data/v3/processed/SimQA.train.0.pt
2021-10-13 18:57:46,414 INFO number of examples: 3029
2021-10-13 18:57:57,803 INFO Step 4000/10000; acc:  61.98; ppl:  2.86; xent: 1.05; lr: 0.00100; 27010/17980 tok/s;    961 sec
2021-10-13 18:57:57,811 INFO MLE pre-trained model validation:
2021-10-13 18:57:57,812 INFO Loading dataset from data/v3/processed/SimQA.valid.0.pt
2021-10-13 18:57:57,862 INFO number of examples: 534
2021-10-13 18:58:51,259 INFO Validation metrics: Bleu: 0.2637,Correct answers 0.0055, State transitions score: 0.0002
2021-10-13 18:58:51,264 INFO Validation perplexity: 3.55891
2021-10-13 18:58:51,264 INFO Validation accuracy: 55.2307
2021-10-13 18:58:51,286 INFO Saving checkpoint /home/nitai/SimQA/checkpoints/MLE/v3/lookahead_ls_10_la_1.00_step_4000.pt
2021-10-13 18:59:03,352 INFO Loading dataset from data/v3/processed/SimQA.train.0.pt
2021-10-13 18:59:03,650 INFO number of examples: 3029
2021-10-13 18:59:10,280 INFO Step 4100/10000; acc:  62.50; ppl:  2.83; xent: 1.04; lr: 0.00100; 6847/4572 tok/s;   1034 sec
2021-10-13 18:59:26,768 INFO Loading dataset from data/v3/processed/SimQA.train.0.pt
2021-10-13 18:59:27,070 INFO number of examples: 3029
2021-10-13 18:59:28,878 INFO Step 4200/10000; acc:  62.74; ppl:  2.81; xent: 1.03; lr: 0.00100; 26753/17895 tok/s;   1052 sec
2021-10-13 18:59:46,891 INFO Step 4300/10000; acc:  63.49; ppl:  2.76; xent: 1.02; lr: 0.00100; 27546/18385 tok/s;   1070 sec
2021-10-13 18:59:50,268 INFO Loading dataset from data/v3/processed/SimQA.train.0.pt
2021-10-13 18:59:50,563 INFO number of examples: 3029
2021-10-13 19:00:05,481 INFO Step 4400/10000; acc:  63.69; ppl:  2.74; xent: 1.01; lr: 0.00100; 26863/17935 tok/s;   1089 sec
2021-10-13 19:00:13,813 INFO Loading dataset from data/v3/processed/SimQA.train.0.pt
2021-10-13 19:00:14,125 INFO number of examples: 3029
2021-10-13 19:00:24,221 INFO Step 4500/10000; acc:  64.10; ppl:  2.71; xent: 1.00; lr: 0.00100; 26735/17806 tok/s;   1108 sec
2021-10-13 19:00:37,298 INFO Loading dataset from data/v3/processed/SimQA.train.0.pt
2021-10-13 19:00:37,672 INFO number of examples: 3029
2021-10-13 19:00:42,829 INFO Step 4600/10000; acc:  64.36; ppl:  2.69; xent: 0.99; lr: 0.00100; 26637/17783 tok/s;   1126 sec
2021-10-13 19:01:00,727 INFO Loading dataset from data/v3/processed/SimQA.train.0.pt
2021-10-13 19:01:01,028 INFO number of examples: 3029
2021-10-13 19:01:01,297 INFO Step 4700/10000; acc:  64.92; ppl:  2.66; xent: 0.98; lr: 0.00100; 26928/18024 tok/s;   1145 sec
2021-10-13 19:01:19,212 INFO Step 4800/10000; acc:  65.38; ppl:  2.63; xent: 0.97; lr: 0.00100; 27738/18473 tok/s;   1163 sec
2021-10-13 19:01:24,027 INFO Loading dataset from data/v3/processed/SimQA.train.0.pt
2021-10-13 19:01:24,325 INFO number of examples: 3029
2021-10-13 19:01:37,640 INFO Step 4900/10000; acc:  65.54; ppl:  2.62; xent: 0.96; lr: 0.00100; 27209/18248 tok/s;   1181 sec
2021-10-13 19:01:47,309 INFO Loading dataset from data/v3/processed/SimQA.train.0.pt
2021-10-13 19:01:47,625 INFO number of examples: 3029
2021-10-13 19:01:56,219 INFO Step 5000/10000; acc:  65.99; ppl:  2.59; xent: 0.95; lr: 0.00100; 26752/17848 tok/s;   1200 sec
2021-10-13 19:01:56,227 INFO MLE pre-trained model validation:
2021-10-13 19:01:56,228 INFO Loading dataset from data/v3/processed/SimQA.valid.0.pt
2021-10-13 19:01:56,278 INFO number of examples: 534
2021-10-13 19:02:44,505 INFO Validation metrics: Bleu: 0.2366,Correct answers 0.0074, State transitions score: 0.0004
2021-10-13 19:02:44,509 INFO Validation perplexity: 3.73004
2021-10-13 19:02:44,509 INFO Validation accuracy: 56.2138
2021-10-13 19:02:44,530 INFO Saving checkpoint /home/nitai/SimQA/checkpoints/MLE/v3/lookahead_ls_10_la_1.00_step_5000.pt
2021-10-13 19:02:59,264 INFO Loading dataset from data/v3/processed/SimQA.train.0.pt
2021-10-13 19:02:59,660 INFO number of examples: 3029
2021-10-13 19:03:03,381 INFO Step 5100/10000; acc:  66.25; ppl:  2.57; xent: 0.95; lr: 0.00100; 7405/4944 tok/s;   1267 sec
2021-10-13 19:03:21,561 INFO Step 5200/10000; acc:  66.67; ppl:  2.54; xent: 0.93; lr: 0.00100; 27288/18242 tok/s;   1285 sec
2021-10-13 19:04:16,912 INFO Loading dataset from data/v3/processed/SimQA.train.0.pt
2021-10-13 19:04:17,257 INFO number of examples: 3029
2021-10-13 19:04:33,988 INFO Step 5300/10000; acc:  66.88; ppl:  2.53; xent: 0.93; lr: 0.00100; 27060/18054 tok/s;   1357 sec
2021-10-13 19:04:40,329 INFO Loading dataset from data/v3/processed/SimQA.train.0.pt
2021-10-13 19:04:40,637 INFO number of examples: 3029
2021-10-13 19:04:52,568 INFO Step 5400/10000; acc:  67.01; ppl:  2.51; xent: 0.92; lr: 0.00100; 26967/18039 tok/s;   1376 sec
2021-10-13 19:05:03,747 INFO Loading dataset from data/v3/processed/SimQA.train.0.pt
2021-10-13 19:05:04,048 INFO number of examples: 3029
2021-10-13 19:05:11,258 INFO Step 5500/10000; acc:  67.33; ppl:  2.49; xent: 0.91; lr: 0.00100; 26585/17746 tok/s;   1395 sec
2021-10-13 19:05:27,238 INFO Loading dataset from data/v3/processed/SimQA.train.0.pt
2021-10-13 19:05:27,634 INFO number of examples: 3029
2021-10-13 19:05:29,961 INFO Step 5600/10000; acc:  67.68; ppl:  2.48; xent: 0.91; lr: 0.00100; 26581/17759 tok/s;   1413 sec
2021-10-13 19:05:47,842 INFO Step 5700/10000; acc:  68.10; ppl:  2.44; xent: 0.89; lr: 0.00100; 27779/18514 tok/s;   1431 sec
2021-10-13 19:05:50,692 INFO Loading dataset from data/v3/processed/SimQA.train.0.pt
2021-10-13 19:05:50,986 INFO number of examples: 3029
2021-10-13 19:06:06,250 INFO Step 5800/10000; acc:  68.25; ppl:  2.44; xent: 0.89; lr: 0.00100; 27076/18100 tok/s;   1450 sec
2021-10-13 19:06:13,975 INFO Loading dataset from data/v3/processed/SimQA.train.0.pt
2021-10-13 19:06:14,282 INFO number of examples: 3029
2021-10-13 19:06:24,915 INFO Step 5900/10000; acc:  68.62; ppl:  2.41; xent: 0.88; lr: 0.00100; 26861/17884 tok/s;   1468 sec
2021-10-13 19:06:37,484 INFO Loading dataset from data/v3/processed/SimQA.train.0.pt
2021-10-13 19:06:37,779 INFO number of examples: 3029
2021-10-13 19:06:43,463 INFO Step 6000/10000; acc:  68.78; ppl:  2.40; xent: 0.88; lr: 0.00100; 26746/17867 tok/s;   1487 sec
2021-10-13 19:06:43,470 INFO MLE pre-trained model validation:
2021-10-13 19:06:43,471 INFO Loading dataset from data/v3/processed/SimQA.valid.0.pt
2021-10-13 19:06:43,527 INFO number of examples: 534
2021-10-13 19:07:35,009 INFO Validation metrics: Bleu: 0.2854,Correct answers 0.0110, State transitions score: 0.0003
2021-10-13 19:07:35,012 INFO Validation perplexity: 3.93622
2021-10-13 19:07:35,012 INFO Validation accuracy: 56.4913
2021-10-13 19:07:35,028 INFO Saving checkpoint /home/nitai/SimQA/checkpoints/MLE/v3/lookahead_ls_10_la_1.00_step_6000.pt
2021-10-13 19:07:52,765 INFO Loading dataset from data/v3/processed/SimQA.train.0.pt
2021-10-13 19:07:53,147 INFO number of examples: 3029
2021-10-13 19:07:54,017 INFO Step 6100/10000; acc:  69.11; ppl:  2.38; xent: 0.87; lr: 0.00100; 7052/4720 tok/s;   1557 sec
2021-10-13 19:08:12,055 INFO Step 6200/10000; acc:  69.52; ppl:  2.35; xent: 0.85; lr: 0.00100; 27544/18358 tok/s;   1575 sec
2021-10-13 19:08:16,350 INFO Loading dataset from data/v3/processed/SimQA.train.0.pt
2021-10-13 19:08:16,660 INFO number of examples: 3029
2021-10-13 19:08:30,500 INFO Step 6300/10000; acc:  69.60; ppl:  2.35; xent: 0.85; lr: 0.00100; 26977/18076 tok/s;   1594 sec
2021-10-13 19:08:39,810 INFO Loading dataset from data/v3/processed/SimQA.train.0.pt
2021-10-13 19:08:40,109 INFO number of examples: 3029
2021-10-13 19:08:49,230 INFO Step 6400/10000; acc:  70.00; ppl:  2.32; xent: 0.84; lr: 0.00100; 26746/17821 tok/s;   1613 sec
2021-10-13 19:09:03,260 INFO Loading dataset from data/v3/processed/SimQA.train.0.pt
2021-10-13 19:09:03,566 INFO number of examples: 3029
2021-10-13 19:09:07,880 INFO Step 6500/10000; acc:  70.14; ppl:  2.31; xent: 0.84; lr: 0.00100; 26667/17804 tok/s;   1631 sec
2021-10-13 19:09:25,967 INFO Step 6600/10000; acc:  70.51; ppl:  2.29; xent: 0.83; lr: 0.00100; 27401/18346 tok/s;   1649 sec
2021-10-13 19:09:26,700 INFO Loading dataset from data/v3/processed/SimQA.train.0.pt
2021-10-13 19:09:27,078 INFO number of examples: 3029
2021-10-13 19:09:44,272 INFO Step 6700/10000; acc:  70.87; ppl:  2.27; xent: 0.82; lr: 0.00100; 27222/18087 tok/s;   1668 sec
2021-10-13 19:09:50,073 INFO Loading dataset from data/v3/processed/SimQA.train.0.pt
2021-10-13 19:09:50,382 INFO number of examples: 3029
2021-10-13 19:10:02,818 INFO Step 6800/10000; acc:  70.87; ppl:  2.27; xent: 0.82; lr: 0.00100; 27006/18106 tok/s;   1686 sec
2021-10-13 19:10:13,393 INFO Loading dataset from data/v3/processed/SimQA.train.0.pt
2021-10-13 19:10:13,688 INFO number of examples: 3029
2021-10-13 19:10:21,397 INFO Step 6900/10000; acc:  71.39; ppl:  2.23; xent: 0.80; lr: 0.00100; 26737/17862 tok/s;   1705 sec
2021-10-13 19:10:36,813 INFO Loading dataset from data/v3/processed/SimQA.train.0.pt
2021-10-13 19:10:37,113 INFO number of examples: 3029
2021-10-13 19:10:39,943 INFO Step 7000/10000; acc:  71.43; ppl:  2.23; xent: 0.80; lr: 0.00100; 26834/17908 tok/s;   1723 sec
2021-10-13 19:10:39,950 INFO MLE pre-trained model validation:
2021-10-13 19:10:39,951 INFO Loading dataset from data/v3/processed/SimQA.valid.0.pt
2021-10-13 19:10:40,002 INFO number of examples: 534
2021-10-13 19:11:28,602 INFO Validation metrics: Bleu: 0.2505,Correct answers 0.0110, State transitions score: 0.0005
2021-10-13 19:11:28,606 INFO Validation perplexity: 4.18508
2021-10-13 19:11:28,606 INFO Validation accuracy: 56.1578
2021-10-13 19:11:28,627 INFO Saving checkpoint /home/nitai/SimQA/checkpoints/MLE/v3/lookahead_ls_10_la_1.00_step_7000.pt
2021-10-13 19:11:47,017 INFO Step 7100/10000; acc:  71.84; ppl:  2.20; xent: 0.79; lr: 0.00100; 7393/4942 tok/s;   1790 sec
2021-10-13 19:11:49,321 INFO Loading dataset from data/v3/processed/SimQA.train.0.pt
2021-10-13 19:11:49,699 INFO number of examples: 3029
2021-10-13 19:12:05,552 INFO Step 7200/10000; acc:  72.03; ppl:  2.20; xent: 0.79; lr: 0.00100; 26868/17944 tok/s;   1809 sec
2021-10-13 19:12:12,808 INFO Loading dataset from data/v3/processed/SimQA.train.0.pt
2021-10-13 19:12:13,111 INFO number of examples: 3029
2021-10-13 19:12:24,212 INFO Step 7300/10000; acc:  72.36; ppl:  2.19; xent: 0.78; lr: 0.00100; 26889/17919 tok/s;   1828 sec
2021-10-13 19:12:36,216 INFO Loading dataset from data/v3/processed/SimQA.train.0.pt
2021-10-13 19:12:36,521 INFO number of examples: 3029
2021-10-13 19:12:42,804 INFO Step 7400/10000; acc:  72.65; ppl:  2.16; xent: 0.77; lr: 0.00100; 26688/17806 tok/s;   1846 sec
2021-10-13 19:12:59,744 INFO Loading dataset from data/v3/processed/SimQA.train.0.pt
2021-10-13 19:13:00,041 INFO number of examples: 3029
2021-10-13 19:13:01,476 INFO Step 7500/10000; acc:  72.76; ppl:  2.15; xent: 0.77; lr: 0.00100; 26655/17835 tok/s;   1865 sec
2021-10-13 19:13:19,431 INFO Step 7600/10000; acc:  73.34; ppl:  2.12; xent: 0.75; lr: 0.00100; 27674/18467 tok/s;   1883 sec
2021-10-13 19:13:23,251 INFO Loading dataset from data/v3/processed/SimQA.train.0.pt
2021-10-13 19:13:23,648 INFO number of examples: 3029
2021-10-13 19:13:38,063 INFO Step 7700/10000; acc:  73.22; ppl:  2.13; xent: 0.75; lr: 0.00100; 26750/17906 tok/s;   1901 sec
2021-10-13 19:13:46,676 INFO Loading dataset from data/v3/processed/SimQA.train.0.pt
2021-10-13 19:13:46,981 INFO number of examples: 3029
2021-10-13 19:13:56,601 INFO Step 7800/10000; acc:  73.90; ppl:  2.09; xent: 0.74; lr: 0.00100; 27015/17958 tok/s;   1920 sec
2021-10-13 19:14:09,974 INFO Loading dataset from data/v3/processed/SimQA.train.0.pt
2021-10-13 19:14:10,276 INFO number of examples: 3029
2021-10-13 19:14:15,079 INFO Step 7900/10000; acc:  73.80; ppl:  2.09; xent: 0.74; lr: 0.00100; 26895/17949 tok/s;   1938 sec
2021-10-13 19:14:33,264 INFO Step 8000/10000; acc:  74.07; ppl:  2.08; xent: 0.73; lr: 0.00100; 27280/18278 tok/s;   1957 sec
2021-10-13 19:14:33,272 INFO MLE pre-trained model validation:
2021-10-13 19:14:33,273 INFO Loading dataset from data/v3/processed/SimQA.valid.0.pt
2021-10-13 19:14:33,323 INFO number of examples: 534
2021-10-13 19:15:22,653 INFO Validation metrics: Bleu: 0.2660,Correct answers 0.0129, State transitions score: 0.0001
2021-10-13 19:15:22,657 INFO Validation perplexity: 4.65641
2021-10-13 19:15:22,657 INFO Validation accuracy: 56.0431
2021-10-13 19:15:22,677 INFO Saving checkpoint /home/nitai/SimQA/checkpoints/MLE/v3/lookahead_ls_10_la_1.00_step_8000.pt
2021-10-13 19:15:23,044 INFO Loading dataset from data/v3/processed/SimQA.train.0.pt
2021-10-13 19:15:23,439 INFO number of examples: 3029
2021-10-13 19:15:41,322 INFO Step 8100/10000; acc:  74.32; ppl:  2.06; xent: 0.72; lr: 0.00100; 7313/4863 tok/s;   2025 sec
2021-10-13 19:15:46,506 INFO Loading dataset from data/v3/processed/SimQA.train.0.pt
2021-10-13 19:15:46,805 INFO number of examples: 3029
2021-10-13 19:15:59,867 INFO Step 8200/10000; acc:  74.40; ppl:  2.06; xent: 0.72; lr: 0.00100; 27007/18128 tok/s;   2043 sec
2021-10-13 19:16:09,986 INFO Loading dataset from data/v3/processed/SimQA.train.0.pt
2021-10-13 19:16:10,298 INFO number of examples: 3029
2021-10-13 19:16:18,587 INFO Step 8300/10000; acc:  74.82; ppl:  2.04; xent: 0.71; lr: 0.00100; 26544/17733 tok/s;   2062 sec
2021-10-13 19:16:33,511 INFO Loading dataset from data/v3/processed/SimQA.train.0.pt
2021-10-13 19:16:33,806 INFO number of examples: 3029
2021-10-13 19:16:37,156 INFO Step 8400/10000; acc:  74.90; ppl:  2.03; xent: 0.71; lr: 0.00100; 26790/17850 tok/s;   2081 sec
2021-10-13 19:16:55,385 INFO Step 8500/10000; acc:  75.24; ppl:  2.01; xent: 0.70; lr: 0.00100; 27205/18207 tok/s;   2099 sec
2021-10-13 19:16:57,023 INFO Loading dataset from data/v3/processed/SimQA.train.0.pt
2021-10-13 19:16:57,413 INFO number of examples: 3029
2021-10-13 19:17:13,947 INFO Step 8600/10000; acc:  75.52; ppl:  2.00; xent: 0.69; lr: 0.00100; 26809/17929 tok/s;   2117 sec
2021-10-13 19:17:20,665 INFO Loading dataset from data/v3/processed/SimQA.train.0.pt
2021-10-13 19:17:20,975 INFO number of examples: 3029
2021-10-13 19:17:32,554 INFO Step 8700/10000; acc:  75.61; ppl:  1.99; xent: 0.69; lr: 0.00100; 26988/17973 tok/s;   2136 sec
2021-10-13 19:17:43,988 INFO Loading dataset from data/v3/processed/SimQA.train.0.pt
2021-10-13 19:17:44,285 INFO number of examples: 3029
2021-10-13 19:17:51,053 INFO Step 8800/10000; acc:  75.97; ppl:  1.97; xent: 0.68; lr: 0.00100; 26824/17904 tok/s;   2154 sec
2021-10-13 19:18:07,265 INFO Loading dataset from data/v3/processed/SimQA.train.0.pt
2021-10-13 19:18:07,560 INFO number of examples: 3029
2021-10-13 19:18:09,518 INFO Step 8900/10000; acc:  75.98; ppl:  1.97; xent: 0.68; lr: 0.00100; 26938/18011 tok/s;   2173 sec
2021-10-13 19:18:27,449 INFO Step 9000/10000; acc:  76.48; ppl:  1.94; xent: 0.66; lr: 0.00100; 27675/18492 tok/s;   2191 sec
2021-10-13 19:18:27,457 INFO MLE pre-trained model validation:
2021-10-13 19:18:27,458 INFO Loading dataset from data/v3/processed/SimQA.valid.0.pt
2021-10-13 19:18:27,515 INFO number of examples: 534
2021-10-13 19:19:19,024 INFO Validation metrics: Bleu: 0.2948,Correct answers 0.0129, State transitions score: 0.0006
2021-10-13 19:19:19,027 INFO Validation perplexity: 5.3535
2021-10-13 19:19:19,027 INFO Validation accuracy: 56.1938
2021-10-13 19:19:19,048 INFO Saving checkpoint /home/nitai/SimQA/checkpoints/MLE/v3/lookahead_ls_10_la_1.00_step_9000.pt
2021-10-13 19:19:22,433 INFO Loading dataset from data/v3/processed/SimQA.train.0.pt
2021-10-13 19:19:22,817 INFO number of examples: 3029
2021-10-13 19:19:37,911 INFO Step 9100/10000; acc:  76.42; ppl:  1.95; xent: 0.67; lr: 0.00100; 7084/4725 tok/s;   2261 sec
2021-10-13 19:19:46,007 INFO Loading dataset from data/v3/processed/SimQA.train.0.pt
2021-10-13 19:19:46,329 INFO number of examples: 3029
2021-10-13 19:19:56,574 INFO Step 9200/10000; acc:  76.77; ppl:  1.93; xent: 0.66; lr: 0.00100; 26858/17892 tok/s;   2280 sec
2021-10-13 19:20:09,458 INFO Loading dataset from data/v3/processed/SimQA.train.0.pt
2021-10-13 19:20:09,753 INFO number of examples: 3029
2021-10-13 19:20:15,076 INFO Step 9300/10000; acc:  76.91; ppl:  1.92; xent: 0.65; lr: 0.00100; 26792/17900 tok/s;   2298 sec
2021-10-13 19:20:32,860 INFO Loading dataset from data/v3/processed/SimQA.train.0.pt
2021-10-13 19:20:33,166 INFO number of examples: 3029
2021-10-13 19:20:33,670 INFO Step 9400/10000; acc:  77.26; ppl:  1.90; xent: 0.64; lr: 0.00100; 26765/17892 tok/s;   2317 sec
2021-10-13 19:20:51,741 INFO Step 9500/10000; acc:  77.43; ppl:  1.89; xent: 0.64; lr: 0.00100; 27481/18315 tok/s;   2335 sec
2021-10-13 19:20:56,413 INFO Loading dataset from data/v3/processed/SimQA.train.0.pt
2021-10-13 19:20:56,795 INFO number of examples: 3029
2021-10-13 19:21:10,481 INFO Step 9600/10000; acc:  77.24; ppl:  1.90; xent: 0.64; lr: 0.00100; 26753/17929 tok/s;   2354 sec
2021-10-13 19:21:20,085 INFO Loading dataset from data/v3/processed/SimQA.train.0.pt
2021-10-13 19:21:20,386 INFO number of examples: 3029
2021-10-13 19:21:29,096 INFO Step 9700/10000; acc:  77.84; ppl:  1.87; xent: 0.62; lr: 0.00100; 26688/17816 tok/s;   2373 sec
2021-10-13 19:21:43,378 INFO Loading dataset from data/v3/processed/SimQA.train.0.pt
2021-10-13 19:21:43,679 INFO number of examples: 3029
2021-10-13 19:21:47,577 INFO Step 9800/10000; acc:  77.88; ppl:  1.87; xent: 0.63; lr: 0.00100; 26934/17953 tok/s;   2391 sec
2021-10-13 19:22:05,572 INFO Step 9900/10000; acc:  78.17; ppl:  1.86; xent: 0.62; lr: 0.00100; 27558/18459 tok/s;   2409 sec
2021-10-13 19:22:06,676 INFO Loading dataset from data/v3/processed/SimQA.train.0.pt
2021-10-13 19:22:06,978 INFO number of examples: 3029
2021-10-13 19:22:24,094 INFO Step 10000/10000; acc:  78.19; ppl:  1.85; xent: 0.62; lr: 0.00100; 26879/17909 tok/s;   2428 sec
2021-10-13 19:22:24,102 INFO MLE pre-trained model validation:
2021-10-13 19:22:24,102 INFO Loading dataset from data/v3/processed/SimQA.valid.0.pt
2021-10-13 19:22:24,159 INFO number of examples: 534
2021-10-13 19:23:11,927 INFO Validation metrics: Bleu: 0.2387,Correct answers 0.0110, State transitions score: 0.0004
2021-10-13 19:23:11,931 INFO Validation perplexity: 5.88886
2021-10-13 19:23:11,931 INFO Validation accuracy: 56.6033
2021-10-13 19:23:11,951 INFO Saving checkpoint /home/nitai/SimQA/checkpoints/MLE/v3/lookahead_ls_10_la_1.00_step_10000.pt
2021-10-13 19:23:16,426 INFO Running on device=`cuda` (device_id=0)
2021-10-13 19:23:19,597 INFO Start training loop and validate every 1000 steps...
2021-10-13 19:23:19,598 INFO Loading dataset from data/v3/processed/SimQA.train.0.pt
2021-10-13 19:23:19,900 INFO number of examples: 3029
2021-10-13 19:23:38,533 INFO Step 100/10000; acc:  37.26; ppl:  6.90; xent: 1.93; lr: 0.00100; 26321/17517 tok/s;     19 sec
2021-10-13 19:23:43,486 INFO Loading dataset from data/v3/processed/SimQA.train.0.pt
2021-10-13 19:23:43,869 INFO number of examples: 3029
2021-10-13 19:23:57,129 INFO Step 200/10000; acc:  51.42; ppl:  3.90; xent: 1.36; lr: 0.00100; 26743/17815 tok/s;     38 sec
2021-10-13 19:24:06,981 INFO Loading dataset from data/v3/processed/SimQA.train.0.pt
2021-10-13 19:24:07,276 INFO number of examples: 3029
2021-10-13 19:24:15,726 INFO Step 300/10000; acc:  53.43; ppl:  3.62; xent: 1.29; lr: 0.00100; 26954/18057 tok/s;     56 sec
2021-10-13 19:25:02,440 INFO Loading dataset from data/v3/processed/SimQA.train.0.pt
2021-10-13 19:25:02,745 INFO number of examples: 3029
2021-10-13 19:25:06,156 INFO Step 400/10000; acc:  54.15; ppl:  3.52; xent: 1.26; lr: 0.00100; 26530/17723 tok/s;    107 sec
2021-10-13 19:25:24,418 INFO Step 500/10000; acc:  54.31; ppl:  3.48; xent: 1.25; lr: 0.00100; 27183/18209 tok/s;    125 sec
2021-10-13 19:25:25,913 INFO Loading dataset from data/v3/processed/SimQA.train.0.pt
2021-10-13 19:25:26,208 INFO number of examples: 3029
2021-10-13 19:25:42,914 INFO Step 600/10000; acc:  54.87; ppl:  3.43; xent: 1.23; lr: 0.00100; 26935/17912 tok/s;    143 sec
2021-10-13 19:25:49,412 INFO Loading dataset from data/v3/processed/SimQA.train.0.pt
2021-10-13 19:25:49,785 INFO number of examples: 3029
2021-10-13 19:26:01,704 INFO Step 700/10000; acc:  55.07; ppl:  3.40; xent: 1.22; lr: 0.00100; 26720/17790 tok/s;    162 sec
2021-10-13 19:26:12,868 INFO Loading dataset from data/v3/processed/SimQA.train.0.pt
2021-10-13 19:26:13,164 INFO number of examples: 3029
2021-10-13 19:26:20,078 INFO Step 800/10000; acc:  55.27; ppl:  3.38; xent: 1.22; lr: 0.00100; 27010/18137 tok/s;    180 sec
2021-10-13 19:26:36,255 INFO Loading dataset from data/v3/processed/SimQA.train.0.pt
2021-10-13 19:26:36,555 INFO number of examples: 3029
2021-10-13 19:26:38,526 INFO Step 900/10000; acc:  55.56; ppl:  3.36; xent: 1.21; lr: 0.00100; 26876/17959 tok/s;    199 sec
2021-10-13 19:26:56,810 INFO Step 1000/10000; acc:  55.51; ppl:  3.35; xent: 1.21; lr: 0.00100; 27226/18219 tok/s;    217 sec
2021-10-13 19:26:56,818 INFO MLE pre-trained model validation:
2021-10-13 19:26:56,819 INFO Loading dataset from data/v3/processed/SimQA.valid.0.pt
2021-10-13 19:26:56,871 INFO number of examples: 534
/home/nitai/miniconda3/envs/SimQA-code/lib/python3.7/site-packages/onmt/translate/beam_search.py:209: UserWarning: An output with one or more elements was resized since it had shape [480], which does not match the required output shape [16, 30].This behavior is deprecated, and in a future PyTorch release outputs will not be resized unless they have zero elements. You can explicitly reuse an out tensor t by resizing it, inplace, to zero elements with t.resize_(0). (Triggered internally at  /pytorch/aten/src/ATen/native/Resize.cpp:23.)
  torch.mul(self.topk_scores, length_penalty, out=self.topk_log_probs)
/home/nitai/miniconda3/envs/SimQA-code/lib/python3.7/site-packages/torch/_tensor.py:575: UserWarning: floor_divide is deprecated, and will be removed in a future version of pytorch. It currently rounds toward 0 (like the 'trunc' function NOT 'floor'). This results in incorrect rounding for negative values.
To keep the current behavior, use torch.div(a, b, rounding_mode='trunc'), or for actual floor division, use torch.div(a, b, rounding_mode='floor'). (Triggered internally at  /pytorch/aten/src/ATen/native/BinaryOps.cpp:467.)
  return torch.floor_divide(self, other)
/home/nitai/miniconda3/envs/SimQA-code/lib/python3.7/site-packages/onmt/translate/beam_search.py:209: UserWarning: An output with one or more elements was resized since it had shape [180], which does not match the required output shape [6, 30].This behavior is deprecated, and in a future PyTorch release outputs will not be resized unless they have zero elements. You can explicitly reuse an out tensor t by resizing it, inplace, to zero elements with t.resize_(0). (Triggered internally at  /pytorch/aten/src/ATen/native/Resize.cpp:23.)
  torch.mul(self.topk_scores, length_penalty, out=self.topk_log_probs)
2021-10-13 19:27:52,667 INFO Validation metrics: Bleu: 0.1946,Correct answers 0.0074, State transitions score: 0.0003
2021-10-13 19:27:52,671 INFO Validation perplexity: 3.3862
2021-10-13 19:27:52,671 INFO Validation accuracy: 54.677
2021-10-13 19:27:52,692 INFO Saving checkpoint /home/nitai/SimQA/checkpoints/MLE/v3/lookahead_ls_15_la_1.00_step_1000.pt
2021-10-13 19:27:55,761 INFO Loading dataset from data/v3/processed/SimQA.train.0.pt
2021-10-13 19:27:56,068 INFO number of examples: 3029
2021-10-13 19:28:11,242 INFO Step 1100/10000; acc:  56.00; ppl:  3.31; xent: 1.20; lr: 0.00100; 6677/4441 tok/s;    292 sec
2021-10-13 19:28:19,233 INFO Loading dataset from data/v3/processed/SimQA.train.0.pt
2021-10-13 19:28:19,534 INFO number of examples: 3029
2021-10-13 19:28:29,927 INFO Step 1200/10000; acc:  56.20; ppl:  3.29; xent: 1.19; lr: 0.00100; 26908/17931 tok/s;    310 sec
2021-10-13 19:28:42,707 INFO Loading dataset from data/v3/processed/SimQA.train.0.pt
2021-10-13 19:28:43,074 INFO number of examples: 3029
2021-10-13 19:28:48,462 INFO Step 1300/10000; acc:  56.29; ppl:  3.28; xent: 1.19; lr: 0.00100; 26722/17907 tok/s;    329 sec
2021-10-13 19:29:06,372 INFO Loading dataset from data/v3/processed/SimQA.train.0.pt
2021-10-13 19:29:06,679 INFO number of examples: 3029
2021-10-13 19:29:07,230 INFO Step 1400/10000; acc:  56.54; ppl:  3.26; xent: 1.18; lr: 0.00100; 26513/17687 tok/s;    348 sec
2021-10-13 19:29:25,456 INFO Step 1500/10000; acc:  56.88; ppl:  3.24; xent: 1.17; lr: 0.00100; 27309/18234 tok/s;    366 sec
2021-10-13 19:29:29,829 INFO Loading dataset from data/v3/processed/SimQA.train.0.pt
2021-10-13 19:29:30,122 INFO number of examples: 3029
2021-10-13 19:29:43,876 INFO Step 1600/10000; acc:  57.09; ppl:  3.21; xent: 1.17; lr: 0.00100; 26981/17991 tok/s;    384 sec
2021-10-13 19:29:53,317 INFO Loading dataset from data/v3/processed/SimQA.train.0.pt
2021-10-13 19:29:53,613 INFO number of examples: 3029
2021-10-13 19:30:02,588 INFO Step 1700/10000; acc:  57.19; ppl:  3.21; xent: 1.17; lr: 0.00100; 26807/17915 tok/s;    403 sec
2021-10-13 19:30:16,711 INFO Loading dataset from data/v3/processed/SimQA.train.0.pt
2021-10-13 19:30:17,091 INFO number of examples: 3029
2021-10-13 19:30:21,021 INFO Step 1800/10000; acc:  57.42; ppl:  3.19; xent: 1.16; lr: 0.00100; 26886/17956 tok/s;    421 sec
2021-10-13 19:30:39,229 INFO Step 1900/10000; acc:  57.59; ppl:  3.17; xent: 1.16; lr: 0.00100; 27299/18303 tok/s;    440 sec
2021-10-13 19:30:40,194 INFO Loading dataset from data/v3/processed/SimQA.train.0.pt
2021-10-13 19:30:40,491 INFO number of examples: 3029
2021-10-13 19:30:57,858 INFO Step 2000/10000; acc:  58.16; ppl:  3.14; xent: 1.14; lr: 0.00100; 26736/17784 tok/s;    458 sec
2021-10-13 19:30:57,865 INFO MLE pre-trained model validation:
2021-10-13 19:30:57,866 INFO Loading dataset from data/v3/processed/SimQA.valid.0.pt
2021-10-13 19:30:57,917 INFO number of examples: 534
2021-10-13 19:31:49,537 INFO Validation metrics: Bleu: 0.1887,Correct answers 0.0074, State transitions score: 0.0003
2021-10-13 19:31:49,541 INFO Validation perplexity: 3.3473
2021-10-13 19:31:49,541 INFO Validation accuracy: 55.6322
2021-10-13 19:31:49,560 INFO Saving checkpoint /home/nitai/SimQA/checkpoints/MLE/v3/lookahead_ls_15_la_1.00_step_2000.pt
2021-10-13 19:31:55,904 INFO Loading dataset from data/v3/processed/SimQA.train.0.pt
2021-10-13 19:31:56,285 INFO number of examples: 3029
2021-10-13 19:32:08,713 INFO Step 2100/10000; acc:  58.38; ppl:  3.12; xent: 1.14; lr: 0.00100; 7088/4708 tok/s;    529 sec
2021-10-13 19:32:19,343 INFO Loading dataset from data/v3/processed/SimQA.train.0.pt
2021-10-13 19:32:19,637 INFO number of examples: 3029
2021-10-13 19:32:27,127 INFO Step 2200/10000; acc:  58.51; ppl:  3.11; xent: 1.13; lr: 0.00100; 26946/18129 tok/s;    548 sec
2021-10-13 19:32:42,796 INFO Loading dataset from data/v3/processed/SimQA.train.0.pt
2021-10-13 19:32:43,096 INFO number of examples: 3029
2021-10-13 19:32:45,600 INFO Step 2300/10000; acc:  59.08; ppl:  3.07; xent: 1.12; lr: 0.00100; 26821/17929 tok/s;    566 sec
2021-10-13 19:33:03,943 INFO Step 2400/10000; acc:  59.33; ppl:  3.05; xent: 1.11; lr: 0.00100; 27126/18162 tok/s;    584 sec
2021-10-13 19:33:06,257 INFO Loading dataset from data/v3/processed/SimQA.train.0.pt
2021-10-13 19:33:06,547 INFO number of examples: 3029
2021-10-13 19:33:22,235 INFO Step 2500/10000; acc:  59.98; ppl:  3.00; xent: 1.10; lr: 0.00100; 27195/18071 tok/s;    603 sec
2021-10-13 19:33:29,729 INFO Loading dataset from data/v3/processed/SimQA.train.0.pt
2021-10-13 19:33:30,042 INFO number of examples: 3029
2021-10-13 19:33:41,121 INFO Step 2600/10000; acc:  60.41; ppl:  2.97; xent: 1.09; lr: 0.00100; 26623/17742 tok/s;    622 sec
2021-10-13 19:33:53,261 INFO Loading dataset from data/v3/processed/SimQA.train.0.pt
2021-10-13 19:33:53,627 INFO number of examples: 3029
2021-10-13 19:33:59,569 INFO Step 2700/10000; acc:  60.74; ppl:  2.94; xent: 1.08; lr: 0.00100; 26856/17997 tok/s;    640 sec
2021-10-13 19:34:16,687 INFO Loading dataset from data/v3/processed/SimQA.train.0.pt
2021-10-13 19:34:16,982 INFO number of examples: 3029
2021-10-13 19:34:18,055 INFO Step 2800/10000; acc:  61.28; ppl:  2.90; xent: 1.06; lr: 0.00100; 26875/17917 tok/s;    658 sec
2021-10-13 19:34:36,276 INFO Step 2900/10000; acc:  61.69; ppl:  2.87; xent: 1.06; lr: 0.00100; 27296/18264 tok/s;    677 sec
2021-10-13 19:34:40,129 INFO Loading dataset from data/v3/processed/SimQA.train.0.pt
2021-10-13 19:34:40,430 INFO number of examples: 3029
2021-10-13 19:34:54,815 INFO Step 3000/10000; acc:  62.10; ppl:  2.84; xent: 1.04; lr: 0.00100; 26846/17895 tok/s;    695 sec
2021-10-13 19:34:54,823 INFO MLE pre-trained model validation:
2021-10-13 19:34:54,824 INFO Loading dataset from data/v3/processed/SimQA.valid.0.pt
2021-10-13 19:34:54,885 INFO number of examples: 534
2021-10-13 19:35:43,126 INFO Validation metrics: Bleu: 0.1924,Correct answers 0.0074, State transitions score: 0.0020
2021-10-13 19:35:43,130 INFO Validation perplexity: 3.28448
2021-10-13 19:35:43,131 INFO Validation accuracy: 57.321
2021-10-13 19:35:43,147 INFO Saving checkpoint /home/nitai/SimQA/checkpoints/MLE/v3/lookahead_ls_15_la_1.00_step_3000.pt
2021-10-13 19:35:52,486 INFO Loading dataset from data/v3/processed/SimQA.train.0.pt
2021-10-13 19:35:52,892 INFO number of examples: 3029
2021-10-13 19:36:02,497 INFO Step 3100/10000; acc:  62.46; ppl:  2.82; xent: 1.04; lr: 0.00100; 7419/4946 tok/s;    763 sec
2021-10-13 19:36:16,099 INFO Loading dataset from data/v3/processed/SimQA.train.0.pt
2021-10-13 19:36:16,397 INFO number of examples: 3029
2021-10-13 19:36:20,858 INFO Step 3200/10000; acc:  62.82; ppl:  2.79; xent: 1.03; lr: 0.00100; 26988/18060 tok/s;    781 sec
2021-10-13 19:36:39,272 INFO Step 3300/10000; acc:  63.22; ppl:  2.76; xent: 1.02; lr: 0.00100; 26990/18073 tok/s;    800 sec
2021-10-13 19:36:39,657 INFO Loading dataset from data/v3/processed/SimQA.train.0.pt
2021-10-13 19:36:39,946 INFO number of examples: 3029
2021-10-13 19:36:57,841 INFO Step 3400/10000; acc:  63.57; ppl:  2.74; xent: 1.01; lr: 0.00100; 26829/17819 tok/s;    818 sec
2021-10-13 19:37:03,187 INFO Loading dataset from data/v3/processed/SimQA.train.0.pt
2021-10-13 19:37:03,489 INFO number of examples: 3029
2021-10-13 19:37:16,571 INFO Step 3500/10000; acc:  64.13; ppl:  2.70; xent: 0.99; lr: 0.00100; 26581/17705 tok/s;    837 sec
2021-10-13 19:37:26,816 INFO Loading dataset from data/v3/processed/SimQA.train.0.pt
2021-10-13 19:37:27,202 INFO number of examples: 3029
2021-10-13 19:37:35,302 INFO Step 3600/10000; acc:  64.12; ppl:  2.70; xent: 0.99; lr: 0.00100; 26724/17935 tok/s;    856 sec
2021-10-13 19:37:50,298 INFO Loading dataset from data/v3/processed/SimQA.train.0.pt
2021-10-13 19:37:50,592 INFO number of examples: 3029
2021-10-13 19:37:53,659 INFO Step 3700/10000; acc:  64.52; ppl:  2.67; xent: 0.98; lr: 0.00100; 27006/18049 tok/s;    874 sec
2021-10-13 19:38:11,852 INFO Step 3800/10000; acc:  64.75; ppl:  2.66; xent: 0.98; lr: 0.00100; 27324/18286 tok/s;    892 sec
2021-10-13 19:38:13,684 INFO Loading dataset from data/v3/processed/SimQA.train.0.pt
2021-10-13 19:38:13,985 INFO number of examples: 3029
2021-10-13 19:38:30,239 INFO Step 3900/10000; acc:  65.34; ppl:  2.62; xent: 0.96; lr: 0.00100; 27057/18021 tok/s;    911 sec
2021-10-13 19:38:37,110 INFO Loading dataset from data/v3/processed/SimQA.train.0.pt
2021-10-13 19:38:37,420 INFO number of examples: 3029
2021-10-13 19:38:49,105 INFO Step 4000/10000; acc:  65.53; ppl:  2.60; xent: 0.96; lr: 0.00100; 26620/17726 tok/s;    930 sec
2021-10-13 19:38:49,113 INFO MLE pre-trained model validation:
2021-10-13 19:38:49,114 INFO Loading dataset from data/v3/processed/SimQA.valid.0.pt
2021-10-13 19:38:49,165 INFO number of examples: 534
2021-10-13 19:39:39,197 INFO Validation metrics: Bleu: 0.2382,Correct answers 0.0184, State transitions score: 0.0017
2021-10-13 19:39:39,201 INFO Validation perplexity: 3.42355
2021-10-13 19:39:39,201 INFO Validation accuracy: 57.8213
2021-10-13 19:39:39,223 INFO Saving checkpoint /home/nitai/SimQA/checkpoints/MLE/v3/lookahead_ls_15_la_1.00_step_4000.pt
2021-10-13 19:39:51,309 INFO Loading dataset from data/v3/processed/SimQA.train.0.pt
2021-10-13 19:39:51,701 INFO number of examples: 3029
2021-10-13 19:39:58,216 INFO Step 4100/10000; acc:  65.73; ppl:  2.59; xent: 0.95; lr: 0.00100; 7178/4814 tok/s;    999 sec
2021-10-13 19:40:14,916 INFO Loading dataset from data/v3/processed/SimQA.train.0.pt
2021-10-13 19:40:15,206 INFO number of examples: 3029
2021-10-13 19:40:16,859 INFO Step 4200/10000; acc:  66.20; ppl:  2.55; xent: 0.94; lr: 0.00100; 26614/17794 tok/s;   1017 sec
2021-10-13 19:40:35,003 INFO Step 4300/10000; acc:  66.31; ppl:  2.55; xent: 0.94; lr: 0.00100; 27423/18353 tok/s;   1035 sec
2021-10-13 19:40:38,273 INFO Loading dataset from data/v3/processed/SimQA.train.0.pt
2021-10-13 19:40:38,574 INFO number of examples: 3029
2021-10-13 19:40:53,492 INFO Step 4400/10000; acc:  66.81; ppl:  2.51; xent: 0.92; lr: 0.00100; 26900/17909 tok/s;   1054 sec
2021-10-13 19:41:01,779 INFO Loading dataset from data/v3/processed/SimQA.train.0.pt
2021-10-13 19:41:02,075 INFO number of examples: 3029
2021-10-13 19:41:12,135 INFO Step 4500/10000; acc:  66.98; ppl:  2.50; xent: 0.92; lr: 0.00100; 26962/17957 tok/s;   1073 sec
2021-10-13 19:41:25,173 INFO Loading dataset from data/v3/processed/SimQA.train.0.pt
2021-10-13 19:41:25,560 INFO number of examples: 3029
2021-10-13 19:41:30,534 INFO Step 4600/10000; acc:  67.33; ppl:  2.48; xent: 0.91; lr: 0.00100; 26943/18029 tok/s;   1091 sec
2021-10-13 19:41:48,622 INFO Loading dataset from data/v3/processed/SimQA.train.0.pt
2021-10-13 19:41:48,917 INFO number of examples: 3029
2021-10-13 19:41:49,131 INFO Step 4700/10000; acc:  67.52; ppl:  2.47; xent: 0.91; lr: 0.00100; 26715/17847 tok/s;   1110 sec
2021-10-13 19:42:07,301 INFO Step 4800/10000; acc:  67.87; ppl:  2.45; xent: 0.89; lr: 0.00100; 27431/18287 tok/s;   1128 sec
2021-10-13 19:42:12,041 INFO Loading dataset from data/v3/processed/SimQA.train.0.pt
2021-10-13 19:42:12,338 INFO number of examples: 3029
2021-10-13 19:42:25,779 INFO Step 4900/10000; acc:  68.30; ppl:  2.42; xent: 0.88; lr: 0.00100; 26899/17920 tok/s;   1146 sec
2021-10-13 19:42:35,471 INFO Loading dataset from data/v3/processed/SimQA.train.0.pt
2021-10-13 19:42:35,771 INFO number of examples: 3029
2021-10-13 19:42:44,376 INFO Step 5000/10000; acc:  68.44; ppl:  2.41; xent: 0.88; lr: 0.00100; 26956/18037 tok/s;   1165 sec
2021-10-13 19:42:44,383 INFO MLE pre-trained model validation:
2021-10-13 19:42:44,384 INFO Loading dataset from data/v3/processed/SimQA.valid.0.pt
2021-10-13 19:42:44,436 INFO number of examples: 534
2021-10-13 19:43:34,531 INFO Validation metrics: Bleu: 0.2595,Correct answers 0.0239, State transitions score: 0.0008
2021-10-13 19:43:34,536 INFO Validation perplexity: 3.6362
2021-10-13 19:43:34,536 INFO Validation accuracy: 57.6772
2021-10-13 19:43:34,557 INFO Saving checkpoint /home/nitai/SimQA/checkpoints/MLE/v3/lookahead_ls_15_la_1.00_step_5000.pt
2021-10-13 19:43:49,254 INFO Loading dataset from data/v3/processed/SimQA.train.0.pt
2021-10-13 19:43:49,644 INFO number of examples: 3029
2021-10-13 19:43:53,230 INFO Step 5100/10000; acc:  68.91; ppl:  2.38; xent: 0.87; lr: 0.00100; 7202/4808 tok/s;   1234 sec
2021-10-13 19:44:11,482 INFO Step 5200/10000; acc:  68.88; ppl:  2.38; xent: 0.87; lr: 0.00100; 27214/18260 tok/s;   1252 sec
2021-10-13 19:44:12,808 INFO Loading dataset from data/v3/processed/SimQA.train.0.pt
2021-10-13 19:44:13,101 INFO number of examples: 3029
2021-10-13 19:44:30,004 INFO Step 5300/10000; acc:  69.50; ppl:  2.35; xent: 0.85; lr: 0.00100; 26886/17884 tok/s;   1270 sec
2021-10-13 19:44:36,268 INFO Loading dataset from data/v3/processed/SimQA.train.0.pt
2021-10-13 19:44:36,565 INFO number of examples: 3029
2021-10-13 19:44:48,668 INFO Step 5400/10000; acc:  69.63; ppl:  2.34; xent: 0.85; lr: 0.00100; 26911/17874 tok/s;   1289 sec
2021-10-13 19:45:30,786 INFO Loading dataset from data/v3/processed/SimQA.train.0.pt
2021-10-13 19:45:31,084 INFO number of examples: 3029
2021-10-13 19:45:38,178 INFO Step 5500/10000; acc:  69.82; ppl:  2.32; xent: 0.84; lr: 0.00100; 26681/17960 tok/s;   1339 sec
2021-10-13 19:45:54,098 INFO Loading dataset from data/v3/processed/SimQA.train.0.pt
2021-10-13 19:45:54,398 INFO number of examples: 3029
2021-10-13 19:45:56,534 INFO Step 5600/10000; acc:  70.37; ppl:  2.29; xent: 0.83; lr: 0.00100; 26997/18040 tok/s;   1357 sec
2021-10-13 19:46:14,749 INFO Step 5700/10000; acc:  70.47; ppl:  2.28; xent: 0.83; lr: 0.00100; 27356/18280 tok/s;   1375 sec
2021-10-13 19:46:17,430 INFO Loading dataset from data/v3/processed/SimQA.train.0.pt
2021-10-13 19:46:17,789 INFO number of examples: 3029
2021-10-13 19:46:33,149 INFO Step 5800/10000; acc:  70.92; ppl:  2.26; xent: 0.81; lr: 0.00100; 26988/17964 tok/s;   1394 sec
2021-10-13 19:46:40,931 INFO Loading dataset from data/v3/processed/SimQA.train.0.pt
2021-10-13 19:46:41,225 INFO number of examples: 3029
2021-10-13 19:46:51,879 INFO Step 5900/10000; acc:  70.96; ppl:  2.25; xent: 0.81; lr: 0.00100; 26837/17887 tok/s;   1412 sec
2021-10-13 19:47:04,408 INFO Loading dataset from data/v3/processed/SimQA.train.0.pt
2021-10-13 19:47:04,714 INFO number of examples: 3029
2021-10-13 19:47:10,285 INFO Step 6000/10000; acc:  71.45; ppl:  2.23; xent: 0.80; lr: 0.00100; 26919/18036 tok/s;   1431 sec
2021-10-13 19:47:10,293 INFO MLE pre-trained model validation:
2021-10-13 19:47:10,294 INFO Loading dataset from data/v3/processed/SimQA.valid.0.pt
2021-10-13 19:47:10,345 INFO number of examples: 534
2021-10-13 19:48:04,056 INFO Validation metrics: Bleu: 0.3072,Correct answers 0.0129, State transitions score: 0.0006
2021-10-13 19:48:04,060 INFO Validation perplexity: 3.84754
2021-10-13 19:48:04,060 INFO Validation accuracy: 57.6999
2021-10-13 19:48:04,081 INFO Saving checkpoint /home/nitai/SimQA/checkpoints/MLE/v3/lookahead_ls_15_la_1.00_step_6000.pt
2021-10-13 19:48:22,563 INFO Loading dataset from data/v3/processed/SimQA.train.0.pt
2021-10-13 19:48:22,954 INFO number of examples: 3029
2021-10-13 19:48:23,663 INFO Step 6100/10000; acc:  71.63; ppl:  2.21; xent: 0.79; lr: 0.00100; 6778/4524 tok/s;   1504 sec
2021-10-13 19:48:41,834 INFO Step 6200/10000; acc:  71.93; ppl:  2.19; xent: 0.78; lr: 0.00100; 27384/18284 tok/s;   1522 sec
2021-10-13 19:48:46,046 INFO Loading dataset from data/v3/processed/SimQA.train.0.pt
2021-10-13 19:48:46,339 INFO number of examples: 3029
2021-10-13 19:49:00,259 INFO Step 6300/10000; acc:  72.21; ppl:  2.18; xent: 0.78; lr: 0.00100; 26991/17993 tok/s;   1541 sec
2021-10-13 19:49:09,488 INFO Loading dataset from data/v3/processed/SimQA.train.0.pt
2021-10-13 19:49:09,787 INFO number of examples: 3029
2021-10-13 19:49:19,006 INFO Step 6400/10000; acc:  72.42; ppl:  2.17; xent: 0.77; lr: 0.00100; 26784/17876 tok/s;   1559 sec
2021-10-13 19:49:33,063 INFO Loading dataset from data/v3/processed/SimQA.train.0.pt
2021-10-13 19:49:33,365 INFO number of examples: 3029
2021-10-13 19:49:37,505 INFO Step 6500/10000; acc:  72.78; ppl:  2.14; xent: 0.76; lr: 0.00100; 26793/17940 tok/s;   1578 sec
2021-10-13 19:49:55,686 INFO Step 6600/10000; acc:  72.92; ppl:  2.14; xent: 0.76; lr: 0.00100; 27322/18262 tok/s;   1596 sec
2021-10-13 19:49:56,462 INFO Loading dataset from data/v3/processed/SimQA.train.0.pt
2021-10-13 19:49:56,847 INFO number of examples: 3029
2021-10-13 19:50:14,131 INFO Step 6700/10000; acc:  73.37; ppl:  2.11; xent: 0.75; lr: 0.00100; 27016/17972 tok/s;   1615 sec
2021-10-13 19:50:19,905 INFO Loading dataset from data/v3/processed/SimQA.train.0.pt
2021-10-13 19:50:20,198 INFO number of examples: 3029
2021-10-13 19:50:32,889 INFO Step 6800/10000; acc:  73.51; ppl:  2.10; xent: 0.74; lr: 0.00100; 26746/17786 tok/s;   1633 sec
2021-10-13 19:50:43,474 INFO Loading dataset from data/v3/processed/SimQA.train.0.pt
2021-10-13 19:50:43,772 INFO number of examples: 3029
2021-10-13 19:50:51,508 INFO Step 6900/10000; acc:  73.58; ppl:  2.10; xent: 0.74; lr: 0.00100; 26675/17945 tok/s;   1652 sec
2021-10-13 19:51:07,051 INFO Loading dataset from data/v3/processed/SimQA.train.0.pt
2021-10-13 19:51:07,357 INFO number of examples: 3029
2021-10-13 19:51:10,057 INFO Step 7000/10000; acc:  74.06; ppl:  2.07; xent: 0.73; lr: 0.00100; 26703/17833 tok/s;   1670 sec
2021-10-13 19:51:10,065 INFO MLE pre-trained model validation:
2021-10-13 19:51:10,066 INFO Loading dataset from data/v3/processed/SimQA.valid.0.pt
2021-10-13 19:51:10,125 INFO number of examples: 534
2021-10-13 19:52:01,865 INFO Validation metrics: Bleu: 0.2938,Correct answers 0.0202, State transitions score: 0.0016
2021-10-13 19:52:01,869 INFO Validation perplexity: 4.40589
2021-10-13 19:52:01,869 INFO Validation accuracy: 57.4771
2021-10-13 19:52:01,885 INFO Saving checkpoint /home/nitai/SimQA/checkpoints/MLE/v3/lookahead_ls_15_la_1.00_step_7000.pt
2021-10-13 19:52:20,803 INFO Step 7100/10000; acc:  73.93; ppl:  2.08; xent: 0.73; lr: 0.00100; 7034/4712 tok/s;   1741 sec
2021-10-13 19:52:22,959 INFO Loading dataset from data/v3/processed/SimQA.train.0.pt
2021-10-13 19:52:23,351 INFO number of examples: 3029
2021-10-13 19:52:39,261 INFO Step 7200/10000; acc:  74.55; ppl:  2.04; xent: 0.71; lr: 0.00100; 26935/17908 tok/s;   1760 sec
2021-10-13 19:52:46,498 INFO Loading dataset from data/v3/processed/SimQA.train.0.pt
2021-10-13 19:52:46,800 INFO number of examples: 3029
2021-10-13 19:52:57,974 INFO Step 7300/10000; acc:  74.66; ppl:  2.04; xent: 0.71; lr: 0.00100; 26853/17904 tok/s;   1778 sec
2021-10-13 19:53:09,911 INFO Loading dataset from data/v3/processed/SimQA.train.0.pt
2021-10-13 19:53:10,202 INFO number of examples: 3029
2021-10-13 19:53:16,348 INFO Step 7400/10000; acc:  74.94; ppl:  2.02; xent: 0.70; lr: 0.00100; 26990/18105 tok/s;   1797 sec
2021-10-13 19:53:33,277 INFO Loading dataset from data/v3/processed/SimQA.train.0.pt
2021-10-13 19:53:33,579 INFO number of examples: 3029
2021-10-13 19:53:34,831 INFO Step 7500/10000; acc:  75.08; ppl:  2.01; xent: 0.70; lr: 0.00100; 26862/17918 tok/s;   1815 sec
2021-10-13 19:53:52,993 INFO Step 7600/10000; acc:  75.31; ppl:  2.00; xent: 0.69; lr: 0.00100; 27402/18295 tok/s;   1833 sec
2021-10-13 19:53:56,651 INFO Loading dataset from data/v3/processed/SimQA.train.0.pt
2021-10-13 19:53:56,940 INFO number of examples: 3029
2021-10-13 19:54:11,367 INFO Step 7700/10000; acc:  75.69; ppl:  1.98; xent: 0.69; lr: 0.00100; 27061/18059 tok/s;   1852 sec
2021-10-13 19:54:19,992 INFO Loading dataset from data/v3/processed/SimQA.train.0.pt
2021-10-13 19:54:20,363 INFO number of examples: 3029
2021-10-13 19:54:30,224 INFO Step 7800/10000; acc:  75.67; ppl:  1.98; xent: 0.68; lr: 0.00100; 26645/17744 tok/s;   1871 sec
2021-10-13 19:54:43,732 INFO Loading dataset from data/v3/processed/SimQA.train.0.pt
2021-10-13 19:54:44,032 INFO number of examples: 3029
2021-10-13 19:54:48,703 INFO Step 7900/10000; acc:  75.92; ppl:  1.96; xent: 0.68; lr: 0.00100; 26826/17958 tok/s;   1889 sec
2021-10-13 19:55:07,073 INFO Step 8000/10000; acc:  76.07; ppl:  1.96; xent: 0.67; lr: 0.00100; 27058/18103 tok/s;   1907 sec
2021-10-13 19:55:07,081 INFO MLE pre-trained model validation:
2021-10-13 19:55:07,082 INFO Loading dataset from data/v3/processed/SimQA.valid.0.pt
2021-10-13 19:55:07,135 INFO number of examples: 534
2021-10-13 19:55:58,562 INFO Validation metrics: Bleu: 0.2909,Correct answers 0.0110, State transitions score: 0.0021
2021-10-13 19:55:58,567 INFO Validation perplexity: 4.84275
2021-10-13 19:55:58,567 INFO Validation accuracy: 57.8973
2021-10-13 19:55:58,588 INFO Saving checkpoint /home/nitai/SimQA/checkpoints/MLE/v3/lookahead_ls_15_la_1.00_step_8000.pt
2021-10-13 19:55:59,470 INFO Loading dataset from data/v3/processed/SimQA.train.0.pt
2021-10-13 19:55:59,875 INFO number of examples: 3029
2021-10-13 19:56:17,966 INFO Step 8100/10000; acc:  76.45; ppl:  1.94; xent: 0.66; lr: 0.00100; 7027/4671 tok/s;   1978 sec
2021-10-13 19:56:23,080 INFO Loading dataset from data/v3/processed/SimQA.train.0.pt
2021-10-13 19:56:23,373 INFO number of examples: 3029
2021-10-13 19:56:36,457 INFO Step 8200/10000; acc:  76.65; ppl:  1.93; xent: 0.66; lr: 0.00100; 26915/17939 tok/s;   1997 sec
2021-10-13 19:56:46,545 INFO Loading dataset from data/v3/processed/SimQA.train.0.pt
2021-10-13 19:56:46,840 INFO number of examples: 3029
2021-10-13 19:56:55,069 INFO Step 8300/10000; acc:  76.59; ppl:  1.93; xent: 0.66; lr: 0.00100; 26911/18049 tok/s;   2015 sec
2021-10-13 19:57:09,922 INFO Loading dataset from data/v3/processed/SimQA.train.0.pt
2021-10-13 19:57:10,214 INFO number of examples: 3029
2021-10-13 19:57:13,461 INFO Step 8400/10000; acc:  76.95; ppl:  1.91; xent: 0.65; lr: 0.00100; 26959/18007 tok/s;   2034 sec
2021-10-13 19:57:31,665 INFO Step 8500/10000; acc:  76.81; ppl:  1.92; xent: 0.65; lr: 0.00100; 27288/18251 tok/s;   2052 sec
2021-10-13 19:57:33,314 INFO Loading dataset from data/v3/processed/SimQA.train.0.pt
2021-10-13 19:57:33,617 INFO number of examples: 3029
2021-10-13 19:57:49,975 INFO Step 8600/10000; acc:  77.17; ppl:  1.90; xent: 0.64; lr: 0.00100; 27190/18101 tok/s;   2070 sec
2021-10-13 19:57:56,675 INFO Loading dataset from data/v3/processed/SimQA.train.0.pt
2021-10-13 19:57:57,044 INFO number of examples: 3029
2021-10-13 19:58:08,750 INFO Step 8700/10000; acc:  77.49; ppl:  1.88; xent: 0.63; lr: 0.00100; 26745/17827 tok/s;   2089 sec
2021-10-13 19:58:20,123 INFO Loading dataset from data/v3/processed/SimQA.train.0.pt
2021-10-13 19:58:20,416 INFO number of examples: 3029
2021-10-13 19:58:27,078 INFO Step 8800/10000; acc:  77.64; ppl:  1.88; xent: 0.63; lr: 0.00100; 27050/18153 tok/s;   2107 sec
2021-10-13 19:58:43,581 INFO Loading dataset from data/v3/processed/SimQA.train.0.pt
2021-10-13 19:58:43,881 INFO number of examples: 3029
2021-10-13 19:58:45,726 INFO Step 8900/10000; acc:  77.98; ppl:  1.86; xent: 0.62; lr: 0.00100; 26626/17784 tok/s;   2126 sec
2021-10-13 19:59:03,995 INFO Step 9000/10000; acc:  77.79; ppl:  1.87; xent: 0.63; lr: 0.00100; 27233/18237 tok/s;   2144 sec
2021-10-13 19:59:04,003 INFO MLE pre-trained model validation:
2021-10-13 19:59:04,003 INFO Loading dataset from data/v3/processed/SimQA.valid.0.pt
2021-10-13 19:59:04,060 INFO number of examples: 534
2021-10-13 19:59:54,076 INFO Validation metrics: Bleu: 0.2781,Correct answers 0.0129, State transitions score: 0.0001
2021-10-13 19:59:54,079 INFO Validation perplexity: 5.27821
2021-10-13 19:59:54,080 INFO Validation accuracy: 57.5838
2021-10-13 19:59:54,102 INFO Saving checkpoint /home/nitai/SimQA/checkpoints/MLE/v3/lookahead_ls_15_la_1.00_step_9000.pt
2021-10-13 19:59:57,405 INFO Loading dataset from data/v3/processed/SimQA.train.0.pt
2021-10-13 19:59:57,823 INFO number of examples: 3029
2021-10-13 20:00:12,907 INFO Step 9100/10000; acc:  78.31; ppl:  1.85; xent: 0.61; lr: 0.00100; 7209/4800 tok/s;   2213 sec
2021-10-13 20:00:21,074 INFO Loading dataset from data/v3/processed/SimQA.train.0.pt
2021-10-13 20:00:21,374 INFO number of examples: 3029
2021-10-13 20:00:31,720 INFO Step 9200/10000; acc:  78.36; ppl:  1.84; xent: 0.61; lr: 0.00100; 26748/17804 tok/s;   2232 sec
2021-10-13 20:00:44,686 INFO Loading dataset from data/v3/processed/SimQA.train.0.pt
2021-10-13 20:00:44,983 INFO number of examples: 3029
2021-10-13 20:00:50,182 INFO Step 9300/10000; acc:  78.67; ppl:  1.83; xent: 0.60; lr: 0.00100; 26843/17968 tok/s;   2251 sec
2021-10-13 20:01:08,150 INFO Loading dataset from data/v3/processed/SimQA.train.0.pt
2021-10-13 20:01:08,444 INFO number of examples: 3029
2021-10-13 20:01:08,826 INFO Step 9400/10000; acc:  78.69; ppl:  1.82; xent: 0.60; lr: 0.00100; 26664/17797 tok/s;   2269 sec
2021-10-13 20:01:27,070 INFO Step 9500/10000; acc:  78.83; ppl:  1.82; xent: 0.60; lr: 0.00100; 27300/18217 tok/s;   2287 sec
2021-10-13 20:01:31,607 INFO Loading dataset from data/v3/processed/SimQA.train.0.pt
2021-10-13 20:01:31,912 INFO number of examples: 3029
2021-10-13 20:01:45,420 INFO Step 9600/10000; acc:  79.36; ppl:  1.79; xent: 0.58; lr: 0.00100; 27087/18055 tok/s;   2306 sec
2021-10-13 20:01:54,899 INFO Loading dataset from data/v3/processed/SimQA.train.0.pt
2021-10-13 20:01:55,260 INFO number of examples: 3029
2021-10-13 20:02:04,048 INFO Step 9700/10000; acc:  79.12; ppl:  1.80; xent: 0.59; lr: 0.00100; 26904/18005 tok/s;   2324 sec
2021-10-13 20:02:18,359 INFO Loading dataset from data/v3/processed/SimQA.train.0.pt
2021-10-13 20:02:18,650 INFO number of examples: 3029
2021-10-13 20:02:22,397 INFO Step 9800/10000; acc:  79.56; ppl:  1.78; xent: 0.58; lr: 0.00100; 27028/18026 tok/s;   2343 sec
2021-10-13 20:02:40,596 INFO Step 9900/10000; acc:  79.58; ppl:  1.78; xent: 0.58; lr: 0.00100; 27295/18328 tok/s;   2361 sec
2021-10-13 20:02:41,724 INFO Loading dataset from data/v3/processed/SimQA.train.0.pt
2021-10-13 20:02:42,027 INFO number of examples: 3029
2021-10-13 20:02:58,999 INFO Step 10000/10000; acc:  80.06; ppl:  1.76; xent: 0.56; lr: 0.00100; 27090/18010 tok/s;   2379 sec
2021-10-13 20:02:59,007 INFO MLE pre-trained model validation:
2021-10-13 20:02:59,008 INFO Loading dataset from data/v3/processed/SimQA.valid.0.pt
2021-10-13 20:02:59,060 INFO number of examples: 534
2021-10-13 20:03:52,720 INFO Validation metrics: Bleu: 0.3344,Correct answers 0.0165, State transitions score: 0.0007
2021-10-13 20:03:52,724 INFO Validation perplexity: 5.64262
2021-10-13 20:03:52,725 INFO Validation accuracy: 57.4958
2021-10-13 20:03:52,751 INFO Saving checkpoint /home/nitai/SimQA/checkpoints/MLE/v3/lookahead_ls_15_la_1.00_step_10000.pt
