hello from Python 3.7.11 in /home/nitai/miniconda3/envs/SimQA-code/bin/python
running train_mle.py experiments
2021-10-05 01:02:34,310 INFO Running on device=`cuda` (device_id=0)
2021-10-05 01:02:37,519 INFO Start training loop and validate every 1000 steps...
2021-10-05 01:02:37,520 INFO Loading dataset from data/v2/processed/SimQA.train.0.pt
2021-10-05 01:02:37,577 INFO number of examples: 3029
2021-10-05 01:02:50,176 INFO Loading dataset from data/v2/processed/SimQA.train.0.pt
2021-10-05 01:02:50,263 INFO number of examples: 3029
2021-10-05 01:02:50,983 INFO Step 100/10000; acc:  18.83; ppl: 21.72; xent: 3.08; lr: 0.00100; 49615/10664 tok/s;     13 sec
2021-10-05 01:03:01,143 INFO Loading dataset from data/v2/processed/SimQA.train.0.pt
2021-10-05 01:03:01,204 INFO number of examples: 3029
2021-10-05 01:03:02,403 INFO Step 200/10000; acc:  19.69; ppl: 20.54; xent: 3.02; lr: 0.00100; 58701/12579 tok/s;     25 sec
2021-10-05 01:03:11,635 INFO Loading dataset from data/v2/processed/SimQA.train.0.pt
2021-10-05 01:03:11,688 INFO number of examples: 3029
2021-10-05 01:03:13,493 INFO Step 300/10000; acc:  19.93; ppl: 20.47; xent: 3.02; lr: 0.00100; 60481/12967 tok/s;     36 sec
2021-10-05 01:03:22,192 INFO Loading dataset from data/v2/processed/SimQA.train.0.pt
2021-10-05 01:03:22,252 INFO number of examples: 3029
2021-10-05 01:03:24,622 INFO Step 400/10000; acc:  20.11; ppl: 20.47; xent: 3.02; lr: 0.00100; 59884/12946 tok/s;     47 sec
2021-10-05 01:03:32,730 INFO Loading dataset from data/v2/processed/SimQA.train.0.pt
2021-10-05 01:03:32,848 INFO number of examples: 3029
2021-10-05 01:03:35,733 INFO Step 500/10000; acc:  20.19; ppl: 20.46; xent: 3.02; lr: 0.00100; 59645/12892 tok/s;     58 sec
2021-10-05 01:03:43,335 INFO Loading dataset from data/v2/processed/SimQA.train.0.pt
2021-10-05 01:03:43,394 INFO number of examples: 3029
2021-10-05 01:03:46,760 INFO Step 600/10000; acc:  19.58; ppl: 20.52; xent: 3.02; lr: 0.00100; 59928/12934 tok/s;     69 sec
2021-10-05 01:03:53,911 INFO Loading dataset from data/v2/processed/SimQA.train.0.pt
2021-10-05 01:03:53,971 INFO number of examples: 3029
2021-10-05 01:03:57,932 INFO Step 700/10000; acc:  18.93; ppl: 20.52; xent: 3.02; lr: 0.00100; 59961/12861 tok/s;     80 sec
2021-10-05 01:04:04,514 INFO Loading dataset from data/v2/processed/SimQA.train.0.pt
2021-10-05 01:04:04,568 INFO number of examples: 3029
2021-10-05 01:04:09,117 INFO Step 800/10000; acc:  19.21; ppl: 20.33; xent: 3.01; lr: 0.00100; 59754/12832 tok/s;     92 sec
2021-10-05 01:04:15,084 INFO Loading dataset from data/v2/processed/SimQA.train.0.pt
2021-10-05 01:04:15,204 INFO number of examples: 3029
2021-10-05 01:04:20,313 INFO Step 900/10000; acc:  19.50; ppl: 20.13; xent: 3.00; lr: 0.00100; 59217/12757 tok/s;    103 sec
2021-10-05 01:04:25,797 INFO Loading dataset from data/v2/processed/SimQA.train.0.pt
2021-10-05 01:04:25,851 INFO number of examples: 3029
2021-10-05 01:04:31,358 INFO Step 1000/10000; acc:  20.43; ppl: 19.74; xent: 2.98; lr: 0.00100; 59793/12912 tok/s;    114 sec
2021-10-05 01:04:31,359 INFO MLE pre-trained model validation:
2021-10-05 01:04:31,359 INFO Loading dataset from data/v2/processed/SimQA.valid.0.pt
2021-10-05 01:04:31,368 INFO number of examples: 534
/home/nitai/miniconda3/envs/SimQA-code/lib/python3.7/site-packages/onmt/translate/beam_search.py:209: UserWarning: An output with one or more elements was resized since it had shape [480], which does not match the required output shape [16, 30].This behavior is deprecated, and in a future PyTorch release outputs will not be resized unless they have zero elements. You can explicitly reuse an out tensor t by resizing it, inplace, to zero elements with t.resize_(0). (Triggered internally at  /pytorch/aten/src/ATen/native/Resize.cpp:23.)
  torch.mul(self.topk_scores, length_penalty, out=self.topk_log_probs)
/home/nitai/miniconda3/envs/SimQA-code/lib/python3.7/site-packages/torch/_tensor.py:575: UserWarning: floor_divide is deprecated, and will be removed in a future version of pytorch. It currently rounds toward 0 (like the 'trunc' function NOT 'floor'). This results in incorrect rounding for negative values.
To keep the current behavior, use torch.div(a, b, rounding_mode='trunc'), or for actual floor division, use torch.div(a, b, rounding_mode='floor'). (Triggered internally at  /pytorch/aten/src/ATen/native/BinaryOps.cpp:467.)
  return torch.floor_divide(self, other)
/home/nitai/miniconda3/envs/SimQA-code/lib/python3.7/site-packages/onmt/translate/beam_search.py:209: UserWarning: An output with one or more elements was resized since it had shape [180], which does not match the required output shape [6, 30].This behavior is deprecated, and in a future PyTorch release outputs will not be resized unless they have zero elements. You can explicitly reuse an out tensor t by resizing it, inplace, to zero elements with t.resize_(0). (Triggered internally at  /pytorch/aten/src/ATen/native/Resize.cpp:23.)
  torch.mul(self.topk_scores, length_penalty, out=self.topk_log_probs)
2021-10-05 01:05:30,215 INFO Validation metrics: Bleu: 0.0000,Correct answers 0.0000, State transitions score: 0.0000
2021-10-05 01:05:30,217 INFO Validation perplexity: 36.803
2021-10-05 01:05:30,217 INFO Validation accuracy: 1.96144
2021-10-05 01:05:30,232 INFO Saving checkpoint /home/nitai/SimQA/checkpoints/MLE_v2_step_1000.pt
2021-10-05 01:05:35,375 INFO Loading dataset from data/v2/processed/SimQA.train.0.pt
2021-10-05 01:05:35,505 INFO number of examples: 3029
2021-10-05 01:05:41,602 INFO Step 1100/10000; acc:  20.43; ppl: 19.63; xent: 2.98; lr: 0.00100; 9462/2044 tok/s;    184 sec
2021-10-05 01:05:46,077 INFO Loading dataset from data/v2/processed/SimQA.train.0.pt
2021-10-05 01:05:46,132 INFO number of examples: 3029
2021-10-05 01:05:52,746 INFO Step 1200/10000; acc:  20.90; ppl: 19.46; xent: 2.97; lr: 0.00100; 59857/12887 tok/s;    195 sec
2021-10-05 01:05:56,638 INFO Loading dataset from data/v2/processed/SimQA.train.0.pt
2021-10-05 01:05:56,688 INFO number of examples: 3029
2021-10-05 01:06:03,868 INFO Step 1300/10000; acc:  21.61; ppl: 19.16; xent: 2.95; lr: 0.00100; 60121/12914 tok/s;    206 sec
2021-10-05 01:06:07,182 INFO Loading dataset from data/v2/processed/SimQA.train.0.pt
2021-10-05 01:06:07,237 INFO number of examples: 3029
2021-10-05 01:06:15,060 INFO Step 1400/10000; acc:  21.49; ppl: 18.88; xent: 2.94; lr: 0.00100; 59319/12720 tok/s;    218 sec
2021-10-05 01:06:17,747 INFO Loading dataset from data/v2/processed/SimQA.train.0.pt
2021-10-05 01:06:17,802 INFO number of examples: 3029
2021-10-05 01:06:26,143 INFO Step 1500/10000; acc:  21.91; ppl: 18.60; xent: 2.92; lr: 0.00100; 59947/12930 tok/s;    229 sec
2021-10-05 01:06:28,310 INFO Loading dataset from data/v2/processed/SimQA.train.0.pt
2021-10-05 01:06:28,430 INFO number of examples: 3029
2021-10-05 01:06:37,356 INFO Step 1600/10000; acc:  22.20; ppl: 18.52; xent: 2.92; lr: 0.00100; 59464/12912 tok/s;    240 sec
2021-10-05 01:06:38,955 INFO Loading dataset from data/v2/processed/SimQA.train.0.pt
2021-10-05 01:06:39,009 INFO number of examples: 3029
2021-10-05 01:06:48,467 INFO Step 1700/10000; acc:  23.32; ppl: 18.11; xent: 2.90; lr: 0.00100; 59884/12887 tok/s;    251 sec
2021-10-05 01:06:49,520 INFO Loading dataset from data/v2/processed/SimQA.train.0.pt
2021-10-05 01:06:49,577 INFO number of examples: 3029
2021-10-05 01:06:59,627 INFO Step 1800/10000; acc:  22.92; ppl: 18.04; xent: 2.89; lr: 0.00100; 59717/12864 tok/s;    262 sec
2021-10-05 01:07:00,122 INFO Loading dataset from data/v2/processed/SimQA.train.0.pt
2021-10-05 01:07:00,177 INFO number of examples: 3029
2021-10-05 01:07:10,709 INFO Step 1900/10000; acc:  23.69; ppl: 17.67; xent: 2.87; lr: 0.00100; 59641/12889 tok/s;    273 sec
2021-10-05 01:07:10,710 INFO Loading dataset from data/v2/processed/SimQA.train.0.pt
2021-10-05 01:07:10,829 INFO number of examples: 3029
2021-10-05 01:07:21,437 INFO Loading dataset from data/v2/processed/SimQA.train.0.pt
2021-10-05 01:07:21,493 INFO number of examples: 3029
2021-10-05 01:07:22,086 INFO Step 2000/10000; acc:  23.88; ppl: 17.54; xent: 2.86; lr: 0.00100; 58717/12620 tok/s;    285 sec
2021-10-05 01:07:22,086 INFO MLE pre-trained model validation:
2021-10-05 01:07:22,087 INFO Loading dataset from data/v2/processed/SimQA.valid.0.pt
2021-10-05 01:07:22,100 INFO number of examples: 534
2021-10-05 01:08:20,997 INFO Validation metrics: Bleu: 0.0000,Correct answers 0.0000, State transitions score: 0.0000
2021-10-05 01:08:20,999 INFO Validation perplexity: 32.0128
2021-10-05 01:08:20,999 INFO Validation accuracy: 6.51031
2021-10-05 01:08:21,014 INFO Saving checkpoint /home/nitai/SimQA/checkpoints/MLE_v2_step_2000.pt
2021-10-05 01:08:31,133 INFO Loading dataset from data/v2/processed/SimQA.train.0.pt
2021-10-05 01:08:31,196 INFO number of examples: 3029
2021-10-05 01:08:32,400 INFO Step 2100/10000; acc:  24.49; ppl: 17.28; xent: 2.85; lr: 0.00100; 9533/2043 tok/s;    355 sec
2021-10-05 01:08:41,749 INFO Loading dataset from data/v2/processed/SimQA.train.0.pt
2021-10-05 01:08:41,873 INFO number of examples: 3029
2021-10-05 01:08:43,701 INFO Step 2200/10000; acc:  24.29; ppl: 17.17; xent: 2.84; lr: 0.00100; 59350/12725 tok/s;    366 sec
2021-10-05 01:08:52,412 INFO Loading dataset from data/v2/processed/SimQA.train.0.pt
2021-10-05 01:08:52,464 INFO number of examples: 3029
2021-10-05 01:08:54,824 INFO Step 2300/10000; acc:  24.50; ppl: 16.96; xent: 2.83; lr: 0.00100; 59917/12954 tok/s;    377 sec
2021-10-05 01:09:02,946 INFO Loading dataset from data/v2/processed/SimQA.train.0.pt
2021-10-05 01:09:03,002 INFO number of examples: 3029
2021-10-05 01:09:05,884 INFO Step 2400/10000; acc:  25.41; ppl: 16.62; xent: 2.81; lr: 0.00100; 59916/12951 tok/s;    388 sec
2021-10-05 01:09:13,549 INFO Loading dataset from data/v2/processed/SimQA.train.0.pt
2021-10-05 01:09:13,606 INFO number of examples: 3029
2021-10-05 01:09:16,958 INFO Step 2500/10000; acc:  25.90; ppl: 16.41; xent: 2.80; lr: 0.00100; 59674/12879 tok/s;    399 sec
2021-10-05 01:09:24,116 INFO Loading dataset from data/v2/processed/SimQA.train.0.pt
2021-10-05 01:09:24,239 INFO number of examples: 3029
2021-10-05 01:09:28,206 INFO Step 2600/10000; acc:  25.95; ppl: 16.29; xent: 2.79; lr: 0.00100; 59554/12774 tok/s;    411 sec
2021-10-05 01:09:34,761 INFO Loading dataset from data/v2/processed/SimQA.train.0.pt
2021-10-05 01:09:34,816 INFO number of examples: 3029
2021-10-05 01:09:39,381 INFO Step 2700/10000; acc:  25.77; ppl: 16.16; xent: 2.78; lr: 0.00100; 59808/12844 tok/s;    422 sec
2021-10-05 01:09:45,349 INFO Loading dataset from data/v2/processed/SimQA.train.0.pt
2021-10-05 01:09:45,410 INFO number of examples: 3029
2021-10-05 01:09:50,461 INFO Step 2800/10000; acc:  26.80; ppl: 15.82; xent: 2.76; lr: 0.00100; 59838/12891 tok/s;    433 sec
2021-10-05 01:09:55,922 INFO Loading dataset from data/v2/processed/SimQA.train.0.pt
2021-10-05 01:09:55,980 INFO number of examples: 3029
2021-10-05 01:10:01,532 INFO Step 2900/10000; acc:  27.56; ppl: 15.60; xent: 2.75; lr: 0.00100; 59618/12874 tok/s;    444 sec
2021-10-05 01:10:06,552 INFO Loading dataset from data/v2/processed/SimQA.train.0.pt
2021-10-05 01:10:06,683 INFO number of examples: 3029
2021-10-05 01:10:12,766 INFO Step 3000/10000; acc:  27.70; ppl: 15.34; xent: 2.73; lr: 0.00100; 59167/12782 tok/s;    455 sec
2021-10-05 01:10:12,767 INFO MLE pre-trained model validation:
2021-10-05 01:10:12,768 INFO Loading dataset from data/v2/processed/SimQA.valid.0.pt
2021-10-05 01:10:12,777 INFO number of examples: 534
2021-10-05 01:11:11,563 INFO Validation metrics: Bleu: 0.0000,Correct answers 0.0000, State transitions score: 0.0000
2021-10-05 01:11:11,564 INFO Validation perplexity: 27.834
2021-10-05 01:11:11,564 INFO Validation accuracy: 8.62616
2021-10-05 01:11:11,585 INFO Saving checkpoint /home/nitai/SimQA/checkpoints/MLE_v2_step_3000.pt
2021-10-05 01:11:16,211 INFO Loading dataset from data/v2/processed/SimQA.train.0.pt
2021-10-05 01:11:16,344 INFO number of examples: 3029
2021-10-05 01:11:22,980 INFO Step 3100/10000; acc:  27.67; ppl: 14.92; xent: 2.70; lr: 0.00100; 9499/2045 tok/s;    525 sec
2021-10-05 01:11:26,886 INFO Loading dataset from data/v2/processed/SimQA.train.0.pt
2021-10-05 01:11:26,939 INFO number of examples: 3029
2021-10-05 01:11:34,128 INFO Step 3200/10000; acc:  27.39; ppl: 14.68; xent: 2.69; lr: 0.00100; 59984/12884 tok/s;    537 sec
2021-10-05 01:11:37,465 INFO Loading dataset from data/v2/processed/SimQA.train.0.pt
2021-10-05 01:11:37,525 INFO number of examples: 3029
2021-10-05 01:11:45,436 INFO Step 3300/10000; acc:  28.28; ppl: 14.49; xent: 2.67; lr: 0.00100; 58712/12590 tok/s;    548 sec
2021-10-05 01:11:48,164 INFO Loading dataset from data/v2/processed/SimQA.train.0.pt
2021-10-05 01:11:48,219 INFO number of examples: 3029
2021-10-05 01:11:56,687 INFO Step 3400/10000; acc:  29.28; ppl: 14.20; xent: 2.65; lr: 0.00100; 59050/12737 tok/s;    559 sec
2021-10-05 01:11:58,863 INFO Loading dataset from data/v2/processed/SimQA.train.0.pt
2021-10-05 01:11:59,000 INFO number of examples: 3029
2021-10-05 01:12:07,985 INFO Step 3500/10000; acc:  29.36; ppl: 14.31; xent: 2.66; lr: 0.00100; 59018/12815 tok/s;    570 sec
2021-10-05 01:12:09,596 INFO Loading dataset from data/v2/processed/SimQA.train.0.pt
2021-10-05 01:12:09,651 INFO number of examples: 3029
2021-10-05 01:12:19,213 INFO Step 3600/10000; acc:  30.36; ppl: 13.86; xent: 2.63; lr: 0.00100; 59260/12753 tok/s;    582 sec
2021-10-05 01:12:20,289 INFO Loading dataset from data/v2/processed/SimQA.train.0.pt
2021-10-05 01:12:20,347 INFO number of examples: 3029
2021-10-05 01:12:31,443 INFO Step 3700/10000; acc:  30.05; ppl: 13.99; xent: 2.64; lr: 0.00100; 54491/11738 tok/s;    594 sec
2021-10-05 01:12:31,943 INFO Loading dataset from data/v2/processed/SimQA.train.0.pt
2021-10-05 01:12:32,003 INFO number of examples: 3029
2021-10-05 01:12:42,676 INFO Step 3800/10000; acc:  30.84; ppl: 13.63; xent: 2.61; lr: 0.00100; 58835/12715 tok/s;    605 sec
2021-10-05 01:12:42,678 INFO Loading dataset from data/v2/processed/SimQA.train.0.pt
2021-10-05 01:12:42,732 INFO number of examples: 3029
2021-10-05 01:12:53,384 INFO Loading dataset from data/v2/processed/SimQA.train.0.pt
2021-10-05 01:12:53,502 INFO number of examples: 3029
2021-10-05 01:12:54,112 INFO Step 3900/10000; acc:  31.29; ppl: 13.59; xent: 2.61; lr: 0.00100; 58417/12556 tok/s;    617 sec
2021-10-05 01:13:04,157 INFO Loading dataset from data/v2/processed/SimQA.train.0.pt
2021-10-05 01:13:04,222 INFO number of examples: 3029
2021-10-05 01:13:05,434 INFO Step 4000/10000; acc:  31.74; ppl: 13.41; xent: 2.60; lr: 0.00100; 59207/12687 tok/s;    628 sec
2021-10-05 01:13:05,435 INFO MLE pre-trained model validation:
2021-10-05 01:13:05,436 INFO Loading dataset from data/v2/processed/SimQA.valid.0.pt
2021-10-05 01:13:05,445 INFO number of examples: 534
2021-10-05 01:14:04,819 INFO Validation metrics: Bleu: 0.0000,Correct answers 0.0000, State transitions score: 0.0000
2021-10-05 01:14:04,820 INFO Validation perplexity: 24.2765
2021-10-05 01:14:04,820 INFO Validation accuracy: 18.3541
2021-10-05 01:14:04,839 INFO Saving checkpoint /home/nitai/SimQA/checkpoints/MLE_v2_step_4000.pt
2021-10-05 01:14:14,408 INFO Loading dataset from data/v2/processed/SimQA.train.0.pt
2021-10-05 01:14:14,467 INFO number of examples: 3029
2021-10-05 01:14:16,288 INFO Step 4100/10000; acc:  31.93; ppl: 13.25; xent: 2.58; lr: 0.00100; 9466/2029 tok/s;    699 sec
2021-10-05 01:14:24,996 INFO Loading dataset from data/v2/processed/SimQA.train.0.pt
2021-10-05 01:14:25,116 INFO number of examples: 3029
2021-10-05 01:14:27,481 INFO Step 4200/10000; acc:  31.78; ppl: 13.10; xent: 2.57; lr: 0.00100; 59535/12871 tok/s;    710 sec
2021-10-05 01:14:35,660 INFO Loading dataset from data/v2/processed/SimQA.train.0.pt
2021-10-05 01:14:35,712 INFO number of examples: 3029
2021-10-05 01:14:38,611 INFO Step 4300/10000; acc:  32.55; ppl: 12.83; xent: 2.55; lr: 0.00100; 59547/12871 tok/s;    721 sec
2021-10-05 01:14:46,238 INFO Loading dataset from data/v2/processed/SimQA.train.0.pt
2021-10-05 01:14:46,298 INFO number of examples: 3029
2021-10-05 01:14:49,669 INFO Step 4400/10000; acc:  33.30; ppl: 12.66; xent: 2.54; lr: 0.00100; 59758/12898 tok/s;    732 sec
2021-10-05 01:14:56,807 INFO Loading dataset from data/v2/processed/SimQA.train.0.pt
2021-10-05 01:14:56,859 INFO number of examples: 3029
2021-10-05 01:15:00,821 INFO Step 4500/10000; acc:  33.77; ppl: 12.49; xent: 2.53; lr: 0.00100; 60064/12884 tok/s;    743 sec
2021-10-05 01:15:07,394 INFO Loading dataset from data/v2/processed/SimQA.train.0.pt
2021-10-05 01:15:07,511 INFO number of examples: 3029
2021-10-05 01:15:12,047 INFO Step 4600/10000; acc:  33.92; ppl: 12.44; xent: 2.52; lr: 0.00100; 59535/12785 tok/s;    755 sec
2021-10-05 01:15:18,020 INFO Loading dataset from data/v2/processed/SimQA.train.0.pt
2021-10-05 01:15:18,085 INFO number of examples: 3029
2021-10-05 01:15:23,137 INFO Step 4700/10000; acc:  34.25; ppl: 12.12; xent: 2.49; lr: 0.00100; 59787/12879 tok/s;    766 sec
2021-10-05 01:15:28,605 INFO Loading dataset from data/v2/processed/SimQA.train.0.pt
2021-10-05 01:15:28,658 INFO number of examples: 3029
2021-10-05 01:15:34,220 INFO Step 4800/10000; acc:  35.07; ppl: 11.99; xent: 2.48; lr: 0.00100; 59556/12861 tok/s;    777 sec
2021-10-05 01:15:39,241 INFO Loading dataset from data/v2/processed/SimQA.train.0.pt
2021-10-05 01:15:39,298 INFO number of examples: 3029
2021-10-05 01:15:45,368 INFO Step 4900/10000; acc:  35.70; ppl: 11.70; xent: 2.46; lr: 0.00100; 59621/12880 tok/s;    788 sec
2021-10-05 01:15:49,820 INFO Loading dataset from data/v2/processed/SimQA.train.0.pt
2021-10-05 01:15:49,951 INFO number of examples: 3029
2021-10-05 01:15:56,538 INFO Step 5000/10000; acc:  35.94; ppl: 11.63; xent: 2.45; lr: 0.00100; 59718/12857 tok/s;    799 sec
2021-10-05 01:15:56,539 INFO MLE pre-trained model validation:
2021-10-05 01:15:56,539 INFO Loading dataset from data/v2/processed/SimQA.valid.0.pt
2021-10-05 01:15:56,549 INFO number of examples: 534
2021-10-05 01:17:00,771 INFO Validation metrics: Bleu: 0.0000,Correct answers 0.0000, State transitions score: 0.0000
2021-10-05 01:17:00,773 INFO Validation perplexity: 21.164
2021-10-05 01:17:00,773 INFO Validation accuracy: 25.0772
2021-10-05 01:17:00,788 INFO Saving checkpoint /home/nitai/SimQA/checkpoints/MLE_v2_step_5000.pt
2021-10-05 01:17:04,894 INFO Loading dataset from data/v2/processed/SimQA.train.0.pt
2021-10-05 01:17:05,019 INFO number of examples: 3029
2021-10-05 01:17:12,268 INFO Step 5100/10000; acc:  36.55; ppl: 11.36; xent: 2.43; lr: 0.00100; 8829/1896 tok/s;    875 sec
2021-10-05 01:17:15,594 INFO Loading dataset from data/v2/processed/SimQA.train.0.pt
2021-10-05 01:17:15,646 INFO number of examples: 3029
2021-10-05 01:17:23,470 INFO Step 5200/10000; acc:  36.53; ppl: 11.36; xent: 2.43; lr: 0.00100; 59269/12710 tok/s;    886 sec
2021-10-05 01:17:26,169 INFO Loading dataset from data/v2/processed/SimQA.train.0.pt
2021-10-05 01:17:26,230 INFO number of examples: 3029
2021-10-05 01:17:34,597 INFO Step 5300/10000; acc:  37.44; ppl: 10.98; xent: 2.40; lr: 0.00100; 59706/12879 tok/s;    897 sec
2021-10-05 01:17:36,775 INFO Loading dataset from data/v2/processed/SimQA.train.0.pt
2021-10-05 01:17:36,832 INFO number of examples: 3029
2021-10-05 01:17:45,794 INFO Step 5400/10000; acc:  37.08; ppl: 11.13; xent: 2.41; lr: 0.00100; 59548/12930 tok/s;    908 sec
2021-10-05 01:17:47,396 INFO Loading dataset from data/v2/processed/SimQA.train.0.pt
2021-10-05 01:17:47,524 INFO number of examples: 3029
2021-10-05 01:17:57,000 INFO Step 5500/10000; acc:  38.66; ppl: 10.64; xent: 2.36; lr: 0.00100; 59376/12778 tok/s;    919 sec
2021-10-05 01:17:58,057 INFO Loading dataset from data/v2/processed/SimQA.train.0.pt
2021-10-05 01:17:58,112 INFO number of examples: 3029
2021-10-05 01:18:08,141 INFO Step 5600/10000; acc:  37.81; ppl: 10.77; xent: 2.38; lr: 0.00100; 59821/12886 tok/s;    931 sec
2021-10-05 01:18:08,636 INFO Loading dataset from data/v2/processed/SimQA.train.0.pt
2021-10-05 01:18:08,691 INFO number of examples: 3029
2021-10-05 01:18:19,237 INFO Step 5700/10000; acc:  38.69; ppl: 10.44; xent: 2.35; lr: 0.00100; 59564/12872 tok/s;    942 sec
2021-10-05 01:18:19,238 INFO Loading dataset from data/v2/processed/SimQA.train.0.pt
2021-10-05 01:18:19,295 INFO number of examples: 3029
2021-10-05 01:18:29,790 INFO Loading dataset from data/v2/processed/SimQA.train.0.pt
2021-10-05 01:18:29,908 INFO number of examples: 3029
2021-10-05 01:18:30,504 INFO Step 5800/10000; acc:  38.73; ppl: 10.43; xent: 2.34; lr: 0.00100; 59289/12743 tok/s;    953 sec
2021-10-05 01:18:40,467 INFO Loading dataset from data/v2/processed/SimQA.train.0.pt
2021-10-05 01:18:40,526 INFO number of examples: 3029
2021-10-05 01:18:41,737 INFO Step 5900/10000; acc:  39.93; ppl: 10.16; xent: 2.32; lr: 0.00100; 59675/12787 tok/s;    964 sec
2021-10-05 01:18:51,092 INFO Loading dataset from data/v2/processed/SimQA.train.0.pt
2021-10-05 01:18:51,153 INFO number of examples: 3029
2021-10-05 01:18:52,960 INFO Step 6000/10000; acc:  39.68; ppl: 10.13; xent: 2.32; lr: 0.00100; 59764/12813 tok/s;    975 sec
2021-10-05 01:18:52,961 INFO MLE pre-trained model validation:
2021-10-05 01:18:52,962 INFO Loading dataset from data/v2/processed/SimQA.valid.0.pt
2021-10-05 01:18:52,971 INFO number of examples: 534
2021-10-05 01:20:01,963 INFO Validation metrics: Bleu: 0.0000,Correct answers 0.0000, State transitions score: 0.0000
2021-10-05 01:20:01,964 INFO Validation perplexity: 18.4045
2021-10-05 01:20:01,964 INFO Validation accuracy: 30.974
2021-10-05 01:20:01,984 INFO Saving checkpoint /home/nitai/SimQA/checkpoints/MLE_v2_step_6000.pt
2021-10-05 01:20:10,986 INFO Loading dataset from data/v2/processed/SimQA.train.0.pt
2021-10-05 01:20:11,044 INFO number of examples: 3029
2021-10-05 01:20:13,415 INFO Step 6100/10000; acc:  40.20; ppl:  9.91; xent: 2.29; lr: 0.00100; 8283/1791 tok/s;   1056 sec
2021-10-05 01:20:21,566 INFO Loading dataset from data/v2/processed/SimQA.train.0.pt
2021-10-05 01:20:21,622 INFO number of examples: 3029
2021-10-05 01:20:24,495 INFO Step 6200/10000; acc:  41.03; ppl:  9.74; xent: 2.28; lr: 0.00100; 59813/12928 tok/s;   1067 sec
2021-10-05 01:20:32,125 INFO Loading dataset from data/v2/processed/SimQA.train.0.pt
2021-10-05 01:20:32,182 INFO number of examples: 3029
2021-10-05 01:20:35,545 INFO Step 6300/10000; acc:  41.40; ppl:  9.63; xent: 2.26; lr: 0.00100; 59805/12908 tok/s;   1078 sec
2021-10-05 01:20:42,713 INFO Loading dataset from data/v2/processed/SimQA.train.0.pt
2021-10-05 01:20:42,770 INFO number of examples: 3029
2021-10-05 01:20:46,716 INFO Step 6400/10000; acc:  41.70; ppl:  9.43; xent: 2.24; lr: 0.00100; 59968/12863 tok/s;   1089 sec
2021-10-05 01:20:53,276 INFO Loading dataset from data/v2/processed/SimQA.train.0.pt
2021-10-05 01:20:53,390 INFO number of examples: 3029
2021-10-05 01:20:57,962 INFO Step 6500/10000; acc:  42.68; ppl:  9.31; xent: 2.23; lr: 0.00100; 59426/12761 tok/s;   1100 sec
2021-10-05 01:21:03,923 INFO Loading dataset from data/v2/processed/SimQA.train.0.pt
2021-10-05 01:21:03,975 INFO number of examples: 3029
2021-10-05 01:21:09,010 INFO Step 6600/10000; acc:  44.42; ppl:  8.98; xent: 2.19; lr: 0.00100; 60011/12928 tok/s;   1111 sec
2021-10-05 01:21:14,502 INFO Loading dataset from data/v2/processed/SimQA.train.0.pt
2021-10-05 01:21:14,569 INFO number of examples: 3029
2021-10-05 01:21:20,123 INFO Step 6700/10000; acc:  43.90; ppl:  9.00; xent: 2.20; lr: 0.00100; 59397/12827 tok/s;   1123 sec
2021-10-05 01:21:25,126 INFO Loading dataset from data/v2/processed/SimQA.train.0.pt
2021-10-05 01:21:25,184 INFO number of examples: 3029
2021-10-05 01:21:31,255 INFO Step 6800/10000; acc:  44.26; ppl:  8.78; xent: 2.17; lr: 0.00100; 59713/12900 tok/s;   1134 sec
2021-10-05 01:21:35,722 INFO Loading dataset from data/v2/processed/SimQA.train.0.pt
2021-10-05 01:21:35,845 INFO number of examples: 3029
2021-10-05 01:21:42,471 INFO Step 6900/10000; acc:  44.91; ppl:  8.72; xent: 2.17; lr: 0.00100; 59468/12803 tok/s;   1145 sec
2021-10-05 01:21:46,355 INFO Loading dataset from data/v2/processed/SimQA.train.0.pt
2021-10-05 01:21:46,410 INFO number of examples: 3029
2021-10-05 01:21:53,602 INFO Step 7000/10000; acc:  45.13; ppl:  8.57; xent: 2.15; lr: 0.00100; 60075/12904 tok/s;   1156 sec
2021-10-05 01:21:53,603 INFO MLE pre-trained model validation:
2021-10-05 01:21:53,604 INFO Loading dataset from data/v2/processed/SimQA.valid.0.pt
2021-10-05 01:21:53,613 INFO number of examples: 534
2021-10-05 01:23:08,352 INFO Validation metrics: Bleu: 0.0000,Correct answers 0.0000, State transitions score: 0.0000
2021-10-05 01:23:08,353 INFO Validation perplexity: 15.9058
2021-10-05 01:23:08,353 INFO Validation accuracy: 35.6064
2021-10-05 01:23:08,368 INFO Saving checkpoint /home/nitai/SimQA/checkpoints/MLE_v2_step_7000.pt
2021-10-05 01:23:11,871 INFO Loading dataset from data/v2/processed/SimQA.train.0.pt
2021-10-05 01:23:11,933 INFO number of examples: 3029
2021-10-05 01:23:19,792 INFO Step 7100/10000; acc:  44.83; ppl:  8.59; xent: 2.15; lr: 0.00100; 7702/1652 tok/s;   1242 sec
2021-10-05 01:23:22,491 INFO Loading dataset from data/v2/processed/SimQA.train.0.pt
2021-10-05 01:23:22,552 INFO number of examples: 3029
2021-10-05 01:23:30,982 INFO Step 7200/10000; acc:  46.47; ppl:  8.18; xent: 2.10; lr: 0.00100; 59374/12807 tok/s;   1253 sec
2021-10-05 01:23:33,172 INFO Loading dataset from data/v2/processed/SimQA.train.0.pt
2021-10-05 01:23:33,227 INFO number of examples: 3029
2021-10-05 01:23:42,194 INFO Step 7300/10000; acc:  46.56; ppl:  8.31; xent: 2.12; lr: 0.00100; 59472/12914 tok/s;   1265 sec
2021-10-05 01:23:43,795 INFO Loading dataset from data/v2/processed/SimQA.train.0.pt
2021-10-05 01:23:43,920 INFO number of examples: 3029
2021-10-05 01:23:53,375 INFO Step 7400/10000; acc:  46.93; ppl:  8.03; xent: 2.08; lr: 0.00100; 59509/12807 tok/s;   1276 sec
2021-10-05 01:23:54,415 INFO Loading dataset from data/v2/processed/SimQA.train.0.pt
2021-10-05 01:23:54,471 INFO number of examples: 3029
2021-10-05 01:24:04,538 INFO Step 7500/10000; acc:  46.39; ppl:  8.09; xent: 2.09; lr: 0.00100; 59698/12860 tok/s;   1287 sec
2021-10-05 01:24:05,031 INFO Loading dataset from data/v2/processed/SimQA.train.0.pt
2021-10-05 01:24:05,083 INFO number of examples: 3029
2021-10-05 01:24:15,602 INFO Step 7600/10000; acc:  48.30; ppl:  7.71; xent: 2.04; lr: 0.00100; 59732/12908 tok/s;   1298 sec
2021-10-05 01:24:15,603 INFO Loading dataset from data/v2/processed/SimQA.train.0.pt
2021-10-05 01:24:15,667 INFO number of examples: 3029
2021-10-05 01:24:26,213 INFO Loading dataset from data/v2/processed/SimQA.train.0.pt
2021-10-05 01:24:26,329 INFO number of examples: 3029
2021-10-05 01:24:26,935 INFO Step 7700/10000; acc:  47.87; ppl:  7.78; xent: 2.05; lr: 0.00100; 58944/12669 tok/s;   1309 sec
2021-10-05 01:24:36,862 INFO Loading dataset from data/v2/processed/SimQA.train.0.pt
2021-10-05 01:24:36,919 INFO number of examples: 3029
2021-10-05 01:24:38,123 INFO Step 7800/10000; acc:  48.58; ppl:  7.52; xent: 2.02; lr: 0.00100; 59917/12839 tok/s;   1321 sec
2021-10-05 01:24:47,421 INFO Loading dataset from data/v2/processed/SimQA.train.0.pt
2021-10-05 01:24:47,483 INFO number of examples: 3029
2021-10-05 01:24:49,291 INFO Step 7900/10000; acc:  48.82; ppl:  7.48; xent: 2.01; lr: 0.00100; 60058/12877 tok/s;   1332 sec
2021-10-05 01:24:58,037 INFO Loading dataset from data/v2/processed/SimQA.train.0.pt
2021-10-05 01:24:58,091 INFO number of examples: 3029
2021-10-05 01:25:00,475 INFO Step 8000/10000; acc:  49.02; ppl:  7.30; xent: 1.99; lr: 0.00100; 59586/12882 tok/s;   1343 sec
2021-10-05 01:25:00,476 INFO MLE pre-trained model validation:
2021-10-05 01:25:00,477 INFO Loading dataset from data/v2/processed/SimQA.valid.0.pt
2021-10-05 01:25:00,486 INFO number of examples: 534
2021-10-05 01:25:56,651 INFO Validation metrics: Bleu: 0.0000,Correct answers 0.0000, State transitions score: 0.0000
2021-10-05 01:25:56,652 INFO Validation perplexity: 13.604
2021-10-05 01:25:56,652 INFO Validation accuracy: 40.293
2021-10-05 01:25:56,667 INFO Saving checkpoint /home/nitai/SimQA/checkpoints/MLE_v2_step_8000.pt
2021-10-05 01:26:05,055 INFO Loading dataset from data/v2/processed/SimQA.train.0.pt
2021-10-05 01:26:05,190 INFO number of examples: 3029
2021-10-05 01:26:08,095 INFO Step 8100/10000; acc:  49.47; ppl:  7.23; xent: 1.98; lr: 0.00100; 9800/2118 tok/s;   1411 sec
2021-10-05 01:26:15,738 INFO Loading dataset from data/v2/processed/SimQA.train.0.pt
2021-10-05 01:26:15,794 INFO number of examples: 3029
2021-10-05 01:26:19,167 INFO Step 8200/10000; acc:  49.82; ppl:  7.09; xent: 1.96; lr: 0.00100; 59686/12882 tok/s;   1422 sec
2021-10-05 01:26:26,360 INFO Loading dataset from data/v2/processed/SimQA.train.0.pt
2021-10-05 01:26:26,413 INFO number of examples: 3029
2021-10-05 01:26:30,370 INFO Step 8300/10000; acc:  49.92; ppl:  7.07; xent: 1.96; lr: 0.00100; 59793/12825 tok/s;   1433 sec
2021-10-05 01:26:36,906 INFO Loading dataset from data/v2/processed/SimQA.train.0.pt
2021-10-05 01:26:36,964 INFO number of examples: 3029
2021-10-05 01:26:41,504 INFO Step 8400/10000; acc:  49.84; ppl:  7.00; xent: 1.95; lr: 0.00100; 60029/12891 tok/s;   1444 sec
2021-10-05 01:26:47,492 INFO Loading dataset from data/v2/processed/SimQA.train.0.pt
2021-10-05 01:26:47,549 INFO number of examples: 3029
2021-10-05 01:26:52,674 INFO Step 8500/10000; acc:  50.17; ppl:  6.92; xent: 1.93; lr: 0.00100; 59352/12786 tok/s;   1455 sec
2021-10-05 01:26:58,151 INFO Loading dataset from data/v2/processed/SimQA.train.0.pt
2021-10-05 01:26:58,213 INFO number of examples: 3029
2021-10-05 01:27:03,753 INFO Step 8600/10000; acc:  50.53; ppl:  6.80; xent: 1.92; lr: 0.00100; 59582/12866 tok/s;   1466 sec
2021-10-05 01:27:08,773 INFO Loading dataset from data/v2/processed/SimQA.train.0.pt
2021-10-05 01:27:08,830 INFO number of examples: 3029
2021-10-05 01:27:14,902 INFO Step 8700/10000; acc:  50.49; ppl:  6.77; xent: 1.91; lr: 0.00100; 59617/12879 tok/s;   1477 sec
2021-10-05 01:27:19,358 INFO Loading dataset from data/v2/processed/SimQA.train.0.pt
2021-10-05 01:27:19,416 INFO number of examples: 3029
2021-10-05 01:27:26,036 INFO Step 8800/10000; acc:  50.54; ppl:  6.70; xent: 1.90; lr: 0.00100; 59906/12897 tok/s;   1489 sec
2021-10-05 01:27:29,944 INFO Loading dataset from data/v2/processed/SimQA.train.0.pt
2021-10-05 01:27:30,001 INFO number of examples: 3029
2021-10-05 01:27:37,178 INFO Step 8900/10000; acc:  50.78; ppl:  6.62; xent: 1.89; lr: 0.00100; 60018/12891 tok/s;   1500 sec
2021-10-05 01:27:40,509 INFO Loading dataset from data/v2/processed/SimQA.train.0.pt
2021-10-05 01:27:40,630 INFO number of examples: 3029
2021-10-05 01:27:48,466 INFO Step 9000/10000; acc:  50.83; ppl:  6.61; xent: 1.89; lr: 0.00100; 58818/12613 tok/s;   1511 sec
2021-10-05 01:27:48,467 INFO MLE pre-trained model validation:
2021-10-05 01:27:48,468 INFO Loading dataset from data/v2/processed/SimQA.valid.0.pt
2021-10-05 01:27:48,477 INFO number of examples: 534
2021-10-05 01:28:28,727 INFO Validation metrics: Bleu: 0.0001,Correct answers 0.0000, State transitions score: 0.0011
2021-10-05 01:28:28,728 INFO Validation perplexity: 11.5413
2021-10-05 01:28:28,728 INFO Validation accuracy: 43.0891
2021-10-05 01:28:28,749 INFO Saving checkpoint /home/nitai/SimQA/checkpoints/MLE_v2_step_9000.pt
2021-10-05 01:28:31,647 INFO Loading dataset from data/v2/processed/SimQA.train.0.pt
2021-10-05 01:28:31,786 INFO number of examples: 3029
2021-10-05 01:28:40,157 INFO Step 9100/10000; acc:  51.35; ppl:  6.48; xent: 1.87; lr: 0.00100; 12852/2772 tok/s;   1563 sec
2021-10-05 01:28:42,353 INFO Loading dataset from data/v2/processed/SimQA.train.0.pt
2021-10-05 01:28:42,410 INFO number of examples: 3029
2021-10-05 01:28:51,305 INFO Step 9200/10000; acc:  51.22; ppl:  6.48; xent: 1.87; lr: 0.00100; 59811/12988 tok/s;   1574 sec
2021-10-05 01:28:52,902 INFO Loading dataset from data/v2/processed/SimQA.train.0.pt
2021-10-05 01:28:52,959 INFO number of examples: 3029
2021-10-05 01:29:02,421 INFO Step 9300/10000; acc:  51.63; ppl:  6.34; xent: 1.85; lr: 0.00100; 59856/12881 tok/s;   1585 sec
2021-10-05 01:29:03,478 INFO Loading dataset from data/v2/processed/SimQA.train.0.pt
2021-10-05 01:29:03,531 INFO number of examples: 3029
2021-10-05 01:29:13,580 INFO Step 9400/10000; acc:  51.82; ppl:  6.32; xent: 1.84; lr: 0.00100; 59719/12864 tok/s;   1596 sec
2021-10-05 01:29:14,069 INFO Loading dataset from data/v2/processed/SimQA.train.0.pt
2021-10-05 01:29:14,192 INFO number of examples: 3029
2021-10-05 01:29:24,712 INFO Step 9500/10000; acc:  52.11; ppl:  6.18; xent: 1.82; lr: 0.00100; 59369/12830 tok/s;   1607 sec
2021-10-05 01:29:24,713 INFO Loading dataset from data/v2/processed/SimQA.train.0.pt
2021-10-05 01:29:24,766 INFO number of examples: 3029
2021-10-05 01:29:35,298 INFO Loading dataset from data/v2/processed/SimQA.train.0.pt
2021-10-05 01:29:35,357 INFO number of examples: 3029
2021-10-05 01:29:35,955 INFO Step 9600/10000; acc:  52.06; ppl:  6.21; xent: 1.83; lr: 0.00100; 59414/12770 tok/s;   1618 sec
2021-10-05 01:29:45,867 INFO Loading dataset from data/v2/processed/SimQA.train.0.pt
2021-10-05 01:29:45,925 INFO number of examples: 3029
2021-10-05 01:29:47,124 INFO Step 9700/10000; acc:  52.41; ppl:  6.09; xent: 1.81; lr: 0.00100; 60021/12861 tok/s;   1630 sec
2021-10-05 01:29:56,438 INFO Loading dataset from data/v2/processed/SimQA.train.0.pt
2021-10-05 01:29:56,496 INFO number of examples: 3029
2021-10-05 01:29:58,310 INFO Step 9800/10000; acc:  52.50; ppl:  6.09; xent: 1.81; lr: 0.00100; 59963/12856 tok/s;   1641 sec
2021-10-05 01:30:07,037 INFO Loading dataset from data/v2/processed/SimQA.train.0.pt
2021-10-05 01:30:07,162 INFO number of examples: 3029
2021-10-05 01:30:09,516 INFO Step 9900/10000; acc:  52.63; ppl:  5.98; xent: 1.79; lr: 0.00100; 59468/12857 tok/s;   1652 sec
2021-10-05 01:30:17,705 INFO Loading dataset from data/v2/processed/SimQA.train.0.pt
2021-10-05 01:30:17,760 INFO number of examples: 3029
2021-10-05 01:30:20,641 INFO Step 10000/10000; acc:  53.10; ppl:  5.94; xent: 1.78; lr: 0.00100; 59565/12875 tok/s;   1663 sec
2021-10-05 01:30:20,642 INFO MLE pre-trained model validation:
2021-10-05 01:30:20,643 INFO Loading dataset from data/v2/processed/SimQA.valid.0.pt
2021-10-05 01:30:20,652 INFO number of examples: 534
2021-10-05 01:31:07,477 INFO Validation metrics: Bleu: 0.0001,Correct answers 0.0000, State transitions score: 0.0011
2021-10-05 01:31:07,478 INFO Validation perplexity: 9.83231
2021-10-05 01:31:07,478 INFO Validation accuracy: 45.2383
2021-10-05 01:31:07,499 INFO Saving checkpoint /home/nitai/SimQA/checkpoints/MLE_v2_step_10000.pt
